#
# A fatal error has been detected by the Java Runtime Environment:
#
#  EXCEPTION_ACCESS_VIOLATION (0xc0000005) at pc=0x00007ffd2a9e79ce, pid=1144, tid=6252
#
# JRE version: Java(TM) SE Runtime Environment (8.0_25-b18) (build 1.8.0_25-b18)
# Java VM: Java HotSpot(TM) 64-Bit Server VM (25.25-b02 mixed mode windows-amd64 compressed oops)
# Problematic frame:
# C  [ig75icd64.dll+0x2279ce]
#
# Failed to write core dump. Minidumps are not enabled by default on client versions of Windows
#
# If you would like to submit a bug report, please visit:
#   http://bugreport.sun.com/bugreport/crash.jsp
# The crash happened outside the Java Virtual Machine in native code.
# See problematic frame for where to report the bug.
#

---------------  T H R E A D  ---------------

Current thread (0x00000000027f2800):  JavaThread "Client thread" [_thread_in_native, id=6252, stack(0x00000000026f0000,0x00000000027f0000)]

siginfo: ExceptionCode=0xc0000005, reading address 0x0000000000000008

Registers:
RAX=0x0000000066f2ffb0, RBX=0x0000000066f30570, RCX=0x0000000000000000, RDX=0x0000000000000000
RSP=0x00000000027ec110, RBP=0x00000000027ec210, RSI=0x00000000009343c0, RDI=0x0000000068409000
R8 =0x0000000000d42280, R9 =0x0000000000000000, R10=0x0000000000000000, R11=0x0000000000000064
R12=0x00000000027ecc70, R13=0x000000000000b4f0, R14=0x000000000000b4f0, R15=0x000000000000000c
RIP=0x00007ffd2a9e79ce, EFLAGS=0x0000000000010206

Top of Stack: (sp=0x00000000027ec110)
0x00000000027ec110:   0000000066f30570 00000000009343c0
0x00000000027ec120:   00000000009343c0 0000000000000002
0x00000000027ec130:   0000000000000000 0000000000000018
0x00000000027ec140:   00000000656e2000 0000000000000000
0x00000000027ec150:   0000001400000002 0000001000010000
0x00000000027ec160:   0000000000000000 00000000027ecc70
0x00000000027ec170:   0000001000000001 0000000000000000
0x00000000027ec180:   0000000000908961 00000000656f390c
0x00000000027ec190:   0000002400000000 0000000000000012
0x00000000027ec1a0:   0000000000959ba0 000000000000000b
0x00000000027ec1b0:   0000000000000001 0000000000000000
0x00000000027ec1c0:   0000001400000002 00000000656f3a30
0x00000000027ec1d0:   0000000000959c10 0000000000000002
0x00000000027ec1e0:   0000000077700aec 00000000656f38f8
0x00000000027ec1f0:   0000000000000000 0000000077520a70
0x00000000027ec200:   0000000000000000 0000000000000000 

Instructions: (pc=0x00007ffd2a9e79ce)
0x00007ffd2a9e79ae:   8b 3b 48 8b 45 90 48 8b 00 48 89 85 e8 0d 00 00
0x00007ffd2a9e79be:   8b 43 08 41 89 44 24 0c 48 8b 43 28 48 8b 48 20
0x00007ffd2a9e79ce:   48 8b 49 08 e8 e9 04 35 00 41 89 44 24 08 48 8b
0x00007ffd2a9e79de:   43 28 48 8b 48 20 49 89 0c 24 44 8b 85 e0 0d 00 


Register to memory mapping:

RAX=0x0000000066f2ffb0 is an unknown value
RBX=0x0000000066f30570 is an unknown value
RCX=0x0000000000000000 is an unknown value
RDX=0x0000000000000000 is an unknown value
RSP=0x00000000027ec110 is pointing into the stack for thread: 0x00000000027f2800
RBP=0x00000000027ec210 is pointing into the stack for thread: 0x00000000027f2800
RSI=0x00000000009343c0 is an unknown value
RDI=0x0000000068409000 is an unknown value
R8 =0x0000000000d42280 is an unknown value
R9 =0x0000000000000000 is an unknown value
R10=0x0000000000000000 is an unknown value
R11=0x0000000000000064 is an unknown value
R12=0x00000000027ecc70 is pointing into the stack for thread: 0x00000000027f2800
R13=0x000000000000b4f0 is an unknown value
R14=0x000000000000b4f0 is an unknown value
R15=0x000000000000000c is an unknown value


Stack: [0x00000000026f0000,0x00000000027f0000],  sp=0x00000000027ec110,  free space=1008k
Native frames: (J=compiled Java code, j=interpreted, Vv=VM code, C=native code)
C  [ig75icd64.dll+0x2279ce]
C  [ig75icd64.dll+0x233c83]
C  [ig75icd64.dll+0x2e7e7b]
C  [ig75icd64.dll+0x2e78c7]
C  [ig75icd64.dll+0x2eb2e4]
C  [ig75icd64.dll+0x4b1873]
C  [ig75icd64.dll+0x6f45f5]
C  [ig75icd64.dll+0x4f196b]
C  [ig75icd64.dll+0x4f1aac]
C  0x00000000035b218a

Java frames: (J=compiled Java code, j=interpreted, Vv=VM code)
J 6639  org.lwjgl.opengl.GL11.nglCallList(IJ)V (0 bytes) @ 0x00000000035b2104 [0x00000000035b20c0+0x44]
J 7989 C2 bfr.a(Ladf;DILpk;)I (395 bytes) @ 0x0000000003efda4c [0x0000000003efc3c0+0x168c]
J 11132 C2 bfk.a(IFJ)V (1239 bytes) @ 0x00000000047c8d34 [0x00000000047c7460+0x18d4]
J 11964 C2 bfk.a(FJ)V (858 bytes) @ 0x00000000048ada04 [0x00000000048ad000+0xa04]
J 11957 C2 ave.av()V (965 bytes) @ 0x0000000004893448 [0x00000000048926c0+0xd88]
J 12902% C2 ave.a()V (211 bytes) @ 0x0000000003b5dbf8 [0x0000000003b5dba0+0x58]
j  net.minecraft.client.main.Main.main([Ljava/lang/String;)V+1068
v  ~StubRoutines::call_stub

---------------  P R O C E S S  ---------------

Java Threads: ( => current thread )
  0x000000007181f800 JavaThread "File IO Thread" [_thread_blocked, id=2456, stack(0x000000007f950000,0x000000007fa50000)]
  0x0000000071e9b800 JavaThread "Netty Server IO #1" daemon [_thread_in_native, id=5088, stack(0x000000007ea30000,0x000000007eb30000)]
  0x0000000071ea1000 JavaThread "Netty Local Client IO #0" daemon [_thread_blocked, id=5712, stack(0x000000007e690000,0x000000007e790000)]
  0x0000000071e9e800 JavaThread "Netty Server IO #0" daemon [_thread_in_native, id=4844, stack(0x000000007e590000,0x000000007e690000)]
  0x0000000071e9e000 JavaThread "Server thread" [_thread_blocked, id=3340, stack(0x000000007e290000,0x000000007e390000)]
  0x0000000071e9c800 JavaThread "Snooper Timer" daemon [_thread_blocked, id=1184, stack(0x00000000777e0000,0x00000000778e0000)]
  0x0000000071e9b000 JavaThread "LWJGL Timer" daemon [_thread_blocked, id=8152, stack(0x0000000070730000,0x0000000070830000)]
  0x0000000071e9d000 JavaThread "Chunk Batcher 1" daemon [_thread_blocked, id=936, stack(0x000000006bfa0000,0x000000006c0a0000)]
  0x000000006da47800 JavaThread "Chunk Batcher 0" daemon [_thread_blocked, id=2644, stack(0x000000006b640000,0x000000006b740000)]
  0x0000000020361000 JavaThread "Thread-7" [_thread_blocked, id=8008, stack(0x000000006bad0000,0x000000006bbd0000)]
  0x000000001fcd4000 JavaThread "Thread-6" [_thread_blocked, id=5412, stack(0x000000006b7d0000,0x000000006b8d0000)]
  0x000000001fcf8000 JavaThread "Java2D Disposer" daemon [_thread_blocked, id=6128, stack(0x00000000228f0000,0x00000000229f0000)]
  0x00000000203c0000 JavaThread "Timer hack thread" daemon [_thread_blocked, id=1436, stack(0x00000000227f0000,0x00000000228f0000)]
  0x000000001f6b7800 JavaThread "Snooper Timer" daemon [_thread_blocked, id=2392, stack(0x0000000021020000,0x0000000021120000)]
  0x000000001e4cd800 JavaThread "Service Thread" daemon [_thread_blocked, id=5536, stack(0x000000001ee10000,0x000000001ef10000)]
  0x000000001e444800 JavaThread "C1 CompilerThread3" daemon [_thread_blocked, id=7692, stack(0x000000001ed10000,0x000000001ee10000)]
  0x000000001e441800 JavaThread "C2 CompilerThread2" daemon [_thread_blocked, id=8060, stack(0x000000001ec10000,0x000000001ed10000)]
  0x000000001e43d800 JavaThread "C2 CompilerThread1" daemon [_thread_blocked, id=764, stack(0x000000001eb10000,0x000000001ec10000)]
  0x000000001e438800 JavaThread "C2 CompilerThread0" daemon [_thread_blocked, id=716, stack(0x000000001ea10000,0x000000001eb10000)]
  0x000000001e434800 JavaThread "Attach Listener" daemon [_thread_blocked, id=724, stack(0x000000001e910000,0x000000001ea10000)]
  0x000000001c41e800 JavaThread "Signal Dispatcher" daemon [_thread_blocked, id=6788, stack(0x000000001e810000,0x000000001e910000)]
  0x00000000028e9800 JavaThread "Finalizer" daemon [_thread_blocked, id=6388, stack(0x000000001e310000,0x000000001e410000)]
  0x00000000028e3000 JavaThread "Reference Handler" daemon [_thread_blocked, id=6396, stack(0x000000001e210000,0x000000001e310000)]
=>0x00000000027f2800 JavaThread "Client thread" [_thread_in_native, id=6252, stack(0x00000000026f0000,0x00000000027f0000)]

Other Threads:
  0x000000001c406800 VMThread [stack: 0x000000001e110000,0x000000001e210000] [id=6276]
  0x000000001e4d0000 WatcherThread [stack: 0x000000001ef10000,0x000000001f010000] [id=2396]

VM state:not at safepoint (normal execution)

VM Mutex/Monitor currently owned by a thread: None

Heap:
 PSYoungGen      total 1352192K, used 883163K [0x000000076ab00000, 0x00000007c0000000, 0x00000007c0000000)
  eden space 1305600K, 65% used [0x000000076ab00000,0x000000079edf37d8,0x00000007ba600000)
  from space 46592K, 60% used [0x00000007bd280000,0x00000007bee03710,0x00000007c0000000)
  to   space 45568K, 0% used [0x00000007ba600000,0x00000007ba600000,0x00000007bd280000)
 ParOldGen       total 2796544K, used 2079327K [0x00000006c0000000, 0x000000076ab00000, 0x000000076ab00000)
  object space 2796544K, 74% used [0x00000006c0000000,0x000000073ee97f60,0x000000076ab00000)
 Metaspace       used 40320K, capacity 40693K, committed 40832K, reserved 1085440K
  class space    used 4562K, capacity 4655K, committed 4736K, reserved 1048576K

Card table byte_map: [0x0000000011cb0000,0x00000000124c0000] byte_map_base: 0x000000000e6b0000

Marking Bits: (ParMarkBitMap*) 0x0000000067a0d490
 Begin Bits: [0x0000000013220000, 0x0000000017220000)
 End Bits:   [0x0000000017220000, 0x000000001b220000)

Polling page: 0x0000000000e30000

CodeCache: size=245760Kb used=33798Kb max_used=34541Kb free=211961Kb
 bounds [0x00000000028f0000, 0x0000000004b00000, 0x00000000118f0000]
 total_blobs=9367 nmethods=8517 adapters=758
 compilation: enabled

Compilation events (10 events):
Event: 18911.402 Thread 0x000000001e444800 13810       3       java.lang.Thread::checkAccess (14 bytes)
Event: 18911.404 Thread 0x000000001e444800 nmethod 13810 0x00000000031a99d0 code [0x00000000031a9b80, 0x00000000031aa138]
Event: 19047.843 Thread 0x000000001e444800 13811       3       pr::bH (13 bytes)
Event: 19047.844 Thread 0x000000001e444800 nmethod 13811 0x0000000003b27250 code [0x0000000003b273c0, 0x0000000003b27530]
Event: 19073.717 Thread 0x000000001e441800 13812       4       we$a::<init> (8 bytes)
Event: 19073.718 Thread 0x000000001e441800 nmethod 13812 0x0000000003c7b690 code [0x0000000003c7b7c0, 0x0000000003c7b838]
Event: 19140.627 Thread 0x000000001e43d800 13813 % !   4       mv::a @ 20 (222 bytes)
Event: 19140.816 Thread 0x000000001e43d800 nmethod 13813% 0x0000000004a57750 code [0x0000000004a57ac0, 0x0000000004a5a340]
Event: 19258.669 Thread 0x000000001e444800 13814       3       wb::bB (10 bytes)
Event: 19258.669 Thread 0x000000001e444800 nmethod 13814 0x000000000418ab90 code [0x000000000418ad40, 0x000000000418b1c8]

GC Heap History (10 events):
Event: 19329.404 GC heap before
{Heap before GC invocations=1914 (full 4):
 PSYoungGen      total 1349632K, used 1328429K [0x000000076ab00000, 0x00000007c0000000, 0x00000007c0000000)
  eden space 1302016K, 100% used [0x000000076ab00000,0x00000007ba280000,0x00000007ba280000)
  from space 47616K, 55% used [0x00000007ba280000,0x00000007bbc4b710,0x00000007bd100000)
  to   space 47104K, 0% used [0x00000007bd200000,0x00000007bd200000,0x00000007c0000000)
 ParOldGen       total 2796544K, used 2078723K [0x00000006c0000000, 0x000000076ab00000, 0x000000076ab00000)
  object space 2796544K, 74% used [0x00000006c0000000,0x000000073ee00f30,0x000000076ab00000)
 Metaspace       used 40320K, capacity 40693K, committed 40832K, reserved 1085440K
  class space    used 4562K, capacity 4655K, committed 4736K, reserved 1048576K
Event: 19329.432 GC heap after
Heap after GC invocations=1914 (full 4):
 PSYoungGen      total 1351168K, used 23661K [0x000000076ab00000, 0x00000007c0000000, 0x00000007c0000000)
  eden space 1304064K, 0% used [0x000000076ab00000,0x000000076ab00000,0x00000007ba480000)
  from space 47104K, 50% used [0x00000007bd200000,0x00000007be91b700,0x00000007c0000000)
  to   space 46592K, 0% used [0x00000007ba480000,0x00000007ba480000,0x00000007bd200000)
 ParOldGen       total 2796544K, used 2078819K [0x00000006c0000000, 0x000000076ab00000, 0x000000076ab00000)
  object space 2796544K, 74% used [0x00000006c0000000,0x000000073ee18f30,0x000000076ab00000)
 Metaspace       used 40320K, capacity 40693K, committed 40832K, reserved 1085440K
  class space    used 4562K, capacity 4655K, committed 4736K, reserved 1048576K
}
Event: 19341.596 GC heap before
{Heap before GC invocations=1915 (full 4):
 PSYoungGen      total 1351168K, used 1327725K [0x000000076ab00000, 0x00000007c0000000, 0x00000007c0000000)
  eden space 1304064K, 100% used [0x000000076ab00000,0x00000007ba480000,0x00000007ba480000)
  from space 47104K, 50% used [0x00000007bd200000,0x00000007be91b700,0x00000007c0000000)
  to   space 46592K, 0% used [0x00000007ba480000,0x00000007ba480000,0x00000007bd200000)
 ParOldGen       total 2796544K, used 2078819K [0x00000006c0000000, 0x000000076ab00000, 0x000000076ab00000)
  object space 2796544K, 74% used [0x00000006c0000000,0x000000073ee18f30,0x000000076ab00000)
 Metaspace       used 40320K, capacity 40693K, committed 40832K, reserved 1085440K
  class space    used 4562K, capacity 4655K, committed 4736K, reserved 1048576K
Event: 19341.620 GC heap after
Heap after GC invocations=1915 (full 4):
 PSYoungGen      total 1350656K, used 25101K [0x000000076ab00000, 0x00000007c0000000, 0x00000007c0000000)
  eden space 1304064K, 0% used [0x000000076ab00000,0x000000076ab00000,0x00000007ba480000)
  from space 46592K, 53% used [0x00000007ba480000,0x00000007bbd03700,0x00000007bd200000)
  to   space 46080K, 0% used [0x00000007bd300000,0x00000007bd300000,0x00000007c0000000)
 ParOldGen       total 2796544K, used 2078883K [0x00000006c0000000, 0x000000076ab00000, 0x000000076ab00000)
  object space 2796544K, 74% used [0x00000006c0000000,0x000000073ee28f30,0x000000076ab00000)
 Metaspace       used 40320K, capacity 40693K, committed 40832K, reserved 1085440K
  class space    used 4562K, capacity 4655K, committed 4736K, reserved 1048576K
}
Event: 19348.873 GC heap before
{Heap before GC invocations=1916 (full 4):
 PSYoungGen      total 1350656K, used 1329165K [0x000000076ab00000, 0x00000007c0000000, 0x00000007c0000000)
  eden space 1304064K, 100% used [0x000000076ab00000,0x00000007ba480000,0x00000007ba480000)
  from space 46592K, 53% used [0x00000007ba480000,0x00000007bbd03700,0x00000007bd200000)
  to   space 46080K, 0% used [0x00000007bd300000,0x00000007bd300000,0x00000007c0000000)
 ParOldGen       total 2796544K, used 2078883K [0x00000006c0000000, 0x000000076ab00000, 0x000000076ab00000)
  object space 2796544K, 74% used [0x00000006c0000000,0x000000073ee28f30,0x000000076ab00000)
 Metaspace       used 40320K, capacity 40693K, committed 40832K, reserved 1085440K
  class space    used 4562K, capacity 4655K, committed 4736K, reserved 1048576K
Event: 19348.903 GC heap after
Heap after GC invocations=1916 (full 4):
 PSYoungGen      total 1347584K, used 39244K [0x000000076ab00000, 0x00000007c0000000, 0x00000007c0000000)
  eden space 1301504K, 0% used [0x000000076ab00000,0x000000076ab00000,0x00000007ba200000)
  from space 46080K, 85% used [0x00000007bd300000,0x00000007bf953120,0x00000007c0000000)
  to   space 48128K, 0% used [0x00000007ba200000,0x00000007ba200000,0x00000007bd100000)
 ParOldGen       total 2796544K, used 2079119K [0x00000006c0000000, 0x000000076ab00000, 0x000000076ab00000)
  object space 2796544K, 74% used [0x00000006c0000000,0x000000073ee63f40,0x000000076ab00000)
 Metaspace       used 40320K, capacity 40693K, committed 40832K, reserved 1085440K
  class space    used 4562K, capacity 4655K, committed 4736K, reserved 1048576K
}
Event: 19359.999 GC heap before
{Heap before GC invocations=1917 (full 4):
 PSYoungGen      total 1347584K, used 1340748K [0x000000076ab00000, 0x00000007c0000000, 0x00000007c0000000)
  eden space 1301504K, 100% used [0x000000076ab00000,0x00000007ba200000,0x00000007ba200000)
  from space 46080K, 85% used [0x00000007bd300000,0x00000007bf953120,0x00000007c0000000)
  to   space 48128K, 0% used [0x00000007ba200000,0x00000007ba200000,0x00000007bd100000)
 ParOldGen       total 2796544K, used 2079119K [0x00000006c0000000, 0x000000076ab00000, 0x000000076ab00000)
  object space 2796544K, 74% used [0x00000006c0000000,0x000000073ee63f40,0x000000076ab00000)
 Metaspace       used 40320K, capacity 40693K, committed 40832K, reserved 1085440K
  class space    used 4562K, capacity 4655K, committed 4736K, reserved 1048576K
Event: 19360.028 GC heap after
Heap after GC invocations=1917 (full 4):
 PSYoungGen      total 1349632K, used 27341K [0x000000076ab00000, 0x00000007c0000000, 0x00000007c0000000)
  eden space 1301504K, 0% used [0x000000076ab00000,0x000000076ab00000,0x00000007ba200000)
  from space 48128K, 56% used [0x00000007ba200000,0x00000007bbcb3710,0x00000007bd100000)
  to   space 46592K, 0% used [0x00000007bd280000,0x00000007bd280000,0x00000007c0000000)
 ParOldGen       total 2796544K, used 2079311K [0x00000006c0000000, 0x000000076ab00000, 0x000000076ab00000)
  object space 2796544K, 74% used [0x00000006c0000000,0x000000073ee93f60,0x000000076ab00000)
 Metaspace       used 40320K, capacity 40693K, committed 40832K, reserved 1085440K
  class space    used 4562K, capacity 4655K, committed 4736K, reserved 1048576K
}
Event: 19372.611 GC heap before
{Heap before GC invocations=1918 (full 4):
 PSYoungGen      total 1349632K, used 1328845K [0x000000076ab00000, 0x00000007c0000000, 0x00000007c0000000)
  eden space 1301504K, 100% used [0x000000076ab00000,0x00000007ba200000,0x00000007ba200000)
  from space 48128K, 56% used [0x00000007ba200000,0x00000007bbcb3710,0x00000007bd100000)
  to   space 46592K, 0% used [0x00000007bd280000,0x00000007bd280000,0x00000007c0000000)
 ParOldGen       total 2796544K, used 2079311K [0x00000006c0000000, 0x000000076ab00000, 0x000000076ab00000)
  object space 2796544K, 74% used [0x00000006c0000000,0x000000073ee93f60,0x000000076ab00000)
 Metaspace       used 40320K, capacity 40693K, committed 40832K, reserved 1085440K
  class space    used 4562K, capacity 4655K, committed 4736K, reserved 1048576K
Event: 19372.632 GC heap after
Heap after GC invocations=1918 (full 4):
 PSYoungGen      total 1352192K, used 28173K [0x000000076ab00000, 0x00000007c0000000, 0x00000007c0000000)
  eden space 1305600K, 0% used [0x000000076ab00000,0x000000076ab00000,0x00000007ba600000)
  from space 46592K, 60% used [0x00000007bd280000,0x00000007bee03710,0x00000007c0000000)
  to   space 45568K, 0% used [0x00000007ba600000,0x00000007ba600000,0x00000007bd280000)
 ParOldGen       total 2796544K, used 2079327K [0x00000006c0000000, 0x000000076ab00000, 0x000000076ab00000)
  object space 2796544K, 74% used [0x00000006c0000000,0x000000073ee97f60,0x000000076ab00000)
 Metaspace       used 40320K, capacity 40693K, committed 40832K, reserved 1085440K
  class space    used 4562K, capacity 4655K, committed 4736K, reserved 1048576K
}

Deoptimization events (10 events):
Event: 14149.198 Thread 0x0000000071e9e000 Uncommon trap: reason=class_check action=maybe_recompile pc=0x00000000044baa4c method=adm.b(Lcj;Lafh;)V @ 4
Event: 14500.049 Thread 0x0000000071e9e000 Uncommon trap: reason=unreached action=reinterpret pc=0x000000000431a8ec method=ata.a(Ladq;Lpk;IIIIIIZZZ)I @ 271
Event: 14975.424 Thread 0x0000000071e9e000 Uncommon trap: reason=class_check action=maybe_recompile pc=0x00000000048d5364 method=als.e(Ladm;Lcj;Lalz;)V @ 74
Event: 14975.424 Thread 0x0000000071e9e000 Uncommon trap: reason=class_check action=maybe_recompile pc=0x00000000048d5364 method=als.e(Ladm;Lcj;Lalz;)V @ 74
Event: 16790.335 Thread 0x0000000071e9e000 Uncommon trap: reason=class_check action=maybe_recompile pc=0x000000000455e898 method=aja.f(Ladm;Lcj;)V @ 77
Event: 16790.377 Thread 0x0000000071e9e000 Uncommon trap: reason=unreached action=reinterpret pc=0x00000000043f1fd8 method=sv.p()I @ 92
Event: 16858.143 Thread 0x0000000071e9e000 Uncommon trap: reason=bimorphic action=maybe_recompile pc=0x0000000004303d2c method=pr.e(FF)V @ 54
Event: 17024.795 Thread 0x00000000027f2800 Uncommon trap: reason=class_check action=maybe_recompile pc=0x0000000003047218 method=java.lang.AbstractStringBuilder.append(Ljava/lang/CharSequence;)Ljava/lang/AbstractStringBuilder; @ 37
Event: 17024.796 Thread 0x00000000027f2800 Uncommon trap: reason=class_check action=maybe_recompile pc=0x0000000003047218 method=java.lang.AbstractStringBuilder.append(Ljava/lang/CharSequence;)Ljava/lang/AbstractStringBuilder; @ 37
Event: 17024.796 Thread 0x00000000027f2800 Uncommon trap: reason=class_check action=maybe_recompile pc=0x0000000003047218 method=java.lang.AbstractStringBuilder.append(Ljava/lang/CharSequence;)Ljava/lang/AbstractStringBuilder; @ 37

Internal exceptions (10 events):
Event: 19380.579 Thread 0x000000001fcd4000 Exception <a 'java/lang/InterruptedException': sleep interrupted> (0x000000079d4e6680) thrown at [D:\re\workspace\8-2-build-windows-amd64-cygwin\jdk8u25\1677\hotspot\src\share\vm\prims\jvm.cpp, line 3093]
Event: 19380.579 Thread 0x000000001fcd4000 Exception <a 'java/lang/InterruptedException': sleep interrupted> (0x000000079d4e73a0) thrown at [D:\re\workspace\8-2-build-windows-amd64-cygwin\jdk8u25\1677\hotspot\src\share\vm\prims\jvm.cpp, line 3093]
Event: 19380.579 Thread 0x000000001fcd4000 Exception <a 'java/lang/InterruptedException': sleep interrupted> (0x000000079d4e75a0) thrown at [D:\re\workspace\8-2-build-windows-amd64-cygwin\jdk8u25\1677\hotspot\src\share\vm\prims\jvm.cpp, line 3141]
Event: 19380.579 Thread 0x000000001fcd4000 Exception <a 'java/lang/InterruptedException': sleep interrupted> (0x000000079d4e82c0) thrown at [D:\re\workspace\8-2-build-windows-amd64-cygwin\jdk8u25\1677\hotspot\src\share\vm\prims\jvm.cpp, line 3141]
Event: 19380.579 Thread 0x000000001fcd4000 Exception <a 'java/lang/InterruptedException': sleep interrupted> (0x000000079d4ea630) thrown at [D:\re\workspace\8-2-build-windows-amd64-cygwin\jdk8u25\1677\hotspot\src\share\vm\prims\jvm.cpp, line 3093]
Event: 19380.579 Thread 0x000000001fcd4000 Exception <a 'java/lang/InterruptedException': sleep interrupted> (0x000000079d4ea830) thrown at [D:\re\workspace\8-2-build-windows-amd64-cygwin\jdk8u25\1677\hotspot\src\share\vm\prims\jvm.cpp, line 3141]
Event: 19380.579 Thread 0x000000001fcd4000 Exception <a 'java/lang/InterruptedException': sleep interrupted> (0x000000079d4eb550) thrown at [D:\re\workspace\8-2-build-windows-amd64-cygwin\jdk8u25\1677\hotspot\src\share\vm\prims\jvm.cpp, line 3141]
Event: 19380.579 Thread 0x000000001fcd4000 Exception <a 'java/lang/InterruptedException': sleep interrupted> (0x000000079d4ece40) thrown at [D:\re\workspace\8-2-build-windows-amd64-cygwin\jdk8u25\1677\hotspot\src\share\vm\prims\jvm.cpp, line 3093]
Event: 19380.579 Thread 0x000000001fcd4000 Exception <a 'java/lang/InterruptedException': sleep interrupted> (0x000000079d4ed040) thrown at [D:\re\workspace\8-2-build-windows-amd64-cygwin\jdk8u25\1677\hotspot\src\share\vm\prims\jvm.cpp, line 3141]
Event: 19380.580 Thread 0x000000001fcd4000 Exception <a 'java/lang/InterruptedException': sleep interrupted> (0x000000079d4edd60) thrown at [D:\re\workspace\8-2-build-windows-amd64-cygwin\jdk8u25\1677\hotspot\src\share\vm\prims\jvm.cpp, line 3141]

Events (10 events):
Event: 19329.404 Executing VM operation: ParallelGCFailedAllocation
Event: 19329.432 Executing VM operation: ParallelGCFailedAllocation done
Event: 19341.596 Executing VM operation: ParallelGCFailedAllocation
Event: 19341.621 Executing VM operation: ParallelGCFailedAllocation done
Event: 19348.873 Executing VM operation: ParallelGCFailedAllocation
Event: 19348.903 Executing VM operation: ParallelGCFailedAllocation done
Event: 19359.999 Executing VM operation: ParallelGCFailedAllocation
Event: 19360.028 Executing VM operation: ParallelGCFailedAllocation done
Event: 19372.611 Executing VM operation: ParallelGCFailedAllocation
Event: 19372.632 Executing VM operation: ParallelGCFailedAllocation done


Dynamic libraries:
0x00007ff633de0000 - 0x00007ff633e14000 	C:\Program Files (x86)\Minecraft\runtime\jre-x64\1.8.0_25\bin\javaw.exe
0x00007ffd4ad90000 - 0x00007ffd4af51000 	C:\WINDOWS\SYSTEM32\ntdll.dll
0x00007ffd48500000 - 0x00007ffd485ad000 	C:\WINDOWS\system32\KERNEL32.DLL
0x00007ffd481d0000 - 0x00007ffd483ad000 	C:\WINDOWS\system32\KERNELBASE.dll
0x00007ffd4a290000 - 0x00007ffd4a336000 	C:\WINDOWS\system32\ADVAPI32.dll
0x00007ffd48460000 - 0x00007ffd484fd000 	C:\WINDOWS\system32\msvcrt.dll
0x00007ffd4ab30000 - 0x00007ffd4ab8b000 	C:\WINDOWS\system32\sechost.dll
0x00007ffd4a340000 - 0x00007ffd4a466000 	C:\WINDOWS\system32\RPCRT4.dll
0x00007ffd4a560000 - 0x00007ffd4a6ae000 	C:\WINDOWS\system32\USER32.dll
0x00007ffd4a940000 - 0x00007ffd4aac6000 	C:\WINDOWS\system32\GDI32.dll
0x00007ffd3daf0000 - 0x00007ffd3dd64000 	C:\WINDOWS\WinSxS\amd64_microsoft.windows.common-controls_6595b64144ccf1df_6.0.10240.16384_none_f41f7b285750ef43\COMCTL32.dll
0x00007ffd4a0f0000 - 0x00007ffd4a126000 	C:\WINDOWS\system32\IMM32.DLL
0x00007ffd4a130000 - 0x00007ffd4a28c000 	C:\WINDOWS\system32\MSCTF.dll
0x0000000067a90000 - 0x0000000067b62000 	C:\Program Files (x86)\Minecraft\runtime\jre-x64\1.8.0_25\bin\msvcr100.dll
0x0000000067230000 - 0x0000000067a8a000 	C:\Program Files (x86)\Minecraft\runtime\jre-x64\1.8.0_25\bin\server\jvm.dll
0x00007ffd4a550000 - 0x00007ffd4a558000 	C:\WINDOWS\system32\PSAPI.DLL
0x00007ffd3ec90000 - 0x00007ffd3ec99000 	C:\WINDOWS\SYSTEM32\WSOCK32.dll
0x00007ffd44b60000 - 0x00007ffd44b83000 	C:\WINDOWS\SYSTEM32\WINMM.dll
0x00007ffd49fc0000 - 0x00007ffd4a029000 	C:\WINDOWS\system32\WS2_32.dll
0x00007ffd49fb0000 - 0x00007ffd49fb8000 	C:\WINDOWS\system32\NSI.dll
0x00007ffd44a60000 - 0x00007ffd44a8c000 	C:\WINDOWS\SYSTEM32\WINMMBASE.dll
0x00007ffd48410000 - 0x00007ffd48454000 	C:\WINDOWS\system32\cfgmgr32.dll
0x00007ffd474b0000 - 0x00007ffd474d7000 	C:\WINDOWS\SYSTEM32\DEVOBJ.dll
0x0000000067220000 - 0x000000006722f000 	C:\Program Files (x86)\Minecraft\runtime\jre-x64\1.8.0_25\bin\verify.dll
0x00000000671f0000 - 0x0000000067218000 	C:\Program Files (x86)\Minecraft\runtime\jre-x64\1.8.0_25\bin\java.dll
0x00000000671d0000 - 0x00000000671e6000 	C:\Program Files (x86)\Minecraft\runtime\jre-x64\1.8.0_25\bin\zip.dll
0x00007ffd48a80000 - 0x00007ffd49fa2000 	C:\WINDOWS\system32\SHELL32.dll
0x00007ffd47ba0000 - 0x00007ffd481c8000 	C:\WINDOWS\system32\windows.storage.dll
0x00007ffd48780000 - 0x00007ffd489fc000 	C:\WINDOWS\system32\combase.dll
0x00007ffd4a710000 - 0x00007ffd4a761000 	C:\WINDOWS\system32\shlwapi.dll
0x00007ffd477e0000 - 0x00007ffd477ef000 	C:\WINDOWS\system32\kernel.appcore.dll
0x00007ffd47860000 - 0x00007ffd47913000 	C:\WINDOWS\system32\shcore.dll
0x00007ffd47810000 - 0x00007ffd4785a000 	C:\WINDOWS\system32\powrprof.dll
0x00007ffd477c0000 - 0x00007ffd477d3000 	C:\WINDOWS\system32\profapi.dll
0x00000000671c0000 - 0x00000000671cd000 	C:\Program Files (x86)\Minecraft\runtime\jre-x64\1.8.0_25\bin\management.dll
0x00000000671a0000 - 0x00000000671ba000 	C:\Program Files (x86)\Minecraft\runtime\jre-x64\1.8.0_25\bin\net.dll
0x00007ffd46d20000 - 0x00007ffd46d7d000 	C:\WINDOWS\system32\mswsock.dll
0x0000000067180000 - 0x0000000067191000 	C:\Program Files (x86)\Minecraft\runtime\jre-x64\1.8.0_25\bin\nio.dll
0x00007ffd35470000 - 0x00007ffd35485000 	C:\WINDOWS\system32\napinsp.dll
0x00007ffd35490000 - 0x00007ffd354aa000 	C:\WINDOWS\system32\pnrpnsp.dll
0x00007ffd44c70000 - 0x00007ffd44c88000 	C:\WINDOWS\system32\NLAapi.dll
0x00007ffd46b00000 - 0x00007ffd46ba8000 	C:\WINDOWS\SYSTEM32\DNSAPI.dll
0x00007ffd354b0000 - 0x00007ffd354bd000 	C:\WINDOWS\System32\winrnr.dll
0x00007ffd44b20000 - 0x00007ffd44b58000 	C:\WINDOWS\SYSTEM32\IPHLPAPI.DLL
0x00007ffd44a00000 - 0x00007ffd44a0b000 	C:\WINDOWS\SYSTEM32\WINNSI.DLL
0x00007ffd42f00000 - 0x00007ffd42f68000 	C:\WINDOWS\System32\fwpuclnt.dll
0x00007ffd476f0000 - 0x00007ffd47718000 	C:\WINDOWS\SYSTEM32\bcrypt.dll
0x00007ffd3fd00000 - 0x00007ffd3fd0a000 	C:\Windows\System32\rasadhlp.dll
0x0000000180000000 - 0x0000000180053000 	C:\Users\Hunter Wells\AppData\Roaming\.minecraft\versions\1.8.8\1.8.8-natives-12442821384967\lwjgl64.dll
0x00007ffd3adc0000 - 0x00007ffd3aee8000 	C:\WINDOWS\SYSTEM32\OPENGL32.dll
0x00007ffd45dc0000 - 0x00007ffd45dca000 	C:\WINDOWS\SYSTEM32\VERSION.dll
0x00007ffd3c4f0000 - 0x00007ffd3c51e000 	C:\WINDOWS\SYSTEM32\GLU32.dll
0x00007ffd38730000 - 0x00007ffd38826000 	C:\WINDOWS\SYSTEM32\DDRAW.dll
0x00007ffd3fcc0000 - 0x00007ffd3fcc8000 	C:\WINDOWS\SYSTEM32\DCIMAN32.dll
0x00007ffd46d80000 - 0x00007ffd46d97000 	C:\WINDOWS\SYSTEM32\CRYPTSP.dll
0x00007ffd469d0000 - 0x00007ffd46a03000 	C:\WINDOWS\system32\rsaenh.dll
0x00007ffd46bb0000 - 0x00007ffd46bcf000 	C:\WINDOWS\SYSTEM32\USERENV.dll
0x00007ffd475e0000 - 0x00007ffd4764b000 	C:\WINDOWS\system32\bcryptprimitives.dll
0x00007ffd46ef0000 - 0x00007ffd46efb000 	C:\WINDOWS\SYSTEM32\CRYPTBASE.dll
0x00007ffd46070000 - 0x00007ffd46086000 	C:\WINDOWS\SYSTEM32\dhcpcsvc6.DLL
0x00007ffd42d40000 - 0x00007ffd42d5a000 	C:\WINDOWS\SYSTEM32\dhcpcsvc.DLL
0x0000000066fe0000 - 0x0000000067178000 	C:\Program Files (x86)\Minecraft\runtime\jre-x64\1.8.0_25\bin\awt.dll
0x00007ffd4a030000 - 0x00007ffd4a0ee000 	C:\WINDOWS\system32\OLEAUT32.dll
0x00007ffd45620000 - 0x00007ffd45698000 	C:\WINDOWS\system32\apphelp.dll
0x00007ffd457a0000 - 0x00007ffd45836000 	C:\WINDOWS\system32\uxtheme.dll
0x00007ffd35c70000 - 0x00007ffd35cb8000 	C:\Program Files (x86)\TeamViewer\tv_x64.dll
0x00007ffd4ac40000 - 0x00007ffd4ad81000 	C:\WINDOWS\system32\ole32.dll
0x00007ffd44630000 - 0x00007ffd44652000 	C:\WINDOWS\system32\dwmapi.dll
0x00007ffd2a7c0000 - 0x00007ffd2b2b3000 	C:\WINDOWS\SYSTEM32\ig75icd64.dll
0x00007ffd41e20000 - 0x00007ffd42822000 	C:\WINDOWS\SYSTEM32\igdusc64.dll
0x00007ffd449c0000 - 0x00007ffd449d3000 	C:\WINDOWS\SYSTEM32\WTSAPI32.dll
0x00007ffd3cbb0000 - 0x00007ffd3cc41000 	C:\WINDOWS\SYSTEM32\mscms.dll
0x00007ffd3cb60000 - 0x00007ffd3cba2000 	C:\WINDOWS\SYSTEM32\icm32.dll
0x0000000022b60000 - 0x0000000022b98000 	C:\Users\Hunter Wells\AppData\Local\Temp\jna\jna1814130443098887943.dll
0x0000000070a40000 - 0x0000000070adc000 	C:\Users\Hunter Wells\AppData\Roaming\.minecraft\versions\1.8.8\1.8.8-natives-12442821384967\avutil-ttv-51.dll
0x0000000069d70000 - 0x0000000069dc6000 	C:\Users\Hunter Wells\AppData\Roaming\.minecraft\versions\1.8.8\1.8.8-natives-12442821384967\swresample-ttv-0.dll
0x000000006eb80000 - 0x000000006ec50000 	C:\Users\Hunter Wells\AppData\Roaming\.minecraft\versions\1.8.8\1.8.8-natives-12442821384967\libmp3lame-ttv.dll
0x00007ffd261d0000 - 0x00007ffd27574000 	C:\Users\Hunter Wells\AppData\Roaming\.minecraft\versions\1.8.8\1.8.8-natives-12442821384967\libmfxsw64.dll
0x00007ffd2cf70000 - 0x00007ffd2d0dd000 	C:\Users\Hunter Wells\AppData\Roaming\.minecraft\versions\1.8.8\1.8.8-natives-12442821384967\twitchsdk.dll
0x00007ffd3afb0000 - 0x00007ffd3b257000 	C:\WINDOWS\SYSTEM32\WININET.dll
0x000000006b740000 - 0x000000006b7a4000 	C:\Users\Hunter Wells\AppData\Roaming\.minecraft\versions\1.8.8\1.8.8-natives-12442821384967\OpenAL64.dll
0x00007ffd4ab90000 - 0x00007ffd4ac35000 	C:\WINDOWS\system32\clbcatq.dll
0x00007ffd442f0000 - 0x00007ffd44362000 	C:\WINDOWS\System32\MMDevApi.dll
0x00007ffd446a0000 - 0x00007ffd44823000 	C:\WINDOWS\System32\PROPSYS.dll
0x00007ffd3e220000 - 0x00007ffd3e2bc000 	C:\WINDOWS\SYSTEM32\dsound.dll
0x00007ffd42c80000 - 0x00007ffd42d05000 	C:\WINDOWS\SYSTEM32\AUDIOSES.DLL
0x00007ffd42dc0000 - 0x00007ffd42ef1000 	C:\WINDOWS\SYSTEM32\wintypes.dll
0x0000000064350000 - 0x0000000064374000 	C:\Program Files (x86)\Minecraft\runtime\jre-x64\1.8.0_25\bin\sunec.dll
0x00007ffd46570000 - 0x00007ffd465c8000 	C:\WINDOWS\SYSTEM32\WINSTA.dll
0x00007ffd2b590000 - 0x00007ffd2b71a000 	C:\WINDOWS\SYSTEM32\dbghelp.dll

VM Arguments:
jvm_args: -XX:HeapDumpPath=MojangTricksIntelDriversForPerformance_javaw.exe_minecraft.exe.heapdump -Xmx4G -Xms4G -Dos.name=Windows 10 -Dos.version=10.0 -Djava.library.path=C:\Users\Hunter Wells\AppData\Roaming\.minecraft\versions\1.8.8\1.8.8-natives-12442821384967 
java_command: net.minecraft.client.main.Main --username rcnerd --version 1.8.8 --gameDir C:\Users\Hunter Wells\AppData\Roaming\.minecraft --assetsDir C:\Users\Hunter Wells\AppData\Roaming\.minecraft\assets --assetIndex 1.8 --uuid 2b14785b313c4c35ba883f2e95b9dcdd --accessToken 17efc80809eb4e4eb50e97d22d4a9463 --userProperties {} --userType legacy --nativeLauncherVersion 286
java_class_path (initial): C:\Users\Hunter Wells\AppData\Roaming\.minecraft\libraries\oshi-project\oshi-core\1.1\oshi-core-1.1.jar;C:\Users\Hunter Wells\AppData\Roaming\.minecraft\libraries\net\java\dev\jna\jna\3.4.0\jna-3.4.0.jar;C:\Users\Hunter Wells\AppData\Roaming\.minecraft\libraries\net\java\dev\jna\platform\3.4.0\platform-3.4.0.jar;C:\Users\Hunter Wells\AppData\Roaming\.minecraft\libraries\com\ibm\icu\icu4j-core-mojang\51.2\icu4j-core-mojang-51.2.jar;C:\Users\Hunter Wells\AppData\Roaming\.minecraft\libraries\net\sf\jopt-simple\jopt-simple\4.6\jopt-simple-4.6.jar;C:\Users\Hunter Wells\AppData\Roaming\.minecraft\libraries\com\paulscode\codecjorbis\20101023\codecjorbis-20101023.jar;C:\Users\Hunter Wells\AppData\Roaming\.minecraft\libraries\com\paulscode\codecwav\20101023\codecwav-20101023.jar;C:\Users\Hunter Wells\AppData\Roaming\.minecraft\libraries\com\paulscode\libraryjavasound\20101123\libraryjavasound-20101123.jar;C:\Users\Hunter Wells\AppData\Roaming\.minecraft\libraries\com\paulscode\librarylwjglopenal\20100824\librarylwjglopenal-20100824.jar;C:\Users\Hunter Wells\AppData\Roaming\.minecraft\libraries\com\paulscode\soundsystem\20120107\soundsystem-20120107.jar;C:\Users\Hunter Wells\AppData\Roaming\.minecraft\libraries\io\netty\netty-all\4.0.23.Final\netty-all-4.0.23.Final.jar;C:\Users\Hunter Wells\AppData\Roaming\.minecraft\libraries\com\google\guava\guava\17.0\guava-17.0.jar;C:\Users\Hunter Wells\AppData\Roaming\.minecraft\libraries\org\apache\commons\commons-lang3\3.3.2\commons-lang3-3.3.2.jar;C:\Users\Hunter Wells\AppData\Roaming\.minecraft\libraries\commons-io\commons-io\2.4\commons-io-2.4.jar;C:\Users\Hunter Wells\AppData\Roaming\.minecraft\libraries\commons-codec\commons-codec\1.9\commons-codec-1.9.jar;C:\Users\Hunter Wells\AppData\Roaming\.minecraft\libraries\net\java\jinput\jinput\2.0.5\jinput-2.0.5.jar;C:\Users\Hunter Wells\AppData\Roaming\.minecraft\libraries\net\java\jutils\jutils\1.0.0\jutils-1.0.0.jar;C:\Users\Hunter Wells\AppData\Roaming\.m
Launcher Type: SUN_STANDARD

Environment Variables:
JAVA_HOME=C:\Program Files\Java\jdk1.8.0_65\
PATH=C:\ProgramData\Oracle\Java\javapath;C:\WINDOWS\system32;C:\WINDOWS;C:\WINDOWS\System32\Wbem;C:\WINDOWS\System32\WindowsPowerShell\v1.0\;c:\Python25;C:\Program Files (x86)\IVI Foundation\VISA\WinNT\Bin;C:\Users\Hunter Wells\AppData\Local\Programs\Python\Python35-32\Scripts\;C:\Users\Hunter Wells\AppData\Local\Programs\Python\Python35-32\;C:\Program Files (x86)\FAHClient; C:\Python27;
USERNAME=Hunter Wells
OS=Windows_NT
PROCESSOR_IDENTIFIER=Intel64 Family 6 Model 60 Stepping 3, GenuineIntel



---------------  S Y S T E M  ---------------

OS: Windows 8.1 , 64 bit Build 9600 

CPU:total 8 (4 cores per cpu, 2 threads per core) family 6 model 60 stepping 3, cmov, cx8, fxsr, mmx, sse, sse2, sse3, ssse3, sse4.1, sse4.2, popcnt, avx, avx2, aes, clmul, erms, lzcnt, ht, tsc, tscinvbit, bmi1, bmi2

Memory: 4k page, physical 8275104k(2012840k free), swap 9585824k(1357296k free)

vm_info: Java HotSpot(TM) 64-Bit Server VM (25.25-b02) for windows-amd64 JRE (1.8.0_25-b18), built on Oct  7 2014 14:25:37 by "java_re" with MS VC++ 10.0 (VS2010)

time: Mon Nov 30 02:56:05 2015
elapsed time: 19380 seconds (0d 5h 23m 0s)

