[19:07:33] [Client thread/INFO]: Setting user: rcnerd
[19:07:33] [Client thread/INFO]: (Session ID is token:d060d005c3694b75be666ae088a44974:2b14785b313c4c35ba883f2e95b9dcdd)
[19:07:34] [Client thread/INFO]: LWJGL Version: 2.9.4
[19:07:35] [Client thread/INFO]: Reloading ResourceManager: Default, Misa-converted-1389576244633, Misa Patch Les 1.8
[19:07:35] [Sound Library Loader/INFO]: Starting up SoundSystem...
[19:07:35] [Thread-6/INFO]: Initializing LWJGL OpenAL
[19:07:35] [Thread-6/INFO]: (The LWJGL binding of OpenAL.  For more information, see http://www.lwjgl.org)
[19:07:35] [Thread-6/INFO]: OpenAL initialized.
[19:07:35] [Sound Library Loader/INFO]: Sound engine started
[19:07:43] [Client thread/INFO]: Created: 2048x2048 textures-atlas
[19:08:11] [Server thread/INFO]: Starting integrated minecraft server version 1.8.8
[19:08:11] [Server thread/INFO]: Generating keypair
[19:08:11] [Server thread/INFO]: Preparing start region for level 0
[19:08:12] [Server thread/INFO]: rcnerd[local:E:b8f2971c] logged in with entity id 706 at (237.30000001192093, 69.5625, 247.70600736473628)
[19:08:12] [Server thread/INFO]: rcnerd joined the game
[19:08:12] [Server thread/INFO]: Changing view distance to 16, from 10
[19:08:15] [Server thread/WARN]: Can't keep up! Did the system time change, or is the server overloaded? Running 2182ms behind, skipping 43 tick(s)
[19:08:18] [Chunk Batcher 1/WARN]: Needed to grow BufferBuilder buffer: Old size 524288 bytes, new size 2621440 bytes.
[19:08:35] [Server thread/WARN]: Can't keep up! Did the system time change, or is the server overloaded? Running 5532ms behind, skipping 110 tick(s)
[19:08:58] [Server thread/WARN]: Can't keep up! Did the system time change, or is the server overloaded? Running 2001ms behind, skipping 40 tick(s)
[19:09:25] [Client thread/INFO]: [CHAT] You can only sleep at night
[19:09:26] [Chunk Batcher 0/WARN]: Needed to grow BufferBuilder buffer: Old size 524288 bytes, new size 2621440 bytes.
[19:09:28] [Chunk Batcher 1/WARN]: Needed to grow BufferBuilder buffer: Old size 524288 bytes, new size 2621440 bytes.
[19:09:28] [Chunk Batcher 0/WARN]: Needed to grow BufferBuilder buffer: Old size 524288 bytes, new size 2621440 bytes.
[19:09:28] [Chunk Batcher 1/WARN]: Needed to grow BufferBuilder buffer: Old size 524288 bytes, new size 2621440 bytes.
[19:09:46] [Chunk Batcher 0/WARN]: Needed to grow BufferBuilder buffer: Old size 524288 bytes, new size 2621440 bytes.
[19:09:46] [Chunk Batcher 0/WARN]: Needed to grow BufferBuilder buffer: Old size 524288 bytes, new size 2621440 bytes.
[19:09:46] [Chunk Batcher 1/WARN]: Needed to grow BufferBuilder buffer: Old size 524288 bytes, new size 2621440 bytes.
[19:09:47] [Chunk Batcher 0/WARN]: Needed to grow BufferBuilder buffer: Old size 524288 bytes, new size 2621440 bytes.
[19:09:52] [Client thread/WARN]: Needed to grow BufferBuilder buffer: Old size 524288 bytes, new size 2621440 bytes.
[19:10:04] [Server thread/WARN]: Can't keep up! Did the system time change, or is the server overloaded? Running 2244ms behind, skipping 44 tick(s)
[19:10:35] [Chunk Batcher 1/WARN]: Needed to grow BufferBuilder buffer: Old size 524288 bytes, new size 2621440 bytes.
[19:11:23] [Server thread/WARN]: Can't keep up! Did the system time change, or is the server overloaded? Running 2031ms behind, skipping 40 tick(s)
[19:11:41] [Server thread/WARN]: Can't keep up! Did the system time change, or is the server overloaded? Running 3023ms behind, skipping 60 tick(s)
[19:11:56] [Server thread/WARN]: Can't keep up! Did the system time change, or is the server overloaded? Running 2043ms behind, skipping 40 tick(s)
[19:12:15] [Server thread/WARN]: Can't keep up! Did the system time change, or is the server overloaded? Running 3934ms behind, skipping 78 tick(s)
[19:12:30] [Server thread/WARN]: Can't keep up! Did the system time change, or is the server overloaded? Running 2241ms behind, skipping 44 tick(s)
[19:12:53] [Server thread/WARN]: Can't keep up! Did the system time change, or is the server overloaded? Running 2078ms behind, skipping 41 tick(s)
[19:13:33] [Server thread/INFO]: Saving and pausing game...
[19:13:33] [Server thread/INFO]: Saving chunks for level 'Let's play world(test)'/Overworld
[19:13:33] [Server thread/INFO]: Saving chunks for level 'Let's play world(test)'/Nether
[19:13:33] [Server thread/INFO]: Saving chunks for level 'Let's play world(test)'/The End
