[15:25:09] [Client thread/INFO]: Setting user: rcnerd
[15:25:09] [Client thread/INFO]: (Session ID is token:3dc40a4c22654964b0a73cdc2027dca5:2b14785b313c4c35ba883f2e95b9dcdd)
[15:25:10] [Client thread/INFO]: LWJGL Version: 2.9.4
[15:25:11] [Client thread/INFO]: Reloading ResourceManager: Default, Misa-converted-1389576244633, Misa Patch Les 1.8
[15:25:11] [Sound Library Loader/INFO]: Starting up SoundSystem...
[15:25:11] [Thread-6/INFO]: Initializing LWJGL OpenAL
[15:25:11] [Thread-6/INFO]: (The LWJGL binding of OpenAL.  For more information, see http://www.lwjgl.org)
[15:25:11] [Thread-6/INFO]: OpenAL initialized.
[15:25:11] [Sound Library Loader/INFO]: Sound engine started
[15:25:21] [Client thread/INFO]: Created: 2048x2048 textures-atlas
[15:25:43] [Server thread/INFO]: Starting integrated minecraft server version 1.8.8
[15:25:43] [Server thread/INFO]: Generating keypair
[15:25:43] [Server thread/INFO]: Preparing start region for level 0
[15:25:44] [Server thread/INFO]: rcnerd[local:E:f6128b52] logged in with entity id 630 at (247.46457435645408, 70.0, 249.9561118700608)
[15:25:44] [Server thread/INFO]: rcnerd joined the game
[15:25:44] [Server thread/INFO]: Changing view distance to 16, from 10
[15:25:49] [Client thread/WARN]: Needed to grow BufferBuilder buffer: Old size 524288 bytes, new size 2621440 bytes.
[15:25:52] [Server thread/WARN]: Can't keep up! Did the system time change, or is the server overloaded? Running 6708ms behind, skipping 134 tick(s)
[15:26:00] [Server thread/INFO]: Saving and pausing game...
[15:26:00] [Server thread/INFO]: Saving chunks for level 'Let's play world(test)'/Overworld
[15:26:01] [Server thread/INFO]: Saving chunks for level 'Let's play world(test)'/Nether
[15:26:01] [Server thread/INFO]: Saving chunks for level 'Let's play world(test)'/The End
[15:26:21] [Client thread/WARN]: Unable to play unknown soundEvent: minecraft:none
[15:26:25] [Server thread/WARN]: Can't keep up! Did the system time change, or is the server overloaded? Running 2379ms behind, skipping 47 tick(s)
[15:26:25] [Chunk Batcher 0/WARN]: Needed to grow BufferBuilder buffer: Old size 524288 bytes, new size 2621440 bytes.
[15:26:26] [Chunk Batcher 1/WARN]: Needed to grow BufferBuilder buffer: Old size 524288 bytes, new size 2621440 bytes.
[15:26:26] [Chunk Batcher 1/WARN]: Needed to grow BufferBuilder buffer: Old size 524288 bytes, new size 2621440 bytes.
[15:26:45] [Server thread/WARN]: Can't keep up! Did the system time change, or is the server overloaded? Running 3903ms behind, skipping 78 tick(s)
[15:27:01] [Chunk Batcher 1/WARN]: Needed to grow BufferBuilder buffer: Old size 524288 bytes, new size 2621440 bytes.
[15:27:02] [Server thread/WARN]: Can't keep up! Did the system time change, or is the server overloaded? Running 3852ms behind, skipping 77 tick(s)
[15:27:10] [Client thread/INFO]: [CHAT] You can only sleep at night
[15:27:17] [Server thread/WARN]: Can't keep up! Did the system time change, or is the server overloaded? Running 3706ms behind, skipping 74 tick(s)
[15:27:32] [Server thread/WARN]: Can't keep up! Did the system time change, or is the server overloaded? Running 2129ms behind, skipping 42 tick(s)
[15:29:07] [Client thread/ERROR]: Item entity 36952 has no item?!
[15:29:07] [Client thread/ERROR]: Item entity 36952 has no item?!
[15:29:12] [Server thread/WARN]: Can't keep up! Did the system time change, or is the server overloaded? Running 3534ms behind, skipping 70 tick(s)
[15:29:24] [Chunk Batcher 0/WARN]: Needed to grow BufferBuilder buffer: Old size 524288 bytes, new size 2621440 bytes.
[15:29:25] [Chunk Batcher 0/WARN]: Needed to grow BufferBuilder buffer: Old size 524288 bytes, new size 2621440 bytes.
[15:29:25] [Chunk Batcher 0/WARN]: Needed to grow BufferBuilder buffer: Old size 524288 bytes, new size 2621440 bytes.
[15:29:26] [Chunk Batcher 1/WARN]: Needed to grow BufferBuilder buffer: Old size 524288 bytes, new size 2621440 bytes.
[15:29:27] [Server thread/WARN]: Can't keep up! Did the system time change, or is the server overloaded? Running 2695ms behind, skipping 53 tick(s)
[15:29:43] [Server thread/WARN]: Can't keep up! Did the system time change, or is the server overloaded? Running 2550ms behind, skipping 51 tick(s)
[15:30:04] [Server thread/WARN]: Can't keep up! Did the system time change, or is the server overloaded? Running 2411ms behind, skipping 48 tick(s)
[15:30:20] [Server thread/WARN]: Can't keep up! Did the system time change, or is the server overloaded? Running 2002ms behind, skipping 40 tick(s)
[15:30:37] [Server thread/WARN]: Can't keep up! Did the system time change, or is the server overloaded? Running 3506ms behind, skipping 70 tick(s)
[15:30:53] [Server thread/WARN]: Can't keep up! Did the system time change, or is the server overloaded? Running 2833ms behind, skipping 56 tick(s)
[15:31:33] [Server thread/WARN]: Can't keep up! Did the system time change, or is the server overloaded? Running 2337ms behind, skipping 46 tick(s)
[15:31:51] [Server thread/WARN]: Can't keep up! Did the system time change, or is the server overloaded? Running 3029ms behind, skipping 60 tick(s)
[15:32:06] [Chunk Batcher 0/WARN]: Needed to grow BufferBuilder buffer: Old size 524288 bytes, new size 2621440 bytes.
[15:33:24] [Server thread/WARN]: Can't keep up! Did the system time change, or is the server overloaded? Running 2047ms behind, skipping 40 tick(s)
[15:33:40] [Server thread/WARN]: Can't keep up! Did the system time change, or is the server overloaded? Running 2521ms behind, skipping 50 tick(s)
[15:33:57] [Server thread/WARN]: Can't keep up! Did the system time change, or is the server overloaded? Running 2732ms behind, skipping 54 tick(s)
[15:34:53] [Server thread/WARN]: Can't keep up! Did the system time change, or is the server overloaded? Running 2662ms behind, skipping 53 tick(s)
[15:35:11] [Server thread/WARN]: Can't keep up! Did the system time change, or is the server overloaded? Running 2849ms behind, skipping 56 tick(s)
[15:35:27] [Server thread/WARN]: Can't keep up! Did the system time change, or is the server overloaded? Running 2795ms behind, skipping 55 tick(s)
[15:35:34] [Client thread/WARN]: Unable to play unknown soundEvent: minecraft:none
[15:35:35] [Client thread/WARN]: Unable to play unknown soundEvent: minecraft:none
[15:35:48] [Server thread/WARN]: Can't keep up! Did the system time change, or is the server overloaded? Running 2563ms behind, skipping 51 tick(s)
[15:36:04] [Server thread/WARN]: Can't keep up! Did the system time change, or is the server overloaded? Running 2515ms behind, skipping 50 tick(s)
[15:36:20] [Server thread/WARN]: Can't keep up! Did the system time change, or is the server overloaded? Running 2426ms behind, skipping 48 tick(s)
[15:36:35] [Server thread/WARN]: Can't keep up! Did the system time change, or is the server overloaded? Running 2129ms behind, skipping 42 tick(s)
[15:36:51] [Server thread/WARN]: Can't keep up! Did the system time change, or is the server overloaded? Running 2025ms behind, skipping 40 tick(s)
[15:37:09] [Server thread/WARN]: Can't keep up! Did the system time change, or is the server overloaded? Running 3000ms behind, skipping 60 tick(s)
[15:37:40] [Server thread/WARN]: Can't keep up! Did the system time change, or is the server overloaded? Running 2104ms behind, skipping 42 tick(s)
[15:37:56] [Server thread/WARN]: Can't keep up! Did the system time change, or is the server overloaded? Running 2358ms behind, skipping 47 tick(s)
[15:38:15] [Server thread/WARN]: Can't keep up! Did the system time change, or is the server overloaded? Running 2008ms behind, skipping 40 tick(s)
[15:38:32] [Server thread/WARN]: Can't keep up! Did the system time change, or is the server overloaded? Running 2824ms behind, skipping 56 tick(s)
[15:38:49] [Server thread/WARN]: Can't keep up! Did the system time change, or is the server overloaded? Running 2817ms behind, skipping 56 tick(s)
[15:39:10] [Server thread/WARN]: Can't keep up! Did the system time change, or is the server overloaded? Running 2891ms behind, skipping 57 tick(s)
[15:39:11] [Client thread/ERROR]: Item entity 164890 has no item?!
[15:39:11] [Client thread/ERROR]: Item entity 164890 has no item?!
[15:39:11] [Client thread/ERROR]: Item entity 164890 has no item?!
[15:39:26] [Server thread/WARN]: Can't keep up! Did the system time change, or is the server overloaded? Running 2253ms behind, skipping 45 tick(s)
[15:39:46] [Server thread/WARN]: Can't keep up! Did the system time change, or is the server overloaded? Running 3563ms behind, skipping 71 tick(s)
[15:40:02] [Server thread/WARN]: Can't keep up! Did the system time change, or is the server overloaded? Running 3461ms behind, skipping 69 tick(s)
[15:40:16] [Server thread/WARN]: Can't keep up! Did the system time change, or is the server overloaded? Running 2869ms behind, skipping 57 tick(s)
[15:40:33] [Server thread/WARN]: Can't keep up! Did the system time change, or is the server overloaded? Running 2856ms behind, skipping 57 tick(s)
[15:40:50] [Server thread/WARN]: Can't keep up! Did the system time change, or is the server overloaded? Running 2684ms behind, skipping 53 tick(s)
[15:41:05] [Server thread/WARN]: Can't keep up! Did the system time change, or is the server overloaded? Running 3093ms behind, skipping 61 tick(s)
[15:41:20] [Server thread/WARN]: Can't keep up! Did the system time change, or is the server overloaded? Running 2192ms behind, skipping 43 tick(s)
[15:41:49] [Server thread/WARN]: Can't keep up! Did the system time change, or is the server overloaded? Running 2067ms behind, skipping 41 tick(s)
[15:42:06] [Server thread/WARN]: Can't keep up! Did the system time change, or is the server overloaded? Running 2029ms behind, skipping 40 tick(s)
[15:42:22] [Server thread/WARN]: Can't keep up! Did the system time change, or is the server overloaded? Running 2089ms behind, skipping 41 tick(s)
[15:42:39] [Server thread/WARN]: Can't keep up! Did the system time change, or is the server overloaded? Running 2503ms behind, skipping 50 tick(s)
[15:42:55] [Server thread/WARN]: Can't keep up! Did the system time change, or is the server overloaded? Running 2579ms behind, skipping 51 tick(s)
[15:43:12] [Server thread/WARN]: Can't keep up! Did the system time change, or is the server overloaded? Running 3239ms behind, skipping 64 tick(s)
[15:43:15] [Client thread/WARN]: Unable to play unknown soundEvent: minecraft:none
[15:43:15] [Client thread/WARN]: Unable to play unknown soundEvent: minecraft:none
[15:43:23] [Client thread/WARN]: Unable to play unknown soundEvent: minecraft:none
[15:43:23] [Client thread/WARN]: Unable to play unknown soundEvent: minecraft:none
[15:43:24] [Client thread/WARN]: Unable to play unknown soundEvent: minecraft:none
[15:43:26] [Server thread/WARN]: Can't keep up! Did the system time change, or is the server overloaded? Running 2175ms behind, skipping 43 tick(s)
[15:43:45] [Server thread/WARN]: Can't keep up! Did the system time change, or is the server overloaded? Running 4521ms behind, skipping 90 tick(s)
[15:44:02] [Server thread/WARN]: Can't keep up! Did the system time change, or is the server overloaded? Running 3490ms behind, skipping 69 tick(s)
[15:44:16] [Server thread/WARN]: Can't keep up! Did the system time change, or is the server overloaded? Running 2589ms behind, skipping 51 tick(s)
[15:44:35] [Server thread/WARN]: Can't keep up! Did the system time change, or is the server overloaded? Running 4603ms behind, skipping 92 tick(s)
[15:44:52] [Server thread/WARN]: Can't keep up! Did the system time change, or is the server overloaded? Running 3557ms behind, skipping 71 tick(s)
[15:45:10] [Server thread/WARN]: Can't keep up! Did the system time change, or is the server overloaded? Running 3219ms behind, skipping 64 tick(s)
[15:45:15] [Server thread/INFO]: Saving and pausing game...
[15:45:15] [Server thread/INFO]: Saving chunks for level 'Let's play world(test)'/Overworld
[15:45:16] [Server thread/INFO]: Saving chunks for level 'Let's play world(test)'/Nether
[15:45:16] [Server thread/INFO]: Saving chunks for level 'Let's play world(test)'/The End
[15:47:41] [Server thread/WARN]: Can't keep up! Did the system time change, or is the server overloaded? Running 2096ms behind, skipping 41 tick(s)
[15:47:50] [Server thread/INFO]: Saving and pausing game...
[15:47:50] [Server thread/INFO]: Saving chunks for level 'Let's play world(test)'/Overworld
[15:47:50] [Server thread/INFO]: Saving chunks for level 'Let's play world(test)'/Nether
[15:47:50] [Server thread/INFO]: Saving chunks for level 'Let's play world(test)'/The End
[15:48:21] [Client thread/WARN]: Unable to play unknown soundEvent: minecraft:none
[15:48:33] [Server thread/WARN]: Can't keep up! Did the system time change, or is the server overloaded? Running 2015ms behind, skipping 40 tick(s)
[15:48:54] [Server thread/WARN]: Can't keep up! Did the system time change, or is the server overloaded? Running 6166ms behind, skipping 123 tick(s)
[15:48:55] [Client thread/WARN]: Unable to play unknown soundEvent: minecraft:none
[15:48:59] [Server thread/WARN]: rcnerd moved wrongly!
[15:49:09] [Server thread/WARN]: Can't keep up! Did the system time change, or is the server overloaded? Running 5751ms behind, skipping 115 tick(s)
[15:49:29] [Server thread/WARN]: Can't keep up! Did the system time change, or is the server overloaded? Running 7744ms behind, skipping 154 tick(s)
[15:49:46] [Server thread/WARN]: Can't keep up! Did the system time change, or is the server overloaded? Running 5705ms behind, skipping 114 tick(s)
[15:50:03] [Server thread/WARN]: Can't keep up! Did the system time change, or is the server overloaded? Running 6173ms behind, skipping 123 tick(s)
[15:50:22] [Server thread/WARN]: Can't keep up! Did the system time change, or is the server overloaded? Running 6886ms behind, skipping 137 tick(s)
[15:50:37] [Server thread/WARN]: Can't keep up! Did the system time change, or is the server overloaded? Running 4978ms behind, skipping 99 tick(s)
[15:50:56] [Server thread/WARN]: Can't keep up! Did the system time change, or is the server overloaded? Running 5049ms behind, skipping 100 tick(s)
[15:51:11] [Server thread/WARN]: Can't keep up! Did the system time change, or is the server overloaded? Running 2935ms behind, skipping 58 tick(s)
[15:51:17] [Client thread/WARN]: Unable to play unknown soundEvent: minecraft:none
[15:51:29] [Server thread/WARN]: Can't keep up! Did the system time change, or is the server overloaded? Running 4228ms behind, skipping 84 tick(s)
[15:51:37] [Client thread/WARN]: Unable to play unknown soundEvent: minecraft:none
[15:51:39] [Client thread/WARN]: Unable to play unknown soundEvent: minecraft:none
[15:51:44] [Server thread/WARN]: Can't keep up! Did the system time change, or is the server overloaded? Running 3080ms behind, skipping 61 tick(s)
[15:51:59] [Server thread/WARN]: Can't keep up! Did the system time change, or is the server overloaded? Running 2864ms behind, skipping 57 tick(s)
[15:52:17] [Server thread/WARN]: Can't keep up! Did the system time change, or is the server overloaded? Running 3605ms behind, skipping 72 tick(s)
[15:52:35] [Server thread/WARN]: Can't keep up! Did the system time change, or is the server overloaded? Running 4102ms behind, skipping 82 tick(s)
[15:52:53] [Server thread/WARN]: Can't keep up! Did the system time change, or is the server overloaded? Running 4595ms behind, skipping 91 tick(s)
[15:53:10] [Server thread/WARN]: Can't keep up! Did the system time change, or is the server overloaded? Running 3786ms behind, skipping 75 tick(s)
[15:53:27] [Server thread/WARN]: Can't keep up! Did the system time change, or is the server overloaded? Running 3583ms behind, skipping 71 tick(s)
[15:53:47] [Server thread/WARN]: Can't keep up! Did the system time change, or is the server overloaded? Running 4968ms behind, skipping 99 tick(s)
[15:54:05] [Server thread/WARN]: Can't keep up! Did the system time change, or is the server overloaded? Running 2023ms behind, skipping 40 tick(s)
[15:54:13] [Client thread/WARN]: Unable to play unknown soundEvent: minecraft:none
[15:54:13] [Client thread/WARN]: Unable to play unknown soundEvent: minecraft:none
[15:54:14] [Client thread/WARN]: Unable to play unknown soundEvent: minecraft:none
[15:54:14] [Client thread/WARN]: Unable to play unknown soundEvent: minecraft:none
[15:54:23] [Server thread/WARN]: Can't keep up! Did the system time change, or is the server overloaded? Running 2474ms behind, skipping 49 tick(s)
[15:54:38] [Server thread/WARN]: Can't keep up! Did the system time change, or is the server overloaded? Running 2231ms behind, skipping 44 tick(s)
[15:54:53] [Server thread/WARN]: Can't keep up! Did the system time change, or is the server overloaded? Running 2100ms behind, skipping 42 tick(s)
[15:54:54] [Client thread/WARN]: Unable to play unknown soundEvent: minecraft:none
[15:55:01] [Client thread/WARN]: Unable to play unknown soundEvent: minecraft:step.anvil
[15:55:01] [Client thread/WARN]: Unable to play unknown soundEvent: minecraft:step.anvil
[15:55:09] [Server thread/WARN]: Can't keep up! Did the system time change, or is the server overloaded? Running 2004ms behind, skipping 40 tick(s)
[15:55:26] [Server thread/WARN]: Can't keep up! Did the system time change, or is the server overloaded? Running 2265ms behind, skipping 45 tick(s)
[15:55:35] [Client thread/WARN]: Unable to play unknown soundEvent: minecraft:step.anvil
[15:55:37] [Client thread/WARN]: Unable to play unknown soundEvent: minecraft:step.anvil
[15:56:10] [Client thread/WARN]: Unable to play unknown soundEvent: minecraft:step.anvil
[15:58:17] [Server thread/WARN]: Can't keep up! Did the system time change, or is the server overloaded? Running 2789ms behind, skipping 55 tick(s)
[15:58:34] [Server thread/WARN]: Can't keep up! Did the system time change, or is the server overloaded? Running 3435ms behind, skipping 68 tick(s)
[15:58:50] [Server thread/WARN]: Can't keep up! Did the system time change, or is the server overloaded? Running 3167ms behind, skipping 63 tick(s)
[15:59:06] [Server thread/WARN]: Can't keep up! Did the system time change, or is the server overloaded? Running 3174ms behind, skipping 63 tick(s)
[15:59:22] [Server thread/WARN]: Can't keep up! Did the system time change, or is the server overloaded? Running 2760ms behind, skipping 55 tick(s)
[15:59:40] [Server thread/WARN]: Can't keep up! Did the system time change, or is the server overloaded? Running 3686ms behind, skipping 73 tick(s)
[15:59:57] [Server thread/WARN]: Can't keep up! Did the system time change, or is the server overloaded? Running 3148ms behind, skipping 62 tick(s)
[16:00:13] [Server thread/WARN]: Can't keep up! Did the system time change, or is the server overloaded? Running 2963ms behind, skipping 59 tick(s)
[16:00:28] [Server thread/WARN]: Can't keep up! Did the system time change, or is the server overloaded? Running 2783ms behind, skipping 55 tick(s)
[16:00:45] [Server thread/WARN]: Can't keep up! Did the system time change, or is the server overloaded? Running 2707ms behind, skipping 54 tick(s)
[16:01:01] [Server thread/WARN]: Can't keep up! Did the system time change, or is the server overloaded? Running 2971ms behind, skipping 59 tick(s)
[16:01:18] [Server thread/WARN]: Can't keep up! Did the system time change, or is the server overloaded? Running 3118ms behind, skipping 62 tick(s)
[16:01:33] [Server thread/WARN]: Can't keep up! Did the system time change, or is the server overloaded? Running 3099ms behind, skipping 61 tick(s)
[16:01:50] [Server thread/WARN]: Can't keep up! Did the system time change, or is the server overloaded? Running 3447ms behind, skipping 68 tick(s)
[16:02:06] [Server thread/WARN]: Can't keep up! Did the system time change, or is the server overloaded? Running 3073ms behind, skipping 61 tick(s)
[16:02:24] [Server thread/WARN]: Can't keep up! Did the system time change, or is the server overloaded? Running 3762ms behind, skipping 75 tick(s)
[16:02:41] [Server thread/WARN]: Can't keep up! Did the system time change, or is the server overloaded? Running 3680ms behind, skipping 73 tick(s)
[16:02:58] [Server thread/WARN]: Can't keep up! Did the system time change, or is the server overloaded? Running 3492ms behind, skipping 69 tick(s)
[16:03:15] [Server thread/WARN]: Can't keep up! Did the system time change, or is the server overloaded? Running 3547ms behind, skipping 70 tick(s)
[16:03:32] [Server thread/WARN]: Can't keep up! Did the system time change, or is the server overloaded? Running 2923ms behind, skipping 58 tick(s)
[16:03:49] [Server thread/WARN]: Can't keep up! Did the system time change, or is the server overloaded? Running 2824ms behind, skipping 56 tick(s)
[16:04:05] [Server thread/WARN]: Can't keep up! Did the system time change, or is the server overloaded? Running 3336ms behind, skipping 66 tick(s)
[16:04:20] [Server thread/WARN]: Can't keep up! Did the system time change, or is the server overloaded? Running 2835ms behind, skipping 56 tick(s)
[16:04:38] [Server thread/WARN]: Can't keep up! Did the system time change, or is the server overloaded? Running 3188ms behind, skipping 63 tick(s)
[16:04:54] [Server thread/WARN]: Can't keep up! Did the system time change, or is the server overloaded? Running 2520ms behind, skipping 50 tick(s)
[16:05:10] [Server thread/WARN]: Can't keep up! Did the system time change, or is the server overloaded? Running 2524ms behind, skipping 50 tick(s)
[16:05:28] [Server thread/WARN]: Can't keep up! Did the system time change, or is the server overloaded? Running 3268ms behind, skipping 65 tick(s)
[16:05:39] [Client thread/WARN]: Unable to play unknown soundEvent: minecraft:none
[16:05:40] [Client thread/WARN]: Unable to play unknown soundEvent: minecraft:none
[16:05:43] [Client thread/INFO]: [CHAT] Saved screenshot as 2015-08-03_16.05.43.png
[16:05:46] [Client thread/INFO]: [CHAT] Saved screenshot as 2015-08-03_16.05.46.png
[16:05:46] [Server thread/WARN]: Can't keep up! Did the system time change, or is the server overloaded? Running 4065ms behind, skipping 81 tick(s)
[16:05:47] [Client thread/INFO]: [CHAT] Saved screenshot as 2015-08-03_16.05.47.png
[16:05:48] [Client thread/WARN]: Unable to play unknown soundEvent: minecraft:none
[16:05:48] [Client thread/WARN]: Unable to play unknown soundEvent: minecraft:none
[16:05:49] [Client thread/WARN]: Unable to play unknown soundEvent: minecraft:none
[16:05:50] [Client thread/WARN]: Unable to play unknown soundEvent: minecraft:none
[16:05:50] [Client thread/WARN]: Unable to play unknown soundEvent: minecraft:none
[16:05:53] [Client thread/INFO]: [CHAT] Saved screenshot as 2015-08-03_16.05.53.png
[16:05:54] [Client thread/WARN]: Unable to play unknown soundEvent: minecraft:none
[16:05:55] [Client thread/INFO]: [CHAT] Saved screenshot as 2015-08-03_16.05.55.png
[16:05:55] [Client thread/WARN]: Unable to play unknown soundEvent: minecraft:none
[16:05:57] [Client thread/WARN]: Unable to play unknown soundEvent: minecraft:none
[16:05:57] [Client thread/WARN]: Unable to play unknown soundEvent: minecraft:none
[16:05:57] [Client thread/WARN]: Unable to play unknown soundEvent: minecraft:none
[16:05:59] [Client thread/WARN]: Unable to play unknown soundEvent: minecraft:none
[16:06:00] [Client thread/WARN]: Unable to play unknown soundEvent: minecraft:none
[16:06:00] [Client thread/WARN]: Unable to play unknown soundEvent: minecraft:none
[16:06:02] [Client thread/WARN]: Unable to play unknown soundEvent: minecraft:none
[16:06:02] [Server thread/WARN]: Can't keep up! Did the system time change, or is the server overloaded? Running 3227ms behind, skipping 64 tick(s)
[16:06:04] [Client thread/WARN]: Unable to play unknown soundEvent: minecraft:none
[16:06:04] [Client thread/WARN]: Unable to play unknown soundEvent: minecraft:none
[16:06:06] [Client thread/WARN]: Unable to play unknown soundEvent: minecraft:none
[16:06:08] [Client thread/WARN]: Unable to play unknown soundEvent: minecraft:none
[16:06:09] [Client thread/WARN]: Unable to play unknown soundEvent: minecraft:none
[16:06:12] [Client thread/WARN]: Unable to play unknown soundEvent: minecraft:none
[16:06:13] [Client thread/WARN]: Unable to play unknown soundEvent: minecraft:none
[16:06:16] [Client thread/INFO]: [CHAT] Saved screenshot as 2015-08-03_16.06.16.png
[16:06:17] [Client thread/WARN]: Unable to play unknown soundEvent: minecraft:none
[16:06:17] [Client thread/WARN]: Unable to play unknown soundEvent: minecraft:none
[16:06:17] [Client thread/WARN]: Unable to play unknown soundEvent: minecraft:none
[16:06:17] [Client thread/WARN]: Unable to play unknown soundEvent: minecraft:none
[16:06:20] [Client thread/WARN]: Unable to play unknown soundEvent: minecraft:none
[16:06:21] [Server thread/WARN]: Can't keep up! Did the system time change, or is the server overloaded? Running 4011ms behind, skipping 80 tick(s)
[16:06:25] [Client thread/WARN]: Unable to play unknown soundEvent: minecraft:none
[16:06:25] [Client thread/WARN]: Unable to play unknown soundEvent: minecraft:none
[16:06:26] [Client thread/WARN]: Unable to play unknown soundEvent: minecraft:none
[16:06:26] [Client thread/WARN]: Unable to play unknown soundEvent: minecraft:none
[16:06:29] [Client thread/WARN]: Unable to play unknown soundEvent: minecraft:none
[16:06:31] [Client thread/WARN]: Unable to play unknown soundEvent: minecraft:none
[16:06:33] [Client thread/WARN]: Unable to play unknown soundEvent: minecraft:none
[16:06:35] [Client thread/WARN]: Unable to play unknown soundEvent: minecraft:none
[16:06:36] [Client thread/WARN]: Unable to play unknown soundEvent: minecraft:none
[16:06:36] [Client thread/WARN]: Unable to play unknown soundEvent: minecraft:none
[16:06:38] [Client thread/WARN]: Unable to play unknown soundEvent: minecraft:none
[16:06:39] [Client thread/WARN]: Unable to play unknown soundEvent: minecraft:none
[16:06:39] [Server thread/WARN]: Can't keep up! Did the system time change, or is the server overloaded? Running 3874ms behind, skipping 77 tick(s)
[16:06:41] [Client thread/WARN]: Unable to play unknown soundEvent: minecraft:none
[16:06:46] [Client thread/WARN]: Unable to play unknown soundEvent: minecraft:none
[16:06:47] [Client thread/WARN]: Unable to play unknown soundEvent: minecraft:none
[16:06:55] [Server thread/WARN]: Can't keep up! Did the system time change, or is the server overloaded? Running 2514ms behind, skipping 50 tick(s)
[16:06:59] [Client thread/INFO]: [CHAT] Saved screenshot as 2015-08-03_16.06.59.png
[16:07:00] [Client thread/INFO]: [CHAT] Saved screenshot as 2015-08-03_16.07.00.png
[16:07:05] [Client thread/INFO]: [CHAT] Saved screenshot as 2015-08-03_16.07.04.png
[16:07:08] [Client thread/INFO]: [CHAT] Saved screenshot as 2015-08-03_16.07.07.png
[16:07:08] [Client thread/INFO]: [CHAT] Saved screenshot as 2015-08-03_16.07.08.png
[16:07:09] [Client thread/INFO]: [CHAT] Saved screenshot as 2015-08-03_16.07.09.png
[16:07:13] [Client thread/WARN]: Unable to play unknown soundEvent: minecraft:none
[16:07:16] [Client thread/WARN]: Unable to play unknown soundEvent: minecraft:none
[16:07:19] [Client thread/WARN]: Unable to play unknown soundEvent: minecraft:none
[16:07:22] [Client thread/WARN]: Unable to play unknown soundEvent: minecraft:none
[16:07:24] [Client thread/WARN]: Unable to play unknown soundEvent: minecraft:none
[16:07:30] [Client thread/WARN]: Unable to play unknown soundEvent: minecraft:none
[16:07:34] [Server thread/WARN]: Can't keep up! Did the system time change, or is the server overloaded? Running 2211ms behind, skipping 44 tick(s)
[16:07:42] [Client thread/WARN]: Unable to play unknown soundEvent: minecraft:none
[16:07:50] [Server thread/WARN]: Can't keep up! Did the system time change, or is the server overloaded? Running 2613ms behind, skipping 52 tick(s)
[16:08:03] [Client thread/WARN]: Unable to play unknown soundEvent: minecraft:none
[16:08:03] [Client thread/WARN]: Unable to play unknown soundEvent: minecraft:none
[16:08:09] [Server thread/WARN]: Can't keep up! Did the system time change, or is the server overloaded? Running 4192ms behind, skipping 83 tick(s)
[16:08:24] [Server thread/WARN]: Can't keep up! Did the system time change, or is the server overloaded? Running 3653ms behind, skipping 73 tick(s)
[16:08:40] [Server thread/WARN]: Can't keep up! Did the system time change, or is the server overloaded? Running 3018ms behind, skipping 60 tick(s)
[16:08:52] [Client thread/WARN]: Unable to play unknown soundEvent: minecraft:none
[16:08:57] [Server thread/WARN]: Can't keep up! Did the system time change, or is the server overloaded? Running 3759ms behind, skipping 75 tick(s)
[16:09:11] [Client thread/WARN]: Unable to play unknown soundEvent: minecraft:none
[16:09:18] [Server thread/WARN]: Can't keep up! Did the system time change, or is the server overloaded? Running 5185ms behind, skipping 103 tick(s)
[16:09:28] [Client thread/WARN]: Unable to play unknown soundEvent: minecraft:none
[16:09:30] [Client thread/WARN]: Unable to play unknown soundEvent: minecraft:none
[16:09:35] [Server thread/WARN]: Can't keep up! Did the system time change, or is the server overloaded? Running 4221ms behind, skipping 84 tick(s)
[16:09:50] [Server thread/WARN]: Can't keep up! Did the system time change, or is the server overloaded? Running 3034ms behind, skipping 60 tick(s)
[16:10:08] [Server thread/WARN]: Can't keep up! Did the system time change, or is the server overloaded? Running 3124ms behind, skipping 62 tick(s)
[16:10:23] [Server thread/WARN]: Can't keep up! Did the system time change, or is the server overloaded? Running 2572ms behind, skipping 51 tick(s)
[16:10:41] [Server thread/WARN]: Can't keep up! Did the system time change, or is the server overloaded? Running 5461ms behind, skipping 109 tick(s)
[16:10:52] [Client thread/WARN]: Unable to play unknown soundEvent: minecraft:none
[16:10:54] [Client thread/WARN]: Unable to play unknown soundEvent: minecraft:none
[16:10:55] [Client thread/WARN]: Unable to play unknown soundEvent: minecraft:none
[16:10:56] [Server thread/WARN]: Can't keep up! Did the system time change, or is the server overloaded? Running 3589ms behind, skipping 71 tick(s)
[16:11:16] [Server thread/WARN]: Can't keep up! Did the system time change, or is the server overloaded? Running 4772ms behind, skipping 95 tick(s)
[16:11:35] [Server thread/WARN]: Can't keep up! Did the system time change, or is the server overloaded? Running 4625ms behind, skipping 92 tick(s)
[16:11:39] [Client thread/WARN]: Unable to play unknown soundEvent: minecraft:none
[16:11:40] [Client thread/WARN]: Unable to play unknown soundEvent: minecraft:none
[16:11:40] [Client thread/WARN]: Unable to play unknown soundEvent: minecraft:none
[16:11:50] [Server thread/WARN]: Can't keep up! Did the system time change, or is the server overloaded? Running 3353ms behind, skipping 67 tick(s)
[16:12:00] [Client thread/WARN]: Unable to play unknown soundEvent: minecraft:none
[16:12:00] [Client thread/WARN]: Unable to play unknown soundEvent: minecraft:none
[16:12:02] [Client thread/WARN]: Unable to play unknown soundEvent: minecraft:none
[16:12:03] [Client thread/WARN]: Unable to play unknown soundEvent: minecraft:none
[16:12:07] [Server thread/WARN]: Can't keep up! Did the system time change, or is the server overloaded? Running 3315ms behind, skipping 66 tick(s)
[16:12:25] [Server thread/WARN]: Can't keep up! Did the system time change, or is the server overloaded? Running 3505ms behind, skipping 70 tick(s)
[16:12:30] [Client thread/WARN]: Unable to play unknown soundEvent: minecraft:none
[16:12:31] [Client thread/WARN]: Unable to play unknown soundEvent: minecraft:none
[16:12:32] [Client thread/WARN]: Unable to play unknown soundEvent: minecraft:none
[16:12:32] [Client thread/WARN]: Unable to play unknown soundEvent: minecraft:none
[16:12:41] [Server thread/WARN]: Can't keep up! Did the system time change, or is the server overloaded? Running 2971ms behind, skipping 59 tick(s)
[16:13:46] [Server thread/INFO]: Saving and pausing game...
[16:13:46] [Server thread/INFO]: Saving chunks for level 'Let's play world(test)'/Overworld
[16:13:46] [Server thread/INFO]: Saving chunks for level 'Let's play world(test)'/Nether
[16:13:46] [Server thread/INFO]: Saving chunks for level 'Let's play world(test)'/The End
[16:15:58] [Client thread/WARN]: Unable to play unknown soundEvent: minecraft:none
[16:15:59] [Client thread/WARN]: Unable to play unknown soundEvent: minecraft:none
[16:15:59] [Client thread/WARN]: Unable to play unknown soundEvent: minecraft:none
[16:16:00] [Client thread/WARN]: Unable to play unknown soundEvent: minecraft:none
[16:16:24] [Server thread/WARN]: Can't keep up! Did the system time change, or is the server overloaded? Running 2104ms behind, skipping 42 tick(s)
[16:16:42] [Server thread/WARN]: Can't keep up! Did the system time change, or is the server overloaded? Running 2661ms behind, skipping 53 tick(s)
[16:20:04] [Server thread/INFO]: Saving and pausing game...
[16:20:04] [Server thread/INFO]: Saving chunks for level 'Let's play world(test)'/Overworld
[16:20:04] [Server thread/INFO]: Saving chunks for level 'Let's play world(test)'/Nether
[16:20:04] [Server thread/INFO]: Saving chunks for level 'Let's play world(test)'/The End
[16:20:06] [Server thread/INFO]: Stopping server
[16:20:06] [Server thread/INFO]: Saving players
[16:20:06] [Server thread/INFO]: Saving worlds
[16:20:06] [Server thread/INFO]: Saving chunks for level 'Let's play world(test)'/Overworld
[16:20:06] [Server thread/INFO]: Saving chunks for level 'Let's play world(test)'/Nether
[16:20:06] [Server thread/INFO]: Saving chunks for level 'Let's play world(test)'/The End
[16:20:10] [Server thread/INFO]: Starting integrated minecraft server version 1.8.8
[16:20:10] [Server thread/INFO]: Generating keypair
[16:20:10] [Server thread/INFO]: Preparing start region for level 0
[16:20:11] [Server thread/INFO]: Changing view distance to 16, from 10
[16:20:11] [Server thread/INFO]: rcnerd[local:E:5ffa23c8] logged in with entity id 1720546 at (239.3500283873569, 69.0, 249.08797368730836)
[16:20:11] [Server thread/INFO]: rcnerd joined the game
[16:20:16] [Server thread/WARN]: Can't keep up! Did the system time change, or is the server overloaded? Running 2933ms behind, skipping 58 tick(s)
[16:20:45] [Server thread/WARN]: Can't keep up! Did the system time change, or is the server overloaded? Running 9761ms behind, skipping 195 tick(s)
[16:20:56] [Server thread/WARN]: Can't keep up! Did the system time change, or is the server overloaded? Running 4995ms behind, skipping 99 tick(s)
[16:21:14] [Server thread/WARN]: Can't keep up! Did the system time change, or is the server overloaded? Running 6108ms behind, skipping 122 tick(s)
[16:21:25] [Server thread/WARN]: Can't keep up! Did the system time change, or is the server overloaded? Running 2564ms behind, skipping 51 tick(s)
[16:21:38] [Chunk Batcher 1/WARN]: Needed to grow BufferBuilder buffer: Old size 524288 bytes, new size 2621440 bytes.
[16:22:50] [Client thread/WARN]: Unable to play unknown soundEvent: minecraft:none
[16:22:53] [Client thread/WARN]: Unable to play unknown soundEvent: minecraft:none
[16:22:53] [Client thread/WARN]: Unable to play unknown soundEvent: minecraft:none
[16:23:04] [Client thread/WARN]: Unable to play unknown soundEvent: minecraft:none
[16:23:04] [Client thread/WARN]: Unable to play unknown soundEvent: minecraft:none
[16:23:11] [Client thread/WARN]: Unable to play unknown soundEvent: minecraft:none
[16:23:12] [Client thread/WARN]: Unable to play unknown soundEvent: minecraft:none
[16:23:12] [Client thread/WARN]: Unable to play unknown soundEvent: minecraft:none
[16:23:12] [Client thread/WARN]: Unable to play unknown soundEvent: minecraft:none
[16:23:14] [Client thread/WARN]: Unable to play unknown soundEvent: minecraft:none
[16:23:14] [Client thread/WARN]: Unable to play unknown soundEvent: minecraft:none
[16:23:34] [Client thread/WARN]: Unable to play unknown soundEvent: minecraft:none
[16:23:35] [Client thread/WARN]: Unable to play unknown soundEvent: minecraft:none
[16:23:35] [Client thread/WARN]: Unable to play unknown soundEvent: minecraft:none
[16:23:35] [Client thread/WARN]: Unable to play unknown soundEvent: minecraft:none
[16:24:02] [Server thread/WARN]: Can't keep up! Did the system time change, or is the server overloaded? Running 2669ms behind, skipping 53 tick(s)
[16:25:42] [Server thread/WARN]: Can't keep up! Did the system time change, or is the server overloaded? Running 2433ms behind, skipping 48 tick(s)
[16:26:01] [Server thread/WARN]: Can't keep up! Did the system time change, or is the server overloaded? Running 3384ms behind, skipping 67 tick(s)
[16:26:06] [Client thread/WARN]: Unable to play unknown soundEvent: minecraft:none
[16:26:07] [Client thread/WARN]: Unable to play unknown soundEvent: minecraft:none
[16:26:08] [Client thread/WARN]: Unable to play unknown soundEvent: minecraft:none
[16:26:09] [Client thread/WARN]: Unable to play unknown soundEvent: minecraft:none
[16:26:10] [Client thread/WARN]: Unable to play unknown soundEvent: minecraft:none
[16:26:11] [Client thread/WARN]: Unable to play unknown soundEvent: minecraft:none
[16:26:20] [Server thread/WARN]: Can't keep up! Did the system time change, or is the server overloaded? Running 2089ms behind, skipping 41 tick(s)
[16:26:39] [Server thread/WARN]: Can't keep up! Did the system time change, or is the server overloaded? Running 4204ms behind, skipping 84 tick(s)
[16:26:56] [Server thread/WARN]: Can't keep up! Did the system time change, or is the server overloaded? Running 4720ms behind, skipping 94 tick(s)
[16:27:10] [Server thread/WARN]: Can't keep up! Did the system time change, or is the server overloaded? Running 3649ms behind, skipping 72 tick(s)
[16:27:27] [Server thread/WARN]: Can't keep up! Did the system time change, or is the server overloaded? Running 3274ms behind, skipping 65 tick(s)
[16:27:39] [Client thread/WARN]: Unable to play unknown soundEvent: minecraft:none
[16:27:42] [Server thread/WARN]: Can't keep up! Did the system time change, or is the server overloaded? Running 2249ms behind, skipping 44 tick(s)
[16:28:02] [Server thread/WARN]: Can't keep up! Did the system time change, or is the server overloaded? Running 4017ms behind, skipping 80 tick(s)
[16:28:09] [Client thread/WARN]: Unable to play unknown soundEvent: minecraft:none
[16:28:10] [Client thread/WARN]: Unable to play unknown soundEvent: minecraft:none
[16:28:27] [Server thread/WARN]: Can't keep up! Did the system time change, or is the server overloaded? Running 2108ms behind, skipping 42 tick(s)
[16:29:38] [Server thread/INFO]: Saving and pausing game...
[16:29:38] [Server thread/INFO]: Saving chunks for level 'Let's play world(test)'/Overworld
[16:29:38] [Server thread/INFO]: Saving chunks for level 'Let's play world(test)'/Nether
[16:29:38] [Server thread/INFO]: Saving chunks for level 'Let's play world(test)'/The End
[16:31:28] [Server thread/WARN]: Can't keep up! Did the system time change, or is the server overloaded? Running 2427ms behind, skipping 48 tick(s)
[16:31:45] [Server thread/WARN]: Can't keep up! Did the system time change, or is the server overloaded? Running 2921ms behind, skipping 58 tick(s)
[16:32:00] [Server thread/WARN]: Can't keep up! Did the system time change, or is the server overloaded? Running 2915ms behind, skipping 58 tick(s)
[16:35:33] [Server thread/WARN]: Can't keep up! Did the system time change, or is the server overloaded? Running 2151ms behind, skipping 43 tick(s)
[16:35:42] [Client thread/WARN]: Unable to play unknown soundEvent: minecraft:none
[16:35:44] [Client thread/WARN]: Unable to play unknown soundEvent: minecraft:none
[16:35:44] [Client thread/WARN]: Unable to play unknown soundEvent: minecraft:none
[16:35:52] [Client thread/WARN]: Unable to play unknown soundEvent: minecraft:none
[16:35:52] [Client thread/WARN]: Unable to play unknown soundEvent: minecraft:none
[16:35:53] [Client thread/WARN]: Unable to play unknown soundEvent: minecraft:none
[16:35:53] [Client thread/WARN]: Unable to play unknown soundEvent: minecraft:none
[16:35:53] [Client thread/WARN]: Unable to play unknown soundEvent: minecraft:none
[16:35:55] [Client thread/WARN]: Unable to play unknown soundEvent: minecraft:none
[16:36:51] [Server thread/INFO]: Saving and pausing game...
[16:36:51] [Server thread/INFO]: Saving chunks for level 'Let's play world(test)'/Overworld
[16:36:52] [Server thread/INFO]: Saving chunks for level 'Let's play world(test)'/Nether
[16:36:52] [Server thread/INFO]: Saving chunks for level 'Let's play world(test)'/The End
