[18:10:51] [Client thread/INFO]: Setting user: rcnerd
[18:10:51] [Client thread/INFO]: (Session ID is token:baa29fc5d0f2443783e98838217e511f:2b14785b313c4c35ba883f2e95b9dcdd)
[18:10:52] [Client thread/INFO]: LWJGL Version: 2.9.4
[18:10:53] [Client thread/INFO]: Reloading ResourceManager: Default, Misa-converted-1389576244633, Misa Patch Les 1.8
[18:10:53] [Sound Library Loader/INFO]: Starting up SoundSystem...
[18:10:54] [Thread-6/INFO]: Initializing LWJGL OpenAL
[18:10:54] [Thread-6/INFO]: (The LWJGL binding of OpenAL.  For more information, see http://www.lwjgl.org)
[18:10:54] [Thread-6/INFO]: OpenAL initialized.
[18:10:54] [Sound Library Loader/INFO]: Sound engine started
[18:11:05] [Client thread/INFO]: Created: 2048x2048 textures-atlas
[18:11:11] [Server thread/INFO]: Starting integrated minecraft server version 1.8.8
[18:11:11] [Server thread/INFO]: Generating keypair
[18:11:11] [Server thread/INFO]: Preparing start region for level 0
[18:11:12] [Server thread/INFO]: Changing view distance to 16, from 10
[18:11:12] [Server thread/INFO]: rcnerd[local:E:15f0833e] logged in with entity id 645 at (249.95257693013045, 66.5625, 232.35373564047222)
[18:11:12] [Server thread/INFO]: rcnerd joined the game
[18:11:14] [Client thread/WARN]: Needed to grow BufferBuilder buffer: Old size 524288 bytes, new size 2621440 bytes.
[18:11:18] [Server thread/WARN]: Can't keep up! Did the system time change, or is the server overloaded? Running 4808ms behind, skipping 96 tick(s)
[18:11:33] [Chunk Batcher 1/WARN]: Needed to grow BufferBuilder buffer: Old size 524288 bytes, new size 2621440 bytes.
[18:11:34] [Chunk Batcher 0/WARN]: Needed to grow BufferBuilder buffer: Old size 524288 bytes, new size 2621440 bytes.
[18:11:35] [Server thread/WARN]: Can't keep up! Did the system time change, or is the server overloaded? Running 5317ms behind, skipping 106 tick(s)
[18:11:46] [Server thread/INFO]: Saving and pausing game...
[18:11:46] [Server thread/INFO]: Saving chunks for level 'Let's play world(test)'/Overworld
[18:11:46] [Server thread/INFO]: Saving chunks for level 'Let's play world(test)'/Nether
[18:11:46] [Server thread/INFO]: Saving chunks for level 'Let's play world(test)'/The End
[18:17:21] [Server thread/INFO]: Saving and pausing game...
[18:17:21] [Server thread/INFO]: Saving chunks for level 'Let's play world(test)'/Overworld
[18:17:21] [Server thread/INFO]: Saving chunks for level 'Let's play world(test)'/Nether
[18:17:21] [Server thread/INFO]: Saving chunks for level 'Let's play world(test)'/The End
[18:19:08] [Chunk Batcher 1/WARN]: Needed to grow BufferBuilder buffer: Old size 524288 bytes, new size 2621440 bytes.
[18:19:13] [Chunk Batcher 1/WARN]: Needed to grow BufferBuilder buffer: Old size 524288 bytes, new size 2621440 bytes.
[18:19:14] [Chunk Batcher 0/WARN]: Needed to grow BufferBuilder buffer: Old size 524288 bytes, new size 2621440 bytes.
[18:19:16] [Server thread/WARN]: Can't keep up! Did the system time change, or is the server overloaded? Running 2121ms behind, skipping 42 tick(s)
[18:19:38] [Server thread/WARN]: Can't keep up! Did the system time change, or is the server overloaded? Running 4810ms behind, skipping 96 tick(s)
[18:19:55] [Server thread/WARN]: Can't keep up! Did the system time change, or is the server overloaded[18:23:24] [Server thread/INFO]: Starting integrated minecraft server version 1.8.8
[18:23:24] [Server thread/INFO]: Generating keypair
[18:23:24] [Server thread/INFO]: Preparing start region for level 0
[18:23:25] [Server thread/INFO]: Changing view distance to 16, from 10
[18:23:25] [Server thread/INFO]: rcnerd[local:E:b4d52fd3] logged in with entity id 0 at (-459.12259452739886, 94.83216007962714, -10108.083583374108)
[18:23:25] [Server thread/INFO]: rcnerd joined the game
[18:23:27] [Server thread/INFO]: [@: Set the time to 5990]
[18:23:27] [Server thread/INFO]: [@: Replaced slot 0 with 64 * [Iron Ingot]]
[18:23:29] [Server thread/INFO]: [@: Replaced slot 0 with 64 * [Iron Ingot]]
[18:23:30] [Server thread/INFO]: [@: Set the time to 5990]
[18:23:30] [Server thread/INFO]: [@: Replaced slot 0 with 64 * [Iron Ingot]]
[18:23:32] [Server thread/INFO]: [@: Replaced slot 0 with 64 * [Iron Ingot]]
[18:23:34] [Server thread/INFO]: [@: Set the time to 5990]
[18:23:34] [Server thread/INFO]: [@: Replaced slot 0 with 64 * [Iron Ingot]]
[18:23:36] [Client thread/INFO]: [CHAT] /gamemode, /give, /gamerule
[18:23:36] [Server thread/INFO]: [@: Replaced slot 0 with 64 * [Iron Ingot]]
[18:23:36] [Server thread/INFO]: [rcnerd: Set own game mode to Creative Mode]
[18:23:36] [Client thread/INFO]: [CHAT] Your game mode has been updated
[18:23:38] [Server thread/INFO]: [@: Replaced slot 0 with 64 * [Iron Ingot]]
[18:23:38] [Server thread/INFO]: [@: Set the time to 5990]
[18:23:39] [Server thread/INFO]: [@: Replaced slot 0 with 64 * [Iron Ingot]]
[18:23:41] [Server thread/INFO]: [@: Replaced slot 0 with 64 * [Iron Ingot]]
[18:23:42] [Server thread/INFO]: [@: Set the time to 5990]
[18:23:43] [Server thread/INFO]: [@: Replaced slot 0 with 64 * [Iron Ingot]]
[18:23:45] [Server thread/INFO]: [@: Replaced slot 0 with 64 * [Iron Ingot]]
[18:23:46] [Chunk Batcher 0/WARN]: Needed to grow BufferBuilder buffer: Old size 524288 bytes, new size 2621440 bytes.
[18:23:46] [Chunk Batcher 1/WARN]: Needed to grow BufferBuilder buffer: Old size 524288 bytes, new size 2621440 bytes.
[18:23:46] [Chunk Batcher 0/WARN]: Needed to grow BufferBuilder buffer: Old size 2621440 bytes, new size 4718592 bytes.
[18:23:46] [Server thread/INFO]: [@: Set the time to 5990]
[18:23:47] [Server thread/INFO]: [@: Replaced slot 0 with 64 * [Iron Ingot]]
[18:23:47] [Chunk Batcher 0/WARN]: Needed to grow BufferBuilder buffer: Old size 524288 bytes, new size 2621440 bytes.
[18:23:47] [Chunk Batcher 1/WARN]: Needed to grow BufferBuilder buffer: Old size 524288 bytes, new size 2621440 bytes.
[18:23:47] [Chunk Batcher 1/WARN]: Needed to grow BufferBuilder buffer: Old size 2621440 bytes, new size 4718592 bytes.
[18:23:48] [Chunk Batcher 0/WARN]: Needed to grow BufferBuilder buffer: Old size 524288 bytes, new size 2621440 bytes.
[18:23:48] [Server thread/INFO]: [@: Replaced slot 0 with 64 * [Iron Ingot]]
[18:23:49] [Chunk Batcher 0/WARN]: Needed to grow BufferBuilder buffer: Old size 2621440 bytes, new size 4718592 bytes.
[18:23:50] [Server thread/INFO]: [@: Replaced slot 0 with 64 * [Iron Ingot]]
[18:23:51] [Server thread/INFO]: [@: Set the time to 5990]
[18:23:52] [Server thread/INFO]: [@: Replaced slot 0 with 64 * [Iron Ingot]]
[18:23:54] [Server thread/INFO]: [@: Replaced slot 0 with 64 * [Iron Ingot]]
[18:23:55] [Server thread/INFO]: [@: Set the time to 5990]
[18:23:56] [Server thread/INFO]: [@: Replaced slot 0 with 64 * [Iron Ingot]]
[18:23:57] [Server thread/INFO]: [@: Replaced slot 0 with 64 * [Iron Ingot]]
[18:23:59] [Server thread/INFO]: [@: Set the time to 5990]
[18:23:59] [Server thread/INFO]: [@: Replaced slot 0 with 64 * [Iron Ingot]]
[18:24:01] [Server thread/INFO]: [@: Replaced slot 0 with 64 * [Iron Ingot]]
[18:24:03] [Server thread/INFO]: [@: Replaced slot 0 with 64 * [Iron Ingot]]
[18:24:03] [Server thread/INFO]: [@: Set the time to 5990]
[18:24:05] [Server thread/INFO]: [@: Replaced slot 0 with 64 * [Iron Ingot]]
[18:24:06] [Server thread/INFO]: [@: Replaced slot 0 with 64 * [Iron Ingot]]
[18:24:07] [Server thread/INFO]: [@: Set the time to 5990]
[18:24:08] [Server thread/INFO]: [@: Replaced slot 0 with 64 * [Iron Ingot]]
[18:24:09] [Server thread/INFO]: Saving and pausing game...
[18:24:09] [Server thread/INFO]: Saving chunks for level 'Test Tesy'/Overworld
[18:24:09] [Server thread/INFO]: Saving chunks for level 'Test Tesy'/Nether
[18:24:09] [Server thread/INFO]: Saving chunks for level 'Test Tesy'/The End
[18:24:11] [Server thread/INFO]: Stopping server
[18:24:11] [Server thread/INFO]: Saving players
[18:24:11] [Server thread/INFO]:[18:24:22] [Server thread/WARN]: Can't keep up! Did the system time change, or is the server overloaded? Running 2122ms behind, skipping 42 tick(s)
[18:24:36] [Server thread/INFO]: Saving and pausing game...
[18:24:36] [Server thread/INFO]: Saving c[18:24:41] [Server thread/INFO]: Starting integrated minecraft server version 1.8.8
[18:24:41] [Server thread/INFO]: Generating keypair
[18:24:41] [Server thread/INFO]: Preparing start region for level 0
[18:24:41] [Server thread/[18:25:12] [Server thread/WARN]: Can't keep up! Did the system time change, or is the server overloaded? Running 2364ms behind, skipping 47 tick(s)
[18:25:35] [Server thread/WARN]: Can't keep up! Did the system time change, or is the server overloaded? Running 6189ms behind, skipping 123 tick(s)
[18:25:49] [Server thread/WARN]: Can't keep up! Did the system time change, or is the server overloaded? Running 3668ms behind, skipping 73 tick(s)
[18:25:53] [pool-2-thread-2/ERROR]: Signature is missing from textures payload
[18:39:40] [Server thread/WARN]: Can't keep up! Did the system time change, or is the server overloaded? Running 2756ms behind, skipping 55 tick(s)
[18:39:59] [Server thread/WARN]: Can't keep up! Did the system time change, or is the server overloaded? Running 5430ms behind, skipping 108 tick(s)
[18:40:11] [Server thread/WARN]: Can't keep up! Did the system time change, or is the server overloaded? Running 2955ms behind, skipping 59 tick(s)
[18:40:33] [Server thread/WARN]: Can't keep up! Did the system time change, or is the server overloaded? Running 5819ms behind, skipping 116 tick(s)
[18:40:41] [Server thread/INFO]: Saving and pausing game...
[18:40:41] [Server thread/INFO]: Saving chunks for level 'Let's play world(test)'/Overworld
[18:40:41] [Server thread/INFO]: Saving chunks for level 'Let's play world(test)'/Nether
[18:40:41] [Server thread/INFO]: Saving chunks for level 'Let's play world(test)'/The End
[18:42:21] [Server thread/INFO]: Stopping server
[18:42:21] [Server thread/INFO]: Saving players
[18:42:21] [Server thread/INFO]: Saving worlds
[18:42:21] [Server thread/INFO]: Saving chunks for level 'Let's play world(test)'/Overworld
[18:42:21] [Server thread/I[18:42:28] [Server thread/INFO]: Starting integrated minecraft server version 1.8.8
[18:42:28] [Server thread/INFO]: Generating keypair
[18:42:28] [Server thread/INFO]: Preparing start region for level 0
[18:42:28] [Server thread/INFO]: Changing view distance to 16, from 10
[18:42:28] [Server thread/INFO]: [@: Set the time to 5990]
[18:42:28] [Server thread/INFO]: rcnerd[local:E:0cb91165] logged in with entity id 84466 at (-454.02722421496316, 100.0, -10108.888540009752)
[18:42:28] [Server thread/INFO]: rcnerd joined the game
[18:42:29] [Server thread/INFO]: [@: Replaced slot 0 with 64 * [Iron Ingot]]
[18:42:30] [Client thread/INFO]: [CHAT] /gamemode, /give, /gamerule
[18:42:31] [Server thread/INFO]: [@: Replaced slot 0 with 64 * [Iron Ingot]]
[18:42:31] [Server thread/INFO]: [rcnerd: Set own game mode to Spectator Mode]
[18:42:31] [Client thread/INFO]: [CHAT] Your game mode has been updated
[18:42:33] [Server thread/INFO]: [@: Set the time to 5990]
[18:42:33] [Server thread/INFO]: [@: Replaced slot 0 with 64 * [Iron Ingot]]
[18:42:35] [Server thread/INFO]: [@: Replaced slot 0 with 64 * [Iron Ingot]]
[18:42:36] [Server thread/INFO]: [@: Replaced slot 0 with 64 * [Iron Ingot]]
[18:42:37] [Server thread/INFO]: [@: Set the time to 5990]
[18:42:38] [Server thread/INFO]: [@: Replaced slot 0 with 64 * [Iron Ingot]]
[18:42:40] [Server thread/INFO]: [@: Replaced slot 0 with 64 * [Iron Ingot]]
[18:42:41] [Server thread/INFO]: [@: Set the time to 5990]
[18:42:42] [Server thread/INFO]: [@: Replaced slot 0 with 64 * [Iron Ingot]]
[18:42:44] [Server thread/INFO]: [@: Replaced slot 0 with 64 * [Iron Ingot]]
[18:42:45] [Server thread/INFO]: [@: Set the time to 5990]
[18:42:45] [Server thread/INFO]: [@: Replaced slot 0 with 64 * [Iron Ingot]]
[18:42:47] [Server thread/INFO]: [@: Replaced slot 0 with 64 * [Iron Ingot]]
[18:42:49] [Server thread/INFO]: [@: Replaced slot 0 with 64 * [Iron Ingot]]
[18:42:49] [Server thread/INFO]: [@: Set the time to 5990]
[18:42:51] [Server thread/INFO]: [@: Replaced slot 0 with 64 * [Iron Ingot]]
[18:42:53] [Server thread/INFO]: [@: Replaced slot 0 with 64 * [Iron Ingot]]
[18:42:54] [Server thread/INFO]: [@: Set the time to 5990]
[18:42:54] [Server thread/INFO]: [@: Replaced slot 0 with 64 * [Iron Ingot]]
[18:42:56] [Server thread/INFO]: [@: Replaced slot 0 with 64 * [Iron Ingot]]
[18:42:58] [Server thread/INFO]: [@: Set the time to 5990]
[18:42:58] [Server thread/INFO]: [@: Replaced slot 0 with 64 * [Iron Ingot]]
[18:43:00] [Server thread/INFO]: [@: Replaced slot 0 with 64 * [Iron Ingot]]
[18:43:02] [Server thread/INFO]: [@: Replaced slot 0 with 64 * [Iron Ingot]]
[18:43:02] [Server thread/INFO]: [@: Set the time to 5990]
[18:43:03] [Server thread/INFO]: [@: Replaced slot 0 with 64 * [Iron Ingot]]
[18:43:05] [Server thread/INFO]: [@: Replaced slot 0 with 64 * [Iron Ingot]]
[18:43:06] [Server thread/INFO]: [@: Set the time to 5990]
[18:43:07] [Server thread/INFO]: [@: Replaced slot 0 with 64 * [Iron Ingot]]
[18:43:09] [Server thread/INFO]: [@: Replaced slot 0 with 64 * [Iron Ingot]]
[18:43:10] [Server thread/INFO]: [@: Set the time to 5990]
[18:43:11] [Server thread/INFO]: [@: Replaced slot 0 with 64 * [Iron Ingot]]
[18:43:12] [Server thread/INFO]: [@: Replaced slot 0 with 64 * [Iron Ingot]]
[18:43:14] [Server thread/INFO]: [@: Replaced slot 0 with 64 * [Iron Ingot]]
[18:43:15] [Server thread/INFO]: [@: Set the time to 5990]
[18:43:16] [Server thread/INFO]: [@: Replaced slot 0 with 64 * [Iron Ingot]]
[18:43:18] [Server thread/INFO]: [@: Replaced slot 0 with 64 * [Iron Ingot]]
[18:43:19] [Server thread/INFO]: [@: Set the time to 5990]
[18:43:20] [Server thread/INFO]: [@: Replaced slot 0 with 64 * [Iron Ingot]]
[18:43:21] [Server thread/INFO]: [@: Replaced slot 0 with 64 * [Iron Ingot]]
[18:43:23] [Server thread/INFO]: [@: Set the time to 5990]
[18:43:23] [Server thread/INFO]: [@: Replaced slot 0 with 64 * [Iron Ingot]]
[18:43:25] [Server thread/INFO]: [@: Replaced slot 0 with 64 * [Iron Ingot]]
[18:43:27] [Server thread/INFO]: [@: Replaced slot 0 with 64 * [Iron Ingot]]
[18:43:27] [Server thread/INFO]: [@: Set the time to 5990]
[18:43:29] [Server thread/INFO]: [@: Replaced slot 0 with 64 * [Iron Ingot]]
[18:43:30] [Server thread/INFO]: [@: Replaced slot 0 with 64 * [Iron Ingot]]
[18:43:31] [Server thread/INFO]: [@: Set the time to 5990]
[18:43:32] [Server thread/INFO]: [@: Replaced slot 0 with 64 * [Iron Ingot]]
[18:43:33] [Chunk Batcher 0/WARN]: Needed to grow BufferBuilder buffer: Old size 2621440 bytes, new size 4718592 bytes.
[18:43:34] [Server thread/INFO]: [@: Replaced slot 0 with 64 * [Iron Ingot]]
[18:43:36] [Server thread/INFO]: [@: Set the time to 5990]
[18:43:36] [Server thread/INFO]: [@: Replaced slot 0 with 64 * [Iron Ingot]]
[18:43:38] [Server thread/INFO]: [@: Replaced slot 0 with 64 * [Iron Ingot]]
[18:43:39] [Server thread/INFO]: [@: Replaced slot 0 with 64 * [Iron Ingot]]
[18:43:40] [Server thread/INFO]: [@: Set the time to 5990]
[18:43:41] [Server thread/INFO]: [@: Replaced slot 0 with 64 * [Iron Ingot]]
[18:43:43] [Server thread/INFO]: [@: Replaced slot 0 with 64 * [Iron Ingot]]
[18:43:44] [Server thread/INFO]: [@: Set the time to 5990]
[18:43:45] [Server thread/INFO]: [@: Replaced slot 0 with 64 * [Iron Ingot]]
[18:43:47] [Server thread/INFO]: [@: Replaced slot 0 with 64 * [Iron Ingot]]
[18:43:48] [Server thread/INFO]: [@: Set the time to 5990]
[18:43:48] [Server thread/INFO]: [@: Replaced slot 0 with 64 * [Iron Ingot]]
[18:43:50] [Server thread/INFO]: [@: Replaced slot 0 with 64 * [Iron Ingot]]
[18:43:52] [Server thread/INFO]: [@: Replaced slot 0 with 64 * [Iron Ingot]]
[18:43:52] [Client thread/INFO]: [CHAT] /gamemode, /give, /gamerule
[18:43:52] [Server thread/INFO]: [@: Set the time to 5990]
[18:43:53] [Server thread/INFO]: [rcnerd: Set own game mode to Creative Mode]
[18:43:53] [Client thread/INFO]: [CHAT] Your game mode has been updated
[18:43:54] [Server thread/INFO]: [@: Replaced slot 0 with 64 * [Iron Ingot]]
[18:43:56] [Server thread/INFO]: [@: Replaced slot 0 with 64 * [Iron Ingot]]
[18:43:57] [Server thread/INFO]: [@: Set the time to 5990]
[18:43:57] [Server thread/INFO]: [@: Replaced slot 0 with 64 * [Iron Ingot]]
[18:43:59] [Server thread/INFO]: [@: Replaced slot 0 with 64 * [Iron Ingot]]
[18:44:01] [Server thread/INFO]: [@: Set the time to 5990]
[18:44:01] [Server thread/INFO]: [@: Replaced slot 0 with 64 * [Iron Ingot]]
[18:44:03] [Server thread/INFO]: [@: Replaced slot 0 with 64 * [Iron Ingot]]
[18:44:05] [Server thread/INFO]: [@: Replaced slot 0 with 64 * [Iron Ingot]]
[18:44:05] [Server thread/INFO]: [@: Set the time to 5990]
[18:44:06] [Server thread/INFO]: [@: Replaced slot 0 with 64 * [Iron Ingot]]
[18:44:08] [Server thread/INFO]: [@: Replaced slot 0 with 64 * [Iron Ingot]]
[18:44:09] [Server thread/INFO]: [@: Set the time to 5990]
[18:44:10] [Server thread/INFO]: [@: Replaced slot 0 with 64 * [Iron Ingot]]
[18:44:12] [Server thread/INFO]: [@: Replaced slot 0 with 64 * [Iron Ingot]]
[18:44:13] [Server thread/INFO]: [@: Set the time to 5990]
[18:44:14] [Server thread/INFO]: [@: Replaced slot 0 with 64 * [Iron Ingot]]
[18:44:15] [Server thread/INFO]: [@: Replaced slot 0 with 64 * [Iron Ingot]]
[18:44:17] [Server thread/INFO]: [@: Replaced slot 0 with 64 * [Iron Ingot]]
[18:44:18] [Server thread/INFO]: [@: Set the time to 5990]
[18:44:19] [Server thread/INFO]: [@: Replaced slot 0 with 64 * [Iron Ingot]]
[18:44:21] [Server thread/INFO]: [@: Replaced slot 0 with 64 * [Iron Ingot]]
[18:44:22] [Server thread/INFO]: [@: Set the time to 5990]
[18:44:23] [Server thread/INFO]: [@: Replaced slot 0 with 64 * [Iron Ingot]]
[18:44:24] [Server thread/INFO]: [@: Replaced slot 0 with 64 * [Iron Ingot]]
[18:44:26] [Server thread/INFO]: [@: Set the time to 5990]
[18:44:26] [Server thread/INFO]: [@: Replaced slot 0 with 64 * [Iron Ingot]]
[18:44:28] [Server thread/INFO]: [@: Replaced slot 0 with 64 * [Iron Ingot]]
[18:44:30] [Server thread/INFO]: [@: Replaced slot 0 with 64 * [Iron Ingot]]
[18:44:30] [Server thread/INFO]: [@: Set the time to 5990]
[18:44:32] [Server thread/INFO]: [@: Replaced slot 0 with 64 * [Iron Ingot]]
[18:44:33] [Server thread/INFO]: [@: Replaced slot 0 with 64 * [Iron Ingot]]
[18:44:34] [Server thread/INFO]: [@: Set the time to 5990]
[18:44:35] [Server thread/INFO]: [@: Replaced slot 0 with 64 * [Iron Ingot]]
[18:44:37] [Server thread/INFO]: [@: Replaced slot 0 with 64 * [Iron Ingot]]
[18:44:39] [Server thread/INFO]: [@: Set the time to 5990]
[18:44:39] [Server thread/INFO]: [@: Replaced slot 0 with 64 * [Iron Ingot]]
[18:44:41] [Server thread/INFO]: [@: Replaced slot 0 with 64 * [Iron Ingot]]
[18:44:42] [Server thread/INFO]: [@: Replaced slot 0 with 64 * [Iron Ingot]]
[18:44:43] [Server thread/INFO]: [@: Set the time to 5990]
[18:44:44] [Server thread/INFO]: [@: Replaced slot 0 with 64 * [Iron Ingot]]
[18:44:46] [Server thread/INFO]: [@: Replaced slot 0 with 64 * [Iron Ingot]]
[18:44:47] [Server thread/INFO]: [@: Set the time to 5990]
[18:44:48] [Server thread/INFO]: [@: Replaced slot 0 with 64 * [Iron Ingot]]
[18:44:50] [Server thread/INFO]: [@: Replaced slot 0 with 64 * [Iron Ingot]]
[18:44:51] [Server thread/INFO]: [@: Set the time to 5990]
[18:44:51] [Server thread/INFO]: [@: Replaced slot 0 with 64 * [Iron Ingot]]
[18:44:53] [Server thread/INFO]: [@: Replaced slot 0 with 64 * [Iron Ingot]]
[18:44:55] [Server thread/INFO]: [@: Replaced slot 0 with 64 * [Iron Ingot]]
[18:44:55] [Server thread/INFO]: [@: Set the time to 5990]
[18:44:57] [Server thread/INFO]: [@: Replaced slot 0 with 64 * [Iron Ingot]]
[18:44:59] [Server thread/INFO]: [@: Replaced slot 0 with 64 * [Iron Ingot]]
[18:45:00] [Server thread/INFO]: [@: Set the time to 5990]
[18:45:00] [Server thread/INFO]: [@: Replaced slot 0 with 64 * [Iron Ingot]]
[18:45:02] [Server thread/INFO]: [@: Replaced slot 0 with 64 * [Iron Ingot]]
[18:45:04] [Server thread/INFO]: [@: Set the time to 5990]
[18:45:04] [Server thread/INFO]: [@: Replaced slot 0 with 64 * [Iron Ingot]]
[18:45:06] [Server thread/INFO]: [@: Replaced slot 0 with 64 * [Iron Ingot]]
[18:45:08] [Server thread/INFO]: [@: Replaced slot 0 with 64 * [Iron Ingot]]
[18:45:08] [Server thread/INFO]: [@: Set the time to 5990]
[18:45:09] [Server thread/INFO]: [@: Replaced slot 0 with 64 * [Iron Ingot]]
[18:45:11] [Server thread/INFO]: [@: Replaced slot 0 with 64 * [Iron Ingot]]
[18:45:12] [Server thread/INFO]: [@: Set the time to 5990]
[18:45:13] [Server thread/INFO]: [@: Replaced slot 0 with 64 * [Iron Ingot]]
[18:45:15] [Server thread/INFO]: [@: Replaced slot 0 with 64 * [Iron Ingot]]
[18:45:16] [Server thread/INFO]: [@: Set the time to 5990]
[18:45:17] [Server thread/INFO]: [@: Replaced slot 0 with 64 * [Iron Ingot]]
[18:45:18] [Server thread/INFO]: [@: Replaced slot 0 with 64 * [Iron Ingot]]
[18:45:20] [Server thread/INFO]: [@: Replaced slot 0 with 64 * [Iron Ingot]]
[18:45:21] [Server thread/INFO]: [@: Set the time to 5990]
[18:45:22] [Server thread/INFO]: [@: Replaced slot 0 with 64 * [Iron Ingot]]
[18:45:24] [Server thread/INFO]: [@: Replaced slot 0 with 64 * [Iron Ingot]]
[18:45:25] [Server thread/INFO]: [@: Set the time to 5990]
[18:45:26] [Server thread/INFO]: [@: Replaced slot 0 with 64 * [Iron Ingot]]
[18:45:27] [Server thread/INFO]: [@: Replaced slot 0 with 64 * [Iron Ingot]]
[18:45:29] [Server thread/INFO]: [@: Set the time to 5990]
[18:45:29] [Server thread/INFO]: [@: Replaced slot 0 with 64 * [Iron Ingot]]
[18:45:31] [Server thread/INFO]: [@: Replaced slot 0 with 64 * [Iron Ingot]]
[18:45:33] [Server thread/INFO]: [@: Replaced slot 0 with 64 * [Iron Ingot]]
[18:45:33] [Server thread/INFO]: [@: Set the time to 5990]
[18:45:35] [Server thread/INFO]: [@: Replaced slot 0 with 64 * [Iron Ingot]]
[18:45:36] [Server thread/INFO]: [@: Replaced slot 0 with 64 * [Iron Ingot]]
[18:45:37] [Server thread/INFO]: [@: Set the time to 5990]
[18:45:38] [Server thread/INFO]: [@: Replaced slot 0 with 64 * [Iron Ingot]]
[18:45:40] [Server thread/INFO]: [@: Replaced slot 0 with 64 * [Iron Ingot]]
[18:45:42] [Server thread/INFO]: [@: Set the time to 5990]
[18:45:42] [Server thread/INFO]: [@: Replaced slot 0 with 64 * [Iron Ingot]]
[18:45:44] [Server thread/INFO]: [@: Replaced slot 0 with 64 * [Iron Ingot]]
[18:45:45] [Server thread/INFO]: [@: Replaced slot 0 with 64 * [Iron Ingot]]
[18:45:46] [Server thread/INFO]: [@: Set the time to 5990]
[18:45:47] [Server thread/INFO]: [@: Replaced slot 0 with 64 * [Iron Ingot]]
[18:45:49] [Server thread/INFO]: [@: Replaced slot 0 with 64 * [Iron Ingot]]
[18:45:50] [Server thread/INFO]: [@: Set the time to 5990]
[18:45:51] [Server thread/INFO]: [@: Replaced slot 0 with 64 * [Iron Ingot]]
[18:45:53] [Server thread/INFO]: [@: Replaced slot 0 with 64 * [Iron Ingot]]
[18:45:53] [Server thread/INFO]: rcnerd fell out of the world
[18:45:53] [Server thread/INFO]: [@: Killed rcnerd]
[18:45:53] [Client thread/INFO]: [CHAT] rcnerd fell out of the world
[18:45:54] [Server thread/INFO]: [@: Set the time to 5990]
[18:45:54] [Server thread/INFO]: [@: Replaced slot 0 with 64 * [Iron Ingot]]
[18:45:56] [Server thread/INFO]: [@: Replaced slot 0 with 64 * [Iron Ingot]]
[18:45:56] [pool-2-thread-4/ERROR]: Signature is missing from textures payload
[18:45:58] [Server thread/INFO]: [@: Set the time to 5990]
[18:46:03] [Server thread/INFO]: [@: Set the time to 5990]
[18:46:07] [Server thread/INFO]: [@: Set the time to 5990]
[18:46:11] [Server thread/INFO]: [@: Set the time to 5990]
[18:46:15] [Server thread/INFO]: [@: Set the time to 5990]
[18:46:19] [Server thread/INFO]: [@: Set the time to 5990]
[18:46:24] [Server thread/INFO]: [@: Set the time to 5990]
[18:46:24] [Server thread/INFO]: [@: Teleported rcnerd to 616.5, 91.0, -10087.5]
[18:46:28] [Server thread/INFO]: [@: Set the time to 5990]
[18:46:32] [Server thread/INFO]: [@: Set the time to 5990]
[18:46:36] [Server thread/INFO]: [@: Set the time to 5990]
[18:46:40] [Server thread/INFO]: [@: Set the time to 5990]
[18:46:45] [Server thread/INFO]: [@: Set the time to 5990]
[18:46:49] [Server thread/INFO]: [@: Set the time to 5990]
[18:46:53] [Server thread/INFO]: [@: Set the time to 5990]
[18:46:57] [Server thread/INFO]: [@: Set the time to 5990]
[18:47:01] [Server thread/INFO]: [@: Set the time to 5990]
[18:47:06] [Server thread/INFO]: [@: Set the time to 5990]
[18:47:10] [Server thread/INFO]: [@: Set the time to 5990]
[18:47:14] [Server thread/INFO]: [@: Set the time to 5990]
[18:47:18] [Server thread/INFO]: [@: Set the time to 5990]
[18:47:22] [Server thread/INFO]: [@: Set the time to 5990]
[18:47:27] [Server thread/INFO]: [@: Set the time to 5990]
[18:47:31] [Server thread/INFO]: [@: Set the time to 5990]
[18:47:35] [Server thread/INFO]: [@: Set the time to 5990]
[18:47:39] [Server thread/INFO]: [@: Set the time to 5990]
[18:47:43] [Server thread/INFO]: [@: Set the time to 5990]
[18:47:48] [Server thread/INFO]: [@: Set the time to 5990]
[18:47:52] [Server thread/INFO]: [@: Set the time to 5990]
[18:47:56] [Server thread/INFO]: [@: Set the time to 5990]
[18:48:00] [Server thread/INFO]: [@: Set the time to 5990]
[18:48:04] [Server thread/INFO]: [@: Set the time to 5990]
[18:48:09] [Server thread/INFO]: [@: Set the time to 5990]
[18:48:13] [Server thread/INFO]: [@: Set the time to 5990]
[18:48:17] [Server thread/INFO]: [@: Set the time to 5990]
[18:48:21] [Server thread/INFO]: [@: Set the time to 5990]
[18:48:25] [Server thread/INFO]: rcnerd fell out of the world
[18:48:25] [Server thread/INFO]: [@: Killed rcnerd]
[18:48:25] [Client thread/INFO]: [CHAT] rcnerd fell out of the world
[18:48:25] [Server thread/INFO]: [@: Set the time to 5990]
[18:48:30] [Server thread/INFO]: [@: Set the time to 5990]
[18:48:34] [Server thread/INFO]: [@: Set the time to 5990]
[18:48:38] [Server thread/INFO]: [@: Set the time to 5990]
[18:48:42] [Server thread/INFO]: [@: Set the time to 5990]
[18:48:46] [Server thread/INFO]: [@: Set the time to 5990]
[18:48:51] [Server thread/INFO]: [@: Set the time to 5990]
[18:48:55] [Server thread/INFO]: [@: Set the time to 5990]
[18:48:59] [Server thread/INFO]: [@: Set the time to 5990]
[18:48:59] [Server thread/INFO]: [@: Teleported rcnerd to 1620.5, 91.0, -85.5]
[18:49:03] [Server thread/INFO]: [@: Set the time to 5990]
[18:49:07] [Server thread/INFO]: [@: Set the time to 5990]
[18:49:12] [Server thread/INFO]: [@: Set the time to 5990]
[18:49:16] [Server thread/INFO]: [@: Set the time to 5990]
[18:49:20] [Server thread/INFO]: [@: Set the time to 5990]
[18:49:24] [Server thread/INFO]: [@: Set the time to 5990]
[18:49:28] [Server thread/INFO]: [@: Set the time to 5990]
[18:49:33] [Server thread/INFO]: [@: Set the time to 5990]
[18:49:37] [Server thread/INFO]: [@: Set the time to 5990]
[18:49:41] [Server thread/INFO]: [@: Set the time to 5990]
[18:49:45] [Server thread/INFO]: [@: Set the time to 5990]
[18:49:49] [Server thread/INFO]: [@: Set the time to 5990]
[18:49:54] [Server thread/INFO]: [@: Set the time to 5990]
[18:49:58] [Server thread/INFO]: [@: Set the time to 5990]
[18:50:02] [Server thread/INFO]: [@: Set the time to 5990]
[18:50:06] [Server thread/INFO]: [@: Set the time to 5990]
[18:50:10] [Server thread/INFO]: [@: Set the time to 5990]
[18:50:15] [Server thread/INFO]: [@: Set the time to 5990]
[18:50:19] [Server thread/INFO]: [@: Set the time to 5990]
[18:50:22] [Server thread/INFO]: rcnerd fell out of the world
[18:50:22] [Server thread/INFO]: [@: Killed rcnerd]
[18:50:22] [Client thread/INFO]: [CHAT] rcnerd fell out of the world
[18:50:23] [Server thread/INFO]: [@: Set the time to 5990]
[18:50:27] [Server thread/INFO]: [@: Set the time to 5990]
[18:50:31] [Server thread/INFO]: [@: Set the time to 5990]
[18:50:36] [Server thread/INFO]: [@: Set the time to 5990]
[18:50:40] [Server thread/INFO]: [@: Set the time to 5990]
[18:50:44] [Server thread/INFO]: [@: Set the time to 5990]
[18:50:48] [Server thread/INFO]: [@: Set the time to 5990]
[18:50:51] [Server thread/INFO]: Saving and pausing game...
[18:50:51] [Server thread/INFO]: Saving chunks for level 'Test Tesy'/Overworld
[18:50:51] [Server thread/INFO]: Saving chunks for level 'Test Tesy'/Nether
[18:50:51] [Server thread/INFO]: Saving chunks for level 'Test Tesy'/The End
[18:50:53] [Server thread/INFO]: Stopping server
[18:50:53] [Server thread/INFO]: Saving players
[18:50:53] [Server thread/INFO]: Saving worlds
[18:50:53] [Server thread/INFO]: Saving chunks for level 'Test Tesy'/Overworld
[18:50:53] [Server thread/INFO]: Saving chunks for level 'Test Tesy'/Nether
[18:50:53] [Server thread/INFO]: Saving chunks for level 'Test Tesy'/The End
[18:51:04] [Server thread/INFO]: Starting integrated minecraft server version 1.8.8
[18:51:04] [Server thread/INFO]: Generating keypair
[18:51:04] [Server thread/INFO]: Preparing start region for level 0
[18:51:04] [Server thread/INFO]: Changing view distance to 16, from 10
[18:51:04] [Server thread/INFO]: rcnerd[local:E:b76bc2b7] logged in with entity id 817150 at (605.5, 56.0, -80.5)
[18:51:04] [Server thread/INFO]: rcnerd joined the game
[18:51:05] [Server thread/INFO]: [@: Set the time to 5990]
[18:51:09] [Server thread/INFO]: [@: Set the time to 5990]
[18:51:11] [Server thread/INFO]: [@: Teleported rcnerd to 918.5, 91.0, 618.5]
[18:51:14] [Server thread/INFO]: [@: Set the time to 5990]
[18:51:18] [Server thread/INFO]: [@: Set the time to 5990]
[18:51:22] [Server thread/INFO]: [@: Set the time to 5990]
[18:51:26] [Server thread/INFO]: [@: Set the time to 5990]
[18:51:30] [Server thread/INFO]: [@: Set the time to 5990]
[18:51:35] [Server thread/INFO]: [@: Set the time to 5990]
[18:51:39] [Server thread/INFO]: [@: Set the time to 5990]
[18:51:43] [Server thread/INFO]: [@: Set the time to 5990]
[18:51:47] [pool-2-thread-5/ERROR]: Signature is missing from textures payload
[18:51:49] [Server thread/INFO]: [@: Set the time to 5990]
[18:51:51] [Server thread/INFO]: [@: Set the time to 5990]
[18:51:56] [Server thread/INFO]: [@: Set the time to 5990]
[18:52:00] [Server thread/INFO]: [@: Set the time to 5990]
[18:52:04] [Server thread/INFO]: [@: Set the time to 5990]
[18:52:08] [Server thread/INFO]: [@: Set the time to 5990]
[18:52:12] [Server thread/INFO]: [@: Set the time to 5990]
[18:52:17] [Server thread/INFO]: [@: Set the time to 5990]
[18:52:21] [Server thread/INFO]: [@: Set the time to 5990]
[18:52:25] [Server thread/INFO]: [@: Set the time to 5990]
[18:52:29] [Server thread/INFO]: [@: Set the time to 5990]
[18:52:33] [Server thread/INFO]: [@: Set the time to 5990]
[18:52:38] [Server thread/INFO]: [@: Set the time to 5990]
[18:52:42] [Server thread/INFO]: [@: Set the time to 5990]
[18:52:46] [Server thread/INFO]: [@: Set the time to 5990]
[18:52:50] [Server thread/INFO]: [@: Set the time to 5990]
[18:52:54] [Server thread/INFO]: [@: Set the time to 5990]
[18:52:59] [Server thread/INFO]: [@: Set the time to 5990]
[18:53:03] [Server thread/INFO]: [@: Set the time to 5990]
[18:53:07] [Server thread/INFO]: [@: Set the time to 5990]
[18:53:11] [Server thread/INFO]: [@: Set the time to 5990]
[18:53:15] [Server thread/INFO]: [@: Set the time to 5990]
[18:53:20] [Server thread/INFO]: [@: Set the time to 5990]
[18:53:24] [Server thread/INFO]: [@: Set the time to 5990]
[18:53:28] [Server thread/INFO]: [@: Set the time to 5990]
[18:53:32] [Server thread/INFO]: [@: Set the time to 5990]
[18:53:36] [Server thread/INFO]: [@: Set the time to 5990]
[18:53:41] [Server thread/INFO]: [@: Set the time to 5990]
[18:53:45] [Server thread/INFO]: [@: Set the time to 5990]
[18:53:49] [Server thread/INFO]: [@: Set the time to 5990]
[18:53:53] [Server thread/INFO]: [@: Set the time to 5990]
[18:53:57] [Server thread/INFO]: [@: Set the time to 5990]
[18:54:02] [Server thread/INFO]: [@: Set the time to 5990]
[18:54:06] [Server thread/INFO]: [@: Set the time to 5990]
[18:54:10] [Server thread/INFO]: [@: Set the time to 5990]
[18:54:14] [Server thread/INFO]: [@: Set the time to 5990]
[18:54:18] [Server thread/INFO]: [@: Set the time to 5990]
[18:54:23] [Server thread/INFO]: [@: Set the time to 5990]
[18:54:27] [Server thread/INFO]: [@: Set the time to 5990]
[18:54:31] [Server thread/INFO]: [@: Set the time to 5990]
[18:54:35] [Server thread/INFO]: [@: Set the time to 5990]
[18:54:39] [Server thread/INFO]: [@: Set the time to 5990]
[18:54:44] [Server thread/INFO]: [@: Set the time to 5990]
[18:54:48] [Server thread/INFO]: [@: Set the time to 5990]
[18:54:52] [Server thread/INFO]: [@: Set the time to 5990]
[18:54:56] [Server thread/INFO]: [@: Set the time to 5990]
[18:55:00] [Server thread/INFO]: [@: Set the time to 5990]
[18:55:05] [Server thread/INFO]: [@: Set the time to 5990]
[18:55:09] [Server thread/INFO]: [@: Set the time to 5990]
[18:55:13] [Server thread/INFO]: [@: Set the time to 5990]
[18:55:17] [Server thread/INFO]: [@: Set the time to 5990]
[18:55:23] [Server thread/INFO]: [@: Set the time to 5990]
[18:55:26] [Server thread/INFO]: [@: Set the time to 5990]
[18:55:30] [Server thread/INFO]: [@: Set the time to 5990]
[18:55:34] [Server thread/INFO]: [@: Set the time to 5990]
[18:55:38] [Server thread/INFO]: [@: Set the time to 5990]
[18:55:42] [Server thread/INFO]: [@: Set the time to 5990]
[18:55:47] [Server thread/INFO]: [@: Set the time to 5990]
[18:55:51] [Server thread/INFO]: [@: Set the time to 5990]
[18:55:55] [Server thread/INFO]: [@: Set the time to 5990]
[18:55:59] [Server thread/INFO]: [@: Set the time to 5990]
[18:56:03] [Server thread/INFO]: [@: Set the time to 5990]
[18:56:08] [Server thread/INFO]: [@: Set the time to 5990]
[18:56:13] [Server thread/INFO]: [@: Set the time to 5990]
[18:56:16] [Server thread/INFO]: [@: Set the time to 5990]
[18:56:20] [Server thread/INFO]: [@: Set the time to 5990]
[18:56:23] [Server thread/INFO]: rcnerd fell out of the world
[18:56:23] [Server thread/INFO]: [@: Killed rcnerd]
[18:56:23] [Client thread/INFO]: [CHAT] rcnerd fell out of the world
[18:56:24] [Server thread/INFO]: [@: Set the time to 5990]
[18:56:26] [Server thread/INFO]: Saving and pausing game...
[18:56:26] [Server thread/INFO]: Saving chunks for level 'Test Tesy'/Overworld
[18:56:26] [Server thread/INFO]: Saving chunks for level 'Test Tesy'/Nether
[18:56:26] [Server thread/INFO]: Saving chunks for level 'Test Tesy'/The End
[18:56:30] [Server thread/INFO]: Stopping server
[18:56:30] [Server thread/INFO]: Saving players
[18:56:30] [Server thread/INFO]: Saving worlds
[18:56:30] [Server thread/INFO]: Saving chunks for level 'Test Tesy'/Overworld
[18:56:30] [Server thread/INFO]: Saving chunks for level 'Test Tesy'/Nether
[18:56:30] [Server thread/INFO]: Saving chunks for level 'Test Tesy'/The End
[18:56:37] [Server thread/INFO]: Starting integrated minecraft server version 1.8.8
[18:56:37] [Server thread/INFO]: Generating keypair
[18:56:37] [Server thread/INFO]: Preparing start region for level 0
[18:56:37] [Server thread/INFO]: rcnerd[local:E:2b793eef] logged in with entity id 918181 at (294.2647995939893, 151.0, 314.4651714317745)
[18:56:37] [Server thread/INFO]: rcnerd joined the game
[18:56:38] [Server thread/INFO]: Changing view distance to 16, from 10
[18:56:40] [Client thread/WARN]: Needed to grow BufferBuilder buffer: Old size 524288 bytes, new size 2621440 bytes.
[18:56:58] [Server thread/WARN]: Fetching addPacket for removed entity
[18:57:17] [Server thread/INFO]: [rcnerd: Teleported rcnerd to 301.17501107134643, 203.1761343995189, 288.8268507983813]
[18:57:17] [Client thread/INFO]: [CHAT] Teleported rcnerd to 301.17501107134643, 203.1761343995189, 288.8268507983813
[18:57:31] [Server thread/INFO]: [rcnerd: Cleared the inventory of rcnerd, removing 3 items]
[18:57:32] [Client thread/INFO]: [CHAT] Cleared the inventory of rcnerd, removing 3 items
[18:59:24] [Server thread/INFO]: [rcnerd: Teleported rcnerd to 299.30000001192093, 67.20000004768373, 321.69999998807907]
[18:59:24] [Client thread/INFO]: [CHAT] Teleported rcnerd to 299.30000001192093, 67.20000004768373, 321.69999998807907
[18:59:29] [Server thread/INFO]: [rcnerd: Teleported rcnerd to 301.30000001192093, 67.20000004768373, 323.69999998807907]
[18:59:29] [Client thread/INFO]: [CHAT] Teleported rcnerd to 301.30000001192093, 67.20000004768373, 323.69999998807907
[18:59:39] [Server thread/INFO]: [rcnerd: Teleported rcnerd to 299.30000001192093, 67.20000004768373, 325.69999998807907]
[18:59:39] [Client thread/INFO]: [CHAT] Teleported rcnerd to 299.30000001192093, 67.20000004768373, 325.69999998807907
[18:59:41] [Server thread/INFO]: [rcnerd: Teleported rcnerd to 297.30000001192093, 67.20000004768373, 327.69999998807907]
[18:59:41] [Client thread/INFO]: [CHAT] Teleported rcnerd to 297.30000001192093, 67.20000004768373, 327.69999998807907
[18:59:51] [Server thread/INFO]: [rcnerd: Teleported rcnerd to 295.30000001192093, 67.20000004768373, 325.30000001192093]
[18:59:51] [Client thread/INFO]: [CHAT] Teleported rcnerd to 295.30000001192093, 67.20000004768373, 325.30000001192093
[19:02:00] [Server thread/INFO]: Saving and pausing game...
[19:02:00] [Server thread/INFO]: Saving chunks for level 'Future Let's play world'/Overworld
[19:02:00] [Server thread/INFO]: Saving chunks for level 'Future Let's play world'/Nether
[19:02:00] [Server thread/INFO]: Saving chunks for level 'Future Let's play world'/The End
[19:02:02] [Server thread/INFO]: Stopping server
[19:02:02] [Server thread/INFO]: Saving players
[19:02:02] [Server thread/INFO]: Saving worlds
[19:02:02] [Server thread/INFO]: Saving chunks for level 'Future Let's play world'/Overworld
[19:02:02] [Server thread/INFO]: Saving chunks for level 'Future Let's play world'/Nether
[19:02:02] [Server thread/INFO]: Saving chunks for level 'Future Let's play world'/The End
