[13:36:20] [Client thread/INFO]: Setting user: rcnerd
[13:36:20] [Client thread/INFO]: (Session ID is token:0541099b95df4eda90a3199b420ba398:2b14785b313c4c35ba883f2e95b9dcdd)
[13:36:21] [Client thread/INFO]: LWJGL Version: 2.9.4
[13:36:22] [Client thread/INFO]: Reloading ResourceManager: Default, Misa-converted-1389576244633, Misa Patch Les 1.8
[13:36:22] [Sound Library Loader/INFO]: Starting up SoundSystem...
[13:36:22] [Thread-6/INFO]: Initializing LWJGL OpenAL
[13:36:22] [Thread-6/INFO]: (The LWJGL binding of OpenAL.  For more information, see http://www.lwjgl.org)
[13:36:23] [Thread-6/INFO]: OpenAL initialized.
[13:36:23] [Sound Library Loader/INFO]: Sound engine started
[13:36:32] [Client thread/INFO]: Created: 2048x2048 textures-atlas
[13:36:46] [Server thread/INFO]: Starting integrated minecraft server version 1.8.7
[13:36:46] [Server thread/INFO]: Generating keypair
[13:36:46] [Server thread/INFO]: Preparing start region for level 0
[13:36:47] [Server thread/INFO]: rcnerd[local:E:011621c0] logged in with entity id 612 at (299.622991930804, 67.0, 191.30000001192093)
[13:36:47] [Server thread/INFO]: rcnerd joined the game
[13:36:47] [Server thread/INFO]: Changing view distance to 16, from 10
[13:36:52] [Server thread/WARN]: Can't keep up! Did the system time change, or is the server overloaded? Running 2206ms behind, skipping 44 tick(s)
[13:37:06] [Chunk Batcher 1/WARN]: Needed to grow BufferBuilder buffer: Old size 524288 bytes, new size 2621440 bytes.
[13:37:06] [Chunk Batcher 1/WARN]: Needed to grow BufferBuilder buffer: Old size 524288 bytes, new size 2621440 bytes.
[13:37:33] [Chunk Batcher 0/WARN]: Needed to grow BufferBuilder buffer: Old size 524288 bytes, new size 2621440 bytes.
[13:39:49] [Client thread/WARN]: Needed to grow BufferBuilder buffer: Old size 524288 bytes, new size 2621440 bytes.
[13:39:57] [Chunk Batcher 1/WARN]: Needed to grow BufferBuilder buffer: Old size 524288 bytes, new size 2621440 bytes.
[13:40:05] [Chunk Batcher 1/WARN]: Needed to grow BufferBuilder buffer: Old size 524288 bytes, new size 2621440 bytes.
[13:59:44] [Server thread/INFO]: Saving and pausing game...
[13:59:44] [Server thread/INFO]: Saving chunks for level 'Let's play world(test)'/Overworld
[13:59:44] [Server thread/INFO]: Saving chunks for level 'Let's play world(test)'/Nether
[13:59:44] [Server thread/INFO]: Saving chunks for level 'Let's play world(test)'/The End
