[15:57:03] [Client thread/INFO]: Setting user: rcnerd
[15:57:03] [Client thread/INFO]: (Session ID is token:baa29fc5d0f2443783e98838217e511f:2b14785b313c4c35ba883f2e95b9dcdd)
[15:57:04] [Client thread/INFO]: LWJGL Version: 2.9.4
[15:57:05] [Client thread/INFO]: Reloading ResourceManager: Default, Misa-converted-1389576244633, Misa Patch Les 1.8
[15:57:05] [Sound Library Loader/INFO]: Starting up SoundSystem...
[15:57:05] [Thread-6/INFO]: Initializing LWJGL OpenAL
[15:57:05] [Thread-6/INFO]: (The LWJGL binding of OpenAL.  For more information, see http://www.lwjgl.org)
[15:57:05] [Thread-6/INFO]: OpenAL initialized.
[15:57:06] [Sound Library Loader/INFO]: Sound engine started
[15:57:15] [Client thread/INFO]: Created: 2048x2048 textures-atlas
[15:57:22] [Server thread/INFO]: Starting integrated minecraft server version 1.8.8
[15:57:22] [Server thread/INFO]: Generating keypair
[15:57:22] [Server thread/INFO]: Preparing start region for level 0
[15:57:22] [Server thread/INFO]: Changing view distance to 16, from 10
[15:57:23] [Server thread/INFO]: rcnerd[local:E:de842f33] logged in with entity id 627 at (336.91969818973143, 12.0, 324.7828834361352)
[15:57:23] [Server thread/INFO]: rcnerd joined the game
[15:57:26] [Server thread/WARN]: Can't keep up! Did the system time change, or is the server overloaded? Running 2574ms behind, skipping 51 tick(s)
[15:57:50] [Server thread/WARN]: Can't keep up! Did the system time change, or is the server overloaded? Running 7655ms behind, skipping 153 tick(s)
[15:58:00] [Server thread/INFO]: Saving and pausing game...
[15:58:00] [Server thread/INFO]: Saving chunks for level 'Let's play world(test)'/Overworld
[15:58:00] [Server thread/INFO]: Saving chunks for level 'Let's play world(test)'/Nether
[15:58:00] [Server thread/INFO]: Saving chunks for level 'Let's play world(test)'/The End
[16:01:07] [Server thread/INFO]: Saving and pausing game...
[16:01:07] [Server thread/INFO]: Saving chunks for level 'Let's play world(test)'/Overworld
[16:01:07] [Server thread/INFO]: Saving chunks for level 'Let's play world(test)'/Nether
[16:01:07] [Server thread/INFO]: Saving chunks for level 'Let's play world(test)'/The End
[16:01:45] [Server thread/INFO]: Saving and pausing game...
[16:01:45] [Server thread/INFO]: Saving chunks for level 'Let's play world(test)'/Overworld
[16:01:45] [Server thread/INFO]: Saving chunks for level 'Let's play world(test)'/Nether
[16:01:45] [Server thread/INFO]: Saving chunks for level 'Let's play world(test)'/The End
[16:02:00] [Server thread/INFO]: Saving and pausing game...
[16:02:00] [Server thread/INFO]: Saving chunks for level 'Let's play world(test)'/Overworld
[16:02:00] [Server thread/INFO]: Saving chunks for level 'Let's play world(test)'/Nether
[16:02:00] [Server thread/INFO]: Saving chunks for level 'Let's play world(test)'/The End
[16:02:15] [Server thread/INFO]: Saving and pausing game...
[16:02:15] [Server thread/INFO]: Saving chunks for level 'Let's play world(test)'/Overworld
[16:02:16] [Server thread/INFO]: Saving chunks for level 'Let's play world(test)'/Nether
[16:02:16] [Server thread/INFO]: Saving chunks for level 'Let's play world(test)'/The End
[16:04:07] [Server thread/INFO]: Saving and pausing game...
[16:04:07] [Server thread/INFO]: Saving chunks for level 'Let's play world(test)'/Overworld
[16:04:07] [Server thread/INFO]: Saving chunks for level 'Let's play world(test)'/Nether
[16:04:07] [Server thread/INFO]: Saving chunks for level 'Let's play world(test)'/The End
[16:04:39] [Server thread/INFO]: Saving and pausing game...
[16:04:39] [Server thread/INFO]: Saving chunks for level 'Let's play world(test)'/Overworld
[16:04:39] [Server thread/INFO]: Saving chunks for level 'Let's play world(test)'/Nether
[16:04:39] [Server thread/INFO]: Saving chunks for level 'Let's play world(test)'/The End
[16:15:38] [Server thread/INFO]: Saving and pausing game...
[16:15:38] [Server thread/INFO]: Saving chunks for level 'Let's play world(test)'/Overworld
[16:15:38] [Server thread/INFO]: Saving chunks for level 'Let's play world(test)'/Nether
[16:15:38] [Server thread/INFO]: Saving chunks for level 'Let's play world(test)'/The End
[16:15:39] [Server thread/INFO]: Stopping server
[16:15:39] [Server thread/INFO]: Saving players
[16:15:39] [Server thread/INFO]: Saving worlds
[16:15:39] [Server thread/INFO]: Saving chunks for level 'Let's play world(test)'/Overworld
[16:15:39] [Server thread/INFO]: Saving chunks for level 'Let's play world(test)'/Nether
[16:15:39] [Server thread/INFO]: Saving chunks for level 'Let's play world(test)'/The End
[16:16:01] [Server thread/INFO]: Starting integrated minecraft server version 1.8.8
[16:16:01] [Server thread/INFO]: Generating keypair
[16:16:01] [Server thread/INFO]: Preparing start region for level 0
[16:16:02] [Server thread/INFO]: rcnerd[local:E:f4044fa2] logged in with entity id 89561 at (541.3914925049451, 10.0, 579.3000000119209)
[16:16:02] [Server thread/INFO]: rcnerd joined the game
[16:16:02] [Server thread/INFO]: Changing view distance to 16, from 10
[16:16:09] [Server thread/WARN]: Can't keep up! Did the system time change, or is the server overloaded? Running 2174ms behind, skipping 43 tick(s)
[16:16:31] [Server thread/WARN]: Can't keep up! Did the system time change, or is the server overloaded? Running 4931ms behind, skipping 98 tick(s)
[16:16:44] [Server thread/WARN]: Can't keep up! Did the system time change, or is the server overloaded? Running 2334ms behind, skipping 46 tick(s)
[16:16:54] [Server thread/INFO]: Saving and pausing game...
[16:16:54] [Server thread/INFO]: Saving chunks for level 'Let's play world(test)'/Overworld
[16:16:54] [Server thread/INFO]: Saving chunks for level 'Let's play world(test)'/Nether
[16:16:54] [Server thread/INFO]: Saving chunks for level 'Let's play world(test)'/The End
[16:17:09] [Server thread/INFO]: Saving and pausing game...
[16:17:09] [Server thread/INFO]: Saving chunks for level 'Let's play world(test)'/Overworld
[16:17:10] [Server thread/INFO]: Saving chunks for level 'Let's play world(test)'/Nether
[16:17:10] [Server thread/INFO]: Saving chunks for level 'Let's play world(test)'/The End
[16:17:22] [Server thread/INFO]: Saving and pausing game...
[16:17:22] [Server thread/INFO]: Saving chunks for level 'Let's play world(test)'/Overworld
[16:17:22] [Server thread/INFO]: Saving chunks for level 'Let's play world(test)'/Nether
[16:17:22] [Server thread/INFO]: Saving chunks for level 'Let's play world(test)'/The End
[16:18:10] [Server thread/INFO]: Saving and pausing game...
[16:18:10] [Server thread/INFO]: Saving chunks for level 'Let's play world(test)'/Overworld
[16:18:10] [Server thread/INFO]: Saving chunks for level 'Let's play world(test)'/Nether
[16:18:10] [Server thread/INFO]: Saving chunks for level 'Let's play world(test)'/The End
[16:18:57] [Server thread/INFO]: Saving and pausing game...
[16:18:57] [Server thread/INFO]: Saving chunks for level 'Let's play world(test)'/Overworld
[16:18:57] [Server thread/INFO]: Saving chunks for level 'Let's play world(test)'/Nether
[16:18:57] [Server thread/INFO]: Saving chunks for level 'Let's play world(test)'/The End
[16:22:08] [Server thread/WARN]: rcnerd moved wrongly!
[16:22:43] [Server thread/INFO]: Saving and pausing game...
[16:22:43] [Server thread/INFO]: Saving chunks for level 'Let's play world(test)'/Overworld
[16:22:43] [Server thread/INFO]: Saving chunks for level 'Let's play world(test)'/Nether
[16:22:43] [Server thread/INFO]: Saving chunks for level 'Let's play world(test)'/The End
[16:25:44] [Chunk Batcher 1/WARN]: Needed to grow BufferBuilder buffer: Old size 524288 bytes, new size 2621440 bytes.
[16:25:44] [Chunk Batcher 0/WARN]: Needed to grow BufferBuilder buffer: Old size 524288 bytes, new size 2621440 bytes.
[16:25:55] [Chunk Batcher 0/WARN]: Needed to grow BufferBuilder buffer: Old size 524288 bytes, new size 2621440 bytes.
[16:25:55] [Chunk Batcher 0/WARN]: Needed to grow BufferBuilder buffer: Old size 524288 bytes, new size 2621440 bytes.
[16:25:55] [Chunk Batcher 0/WARN]: Needed to grow BufferBuilder buffer: Old size 524288 bytes, new size 2621440 bytes.
[16:25:56] [Chunk Batcher 1/WARN]: Needed to grow BufferBuilder buffer: Old size 524288 bytes, new size 2621440 bytes.
[16:25:57] [Chunk Batcher 1/WARN]: Needed to grow BufferBuilder buffer: Old size 524288 bytes, new size 2621440 bytes.
[16:26:13] [Client thread/WARN]: Needed to grow BufferBuilder buffer: Old size 524288 bytes, new size 2621440 bytes.
[16:26:37] [Server thread/INFO]: Saving and pausing game...
[16:26:37] [Server thread/INFO]: Saving chunks for level 'Let's play world(test)'/Overworld
[16:26:37] [Server thread/INFO]: Saving chunks for level 'Let's play world(test)'/Nether
[16:26:37] [Server thread/INFO]: Saving chunks for level 'Let's play world(test)'/The End
[16:27:20] [Chunk Batcher 0/WARN]: Needed to grow BufferBuilder buffer: Old size 524288 bytes, new size 2621440 bytes.
[16:28:53] [Server thread/INFO]: Saving and pausing game...
[16:28:53] [Server thread/INFO]: Saving chunks for level 'Let's play world(test)'/Overworld
[16:28:53] [Server thread/INFO]: Saving chunks for level 'Let's play world(test)'/Nether
[16:28:53] [Server thread/INFO]: Saving chunks for level 'Let's play world(test)'/The End
[16:31:51] [Server thread/INFO]: Saving and pausing game...
[16:31:51] [Server thread/INFO]: Saving chunks for level 'Let's play world(test)'/Overworld
[16:31:51] [Server thread/INFO]: Saving chunks for level 'Let's play world(test)'/Nether
[16:31:51] [Server thread/INFO]: Saving chunks for level 'Let's play world(test)'/The End
[16:32:53] [Server thread/INFO]: Saving and pausing game...
[16:32:53] [Server thread/INFO]: Saving chunks for level 'Let's play world(test)'/Overworld
[16:32:53] [Server thread/INFO]: Saving chunks for level 'Let's play world(test)'/Nether
[16:32:53] [Server thread/INFO]: Saving chunks for level 'Let's play world(test)'/The End
