[12:10:55] [Client thread/INFO]: Setting user: rcnerd
[12:10:55] [Client thread/INFO]: (Session ID is token:6aa8523c52c8406fa6633609f5f9fe1b:2b14785b313c4c35ba883f2e95b9dcdd)
[12:10:55] [Client thread/INFO]: LWJGL Version: 2.9.4
[12:10:56] [Client thread/INFO]: Reloading ResourceManager: Default, Misa-converted-1389576244633, Misa Patch Les 1.8
[12:10:56] [Sound Library Loader/INFO]: Starting up SoundSystem...
[12:10:56] [Thread-6/INFO]: Initializing LWJGL OpenAL
[12:10:56] [Thread-6/INFO]: (The LWJGL binding of OpenAL.  For more information, see http://www.lwjgl.org)
[12:10:56] [Thread-6/INFO]: OpenAL initialized.
[12:10:57] [Sound Library Loader/INFO]: Sound engine started
[12:11:04] [Client thread/INFO]: Created: 2048x2048 textures-atlas
[12:12:36] [Server thread/INFO]: Starting integrated minecraft server version 1.8.8
[12:12:36] [Server thread/INFO]: Generating keypair
[12:12:36] [Server thread/INFO]: Preparing start region for level 0
[12:12:37] [Server thread/INFO]: Changing view distance to 16, from 10
[12:12:37] [Server thread/INFO]: rcnerd[local:E:3dac7f39] logged in with entity id 644 at (273.5466384154931, 81.0, 108.8468445420624)
[12:12:37] [Server thread/INFO]: rcnerd joined the game
[12:12:44] [Server thread/WARN]: Can't keep up! Did the system time change, or is the server overloaded? Running 4974ms behind, skipping 99 tick(s)
[12:13:00] [Server thread/WARN]: Can't keep up! Did the system time change, or is the server overloaded? Running 3156ms behind, skipping 63 tick(s)
[12:13:07] [Chunk Batcher 0/WARN]: Needed to grow BufferBuilder buffer: Old size 524288 bytes, new size 2621440 bytes.
[12:13:10] [Chunk Batcher 0/WARN]: Needed to grow BufferBuilder buffer: Old size 524288 bytes, new size 2621440 bytes.
[12:13:10] [Chunk Batcher 0/WARN]: Needed to grow BufferBuilder buffer: Old size 524288 bytes, new size 2621440 bytes.
[12:13:12] [Chunk Batcher 1/WARN]: Needed to grow BufferBuilder buffer: Old size 524288 bytes, new size 2621440 bytes.
[12:13:12] [Chunk Batcher 1/WARN]: Needed to grow BufferBuilder buffer: Old size 524288 bytes, new size 2621440 bytes.
[12:13:12] [Chunk Batcher 0/WARN]: Needed to grow BufferBuilder buffer: Old size 524288 bytes, new size 2621440 bytes.
[12:13:12] [Chunk Batcher 0/WARN]: Needed to grow BufferBuilder buffer: Old size 524288 bytes, new size 2621440 bytes.
[12:13:15] [Chunk Batcher 1/WARN]: Needed to grow BufferBuilder buffer: Old size 524288 bytes, new size 2621440 bytes.
[12:13:33] [Chunk Batcher 1/WARN]: Needed to grow BufferBuilder buffer: Old size 524288 bytes, new size 2621440 bytes.
[12:14:14] [Server thread/WARN]: Can't keep up! Did the system time change, or is the server overloaded? Running 2382ms behind, skipping 47 tick(s)
[12:26:15] [Client thread/INFO]: [CHAT] You can only sleep at night
[12:26:16] [Client thread/INFO]: [CHAT] You can only sleep at night
[12:26:16] [Client thread/INFO]: [CHAT] You can only sleep at night
[12:26:16] [Client thread/INFO]: [CHAT] You can only sleep at night
[12:26:16] [Client thread/INFO]: [CHAT] You can only sleep at night
[12:26:17] [Client thread/INFO]: [CHAT] You can only sleep at night
[12:26:17] [Client thread/INFO]: [CHAT] You can only sleep at night
[12:26:17] [Client thread/INFO]: [CHAT] You can only sleep at night
[12:26:17] [Client thread/INFO]: [CHAT] You can only sleep at night
[12:26:17] [Client thread/INFO]: [CHAT] You can only sleep at night
[12:26:18] [Client thread/INFO]: [CHAT] You can only sleep at night
[12:26:18] [Client thread/INFO]: [CHAT] You can only sleep at night
[12:26:18] [Client thread/INFO]: [CHAT] You can only sleep at night
[12:26:18] [Client thread/INFO]: [CHAT] You can only sleep at night
[12:26:19] [Client thread/INFO]: [CHAT] You can only sleep at night
[12:26:19] [Client thread/INFO]: [CHAT] You can only sleep at night
[12:26:19] [Client thread/INFO]: [CHAT] You can only sleep at night
[12:26:19] [Client thread/INFO]: [CHAT] You can only sleep at night
[12:26:19] [Client thread/INFO]: [CHAT] You can only sleep at night
[12:26:19] [Client thread/INFO]: [CHAT] You can only sleep at night
[12:31:44] [Server thread/INFO]: Saving and pausing game...
[12:31:44] [Server thread/INFO]: Saving chunks for level 'Let's play world(test)'/Overworld
[12:31:44] [Server thread/INFO]: Saving chunks for level 'Let's play world(test)'/Nether
[12:31:44] [Server thread/INFO]: Saving chunks for level 'Let's play world(test)'/The End
[12:32:49] [Server thread/INFO]: Saving and pausing game...
[12:32:49] [Server thread/INFO]: Saving chunks for level 'Let's play world(test)'/Overworld
[12:32:50] [Server thread/INFO]: Saving chunks for level 'Let's play world(test)'/Nether
[12:32:50] [Server thread/INFO]: Saving chunks for level 'Let's play world(test)'/The End
[12:33:54] [Server thread/INFO]: Saving and pausing game...
[12:33:54] [Server thread/INFO]: Saving chunks for level 'Let's play world(test)'/Overworld
[12:33:54] [Server thread/INFO]: Saving chunks for level 'Let's play world(test)'/Nether
[12:33:54] [Server thread/INFO]: Saving chunks for level 'Let's play world(test)'/The End
[12:33:56] [Server thread/INFO]: Stopping server
[12:33:56] [Server thread/INFO]: Saving players
[12:33:56] [Server thread/INFO]: Saving worlds
[12:33:56] [Server thread/INFO]: Saving chunks for level 'Let's play world(test)'/Overworld
[12:33:56] [Server thread/INFO]: Saving chunks for level 'Let's play world(test)'/Nether
[12:33:56] [Server thread/INFO]: Saving chunks for level 'Let's play world(test)'/The End
[12:39:36] [Server thread/INFO]: Starting integrated minecraft server version 1.8.8
[12:39:36] [Server thread/INFO]: Generating keypair
[12:39:36] [Server thread/INFO]: Preparing start region for level 0
[12:39:37] [Server thread/INFO]: rcnerd[local:E:b7b7c8ab] logged in with entity id 204004 at (275.89178862780136, 86.0, 114.93639403746602)
[12:39:37] [Server thread/INFO]: rcnerd joined the game
[12:39:37] [Server thread/INFO]: Changing view distance to 16, from 10
[12:39:52] [Server thread/INFO]: Saving and pausing game...
[12:39:52] [Server thread/INFO]: Saving chunks for level 'Let's play world(test)'/Overworld
[12:39:52] [Server thread/INFO]: Saving chunks for level 'Let's play world(test)'/Nether
[12:39:52] [Server thread/INFO]: Saving chunks for level 'Let's play world(test)'/The End
[12:39:52] [Chunk Batcher 1/WARN]: Needed to grow BufferBuilder buffer: Old size 524288 bytes, new size 2621440 bytes.
[12:44:08] [Server thread/INFO]: Saving and pausing game...
[12:44:08] [Server thread/INFO]: Saving chunks for level 'Let's play world(test)'/Overworld
[12:44:08] [Server thread/INFO]: Saving chunks for level 'Let's play world(test)'/Nether
[12:44:08] [Server thread/INFO]: Saving chunks for level 'Let's play world(test)'/The End
[12:47:45] [Server thread/INFO]: Saving and pausing game...
[12:47:45] [Server thread/INFO]: Saving chunks for level 'Let's play world(test)'/Overworld
[12:47:45] [Server thread/INFO]: Saving chunks for level 'Let's play world(test)'/Nether
[12:47:45] [Server thread/INFO]: Saving chunks for level 'Let's play world(test)'/The End
