[17:29:05] [Client thread/INFO]: Setting user: rcnerd
[17:29:05] [Client thread/INFO]: (Session ID is token:f277de1b1f124311bbd95a3336720047:2b14785b313c4c35ba883f2e95b9dcdd)
[17:29:06] [Client thread/INFO]: LWJGL Version: 2.9.4
[17:29:07] [Client thread/INFO]: Reloading ResourceManager: Default, Misa-converted-1389576244633, Misa Patch Les 1.8
[17:29:07] [Sound Library Loader/INFO]: Starting up SoundSystem...
[17:29:07] [Thread-6/INFO]: Initializing LWJGL OpenAL
[17:29:07] [Thread-6/INFO]: (The LWJGL binding of OpenAL.  For more information, see http://www.lwjgl.org)
[17:29:07] [Thread-6/INFO]: OpenAL initialized.
[17:29:07] [Sound Library Loader/INFO]: Sound engine started
[17:29:15] [Client thread/INFO]: Created: 2048x2048 textures-atlas
[17:29:21] [Server thread/INFO]: Starting integrated minecraft server version 1.8.9
[17:29:21] [Server thread/INFO]: Generating keypair
[17:29:21] [Server thread/INFO]: Preparing start region for level 0
[17:29:22] [Server thread/INFO]: Changing view distance to 16, from 10
[17:29:22] [Server thread/INFO]: rcnerd[local:E:cda74bb9] logged in with entity id 1050 at (297.0635247914547, 181.5, 316.48124582667816)
[17:29:22] [Server thread/INFO]: rcnerd joined the game
[17:29:26] [Server thread/INFO]: Saving and pausing game...
[17:29:26] [Server thread/INFO]: Saving chunks for level 'Let's play world(test)'/Overworld
[17:29:26] [Server thread/INFO]: Saving chunks for level 'Let's play world(test)'/Nether
[17:29:26] [Server thread/INFO]: Saving chunks for level 'Let's play world(test)'/The End
[17:29:26] [Server thread/WARN]: Can't keep up! Did the system time change, or is the server overloaded? Running 2735ms behind, skipping 54 tick(s)
[17:29:27] [Server thread/INFO]: Stopping server
[17:29:27] [Server thread/INFO]: Saving players
[17:29:27] [Server thread/INFO]: Saving worlds
[17:29:27] [Server thread/INFO]: Saving chunks for level 'Let's play world(test)'/Overworld
[17:29:27] [Server thread/INFO]: Saving chunks for level 'Let's play world(test)'/Nether
[17:29:27] [Server thread/INFO]: Saving chunks for level 'Let's play world(test)'/The End
[17:29:30] [Server thread/INFO]: Starting integrated minecraft server version 1.8.9
[17:29:30] [Server thread/INFO]: Generating keypair
[17:29:30] [Server thread/INFO]: Preparing start region for level 0
[17:29:31] [Server thread/INFO]: rcnerd[local:E:f5d4e595] logged in with entity id 4265 at (267.2035444552856, 180.04569783034597, 338.7046084348175)
[17:29:31] [Server thread/INFO]: rcnerd joined the game
[17:29:31] [Server thread/INFO]: Changing view distance to 16, from 10
[17:29:33] [Chunk Batcher 0/WARN]: Needed to grow BufferBuilder buffer: Old size 524288 bytes, new size 2621440 bytes.
[17:29:39] [Chunk Batcher 1/WARN]: Needed to grow BufferBuilder buffer: Old size 524288 bytes, new size 2621440 bytes.
[17:29:39] [Chunk Batcher 0/WARN]: Needed to grow BufferBuilder buffer: Old size 524288 bytes, new size 2621440 bytes.
[17:29:40] [Chunk Batcher 1/WARN]: Needed to grow BufferBuilder buffer: Old size 524288 bytes, new size 2621440 bytes.
[17:29:40] [Chunk Batcher 0/WARN]: Needed to grow BufferBuilder buffer: Old size 524288 bytes, new size 2621440 bytes.
[17:29:40] [Chunk Batcher 1/WARN]: Needed to grow BufferBuilder buffer: Old size 524288 bytes, new size 2621440 bytes.
[17:29:41] [Chunk Batcher 1/WARN]: Needed to grow BufferBuilder buffer: Old size 524288 bytes, new size 2621440 bytes.
[17:29:44] [Server thread/WARN]: Can't keep up! Did the system time change, or is the server overloaded? Running 2177ms behind, skipping 43 tick(s)
[17:29:47] [Server thread/INFO]: Saving and pausing game...
[17:29:47] [Server thread/INFO]: Saving chunks for level 'Let's play world(test)'/Overworld
[17:29:47] [Server thread/INFO]: Saving chunks for level 'Let's play world(test)'/Nether
[17:29:47] [Server thread/INFO]: Saving chunks for level 'Let's play world(test)'/The End
[17:29:48] [Server thread/INFO]: Stopping server
[17:29:48] [Server thread/INFO]: Saving players
[17:29:48] [Server thread/INFO]: Saving worlds
[17:29:48] [Server thread/INFO]: Saving chunks for level 'Let's play world(test)'/Overworld
[17:29:48] [Server thread/INFO]: Saving chunks for level 'Let's play world(test)'/Nether
[17:29:48] [Server thread/INFO]: Saving chunks for level 'Let's play world(test)'/The End
