[20:08:06] [Client thread/INFO]: Setting user: rcnerd
[20:08:06] [Client thread/INFO]: (Session ID is token:84adce6235ce41c99a4ec6e82e9af5a7:2b14785b313c4c35ba883f2e95b9dcdd)
[20:08:07] [Client thread/INFO]: LWJGL Version: 2.9.4
[20:08:10] [Client thread/INFO]: Reloading ResourceManager: Default, Misa-converted-1389576244633, Misa Patch Les 1.8
[20:08:11] [Sound Library Loader/INFO]: Starting up SoundSystem...
[20:08:11] [Thread-6/INFO]: Initializing LWJGL OpenAL
[20:08:11] [Thread-6/INFO]: (The LWJGL binding of OpenAL.  For more information, see http://www.lwjgl.org)
[20:08:11] [Thread-6/INFO]: OpenAL initialized.
[20:08:11] [Sound Library Loader/INFO]: Sound engine started
[20:08:20] [Client thread/INFO]: Created: 2048x2048 textures-atlas
[20:08:28] [Server thread/INFO]: Starting integrated minecraft server version 1.8.9
[20:08:28] [Server thread/INFO]: Generating keypair
[20:08:28] [Server thread/INFO]: Preparing start region for level 0
[20:08:29] [Server thread/INFO]: Changing view distance to 16, from 10
[20:08:30] [Server thread/INFO]: rcnerd[local:E:f6f3b6b9] logged in with entity id 1134 at (229.30267726503715, 39.0, 278.69999998807907)
[20:08:30] [Server thread/INFO]: rcnerd joined the game
[20:08:32] [Server thread/WARN]: Can't keep up! Did the system time change, or is the server overloaded? Running 2742ms behind, skipping 54 tick(s)
[20:08:34] [Client thread/WARN]: Needed to grow BufferBuilder buffer: Old size 524288 bytes, new size 2621440 bytes.
[20:08:34] [Chunk Batcher 1/WARN]: Needed to grow BufferBuilder buffer: Old size 524288 bytes, new size 2621440 bytes.
[20:08:35] [Chunk Batcher 0/WARN]: Needed to grow BufferBuilder buffer: Old size 524288 bytes, new size 2621440 bytes.
[20:08:36] [Chunk Batcher 0/WARN]: Needed to grow BufferBuilder buffer: Old size 524288 bytes, new size 2621440 bytes.
[20:08:36] [Chunk Batcher 1/WARN]: Needed to grow BufferBuilder buffer: Old size 524288 bytes, new size 2621440 bytes.
[20:08:38] [Chunk Batcher 1/WARN]: Needed to grow BufferBuilder buffer: Old size 524288 bytes, new size 2621440 bytes.
[20:09:21] [Server thread/WARN]: Can't keep up! Did the system time change, or is the server overloaded? Running 27998ms behind, skipping 559 tick(s)
[20:09:25] [Server thread/WARN]: Can't keep up! Did the system time change, or is the server overloaded? Running 3773ms behind, skipping 75 tick(s)
[20:10:08] [Server thread/WARN]: Can't keep up! Did the system time change, or is the server overloaded? Running 20991ms behind, skipping 419 tick(s)
[20:10:11] [Server thread/WARN]: Can't keep up! Did the system time change, or is the server overloaded? Running 3324ms behind, skipping 66 tick(s)
[20:10:34] [Server thread/WARN]: Can't keep up! Did the system time change, or is the server overloaded? Running 9809ms behind, skipping 196 tick(s)
[20:10:44] [Chunk Batcher 1/WARN]: Needed to grow BufferBuilder buffer: Old size 524288 bytes, new size 2621440 bytes.
[20:10:48] [Server thread/WARN]: Can't keep up! Did the system time change, or is the server overloaded? Running 7077ms behind, skipping 141 tick(s)
[20:11:14] [Server thread/WARN]: Can't keep up! Did the system time change, or is the server overloaded? Running 14973ms behind, skipping 299 tick(s)
[20:11:24] [Server thread/WARN]: Can't keep up! Did the system time change, or is the server overloaded? Running 6431ms behind, skipping 128 tick(s)
[20:11:52] [Server thread/WARN]: Can't keep up! Did the system time change, or is the server overloaded? Running 11935ms behind, skipping 238 tick(s)
[20:12:04] [Server thread/WARN]: Can't keep up! Did the system time change, or is the server overloaded? Running 4951ms behind, skipping 99 tick(s)
[20:12:21] [Server thread/WARN]: Can't keep up! Did the system time change, or is the server overloaded? Running 6201ms behind, skipping 124 tick(s)
[20:12:42] [Server thread/WARN]: Can't keep up! Did the system time change, or is the server overloaded? Running 8262ms behind, skipping 165 tick(s)
[20:12:48] [Chunk Batcher 1/WARN]: Needed to grow BufferBuilder buffer: Old size 524288 bytes, new size 2621440 bytes.
[20:12:49] [Chunk Batcher 1/WARN]: Needed to grow BufferBuilder buffer: Old size 524288 bytes, new size 2621440 bytes.
[20:12:50] [Chunk Batcher 1/WARN]: Needed to grow BufferBuilder buffer: Old size 524288 bytes, new size 2621440 bytes.
[20:13:00] [Server thread/WARN]: Can't keep up! Did the system time change, or is the server overloaded? Running 9299ms behind, skipping 185 tick(s)
[20:13:36] [Server thread/WARN]: Can't keep up! Did the system time change, or is the server overloaded? Running 21806ms behind, skipping 436 tick(s)
[20:13:40] [Server thread/WARN]: Can't keep up! Did the system time change, or is the server overloaded? Running 3583ms behind, skipping 71 tick(s)
[20:14:29] [Server thread/WARN]: Can't keep up! Did the system time change, or is the server overloaded? Running 24125ms behind, skipping 482 tick(s)
[20:14:33] [Server thread/WARN]: Can't keep up! Did the system time change, or is the server overloaded? Running 4044ms behind, skipping 80 tick(s)
[20:15:02] [Server thread/WARN]: Can't keep up! Did the system time change, or is the server overloaded? Running 16368ms behind, skipping 327 tick(s)
[20:15:06] [Server thread/WARN]: Can't keep up! Did the system time change, or is the server overloaded? Running 3848ms behind, skipping 76 tick(s)
[20:16:03] [Server thread/WARN]: Can't keep up! Did the system time change, or is the server overloaded? Running 30485ms behind, skipping 609 tick(s)
[20:16:07] [Server thread/WARN]: Can't keep up! Did the system time change, or is the server overloaded? Running 3421ms behind, skipping 68 tick(s)
[20:16:54] [Server thread/WARN]: Can't keep up! Did the system time change, or is the server overloaded? Running 25538ms behind, skipping 510 tick(s)
[20:16:58] [Server thread/WARN]: Can't keep up! Did the system time change, or is the server overloaded? Running 4140ms behind, skipping 82 tick(s)
[20:17:19] [Client thread/WARN]: Unable to play unknown soundEvent: minecraft:none
[20:17:23] [Server thread/WARN]: Can't keep up! Did the system time change, or is the server overloaded? Running 12694ms behind, skipping 253 tick(s)
[20:17:31] [Server thread/WARN]: Can't keep up! Did the system time change, or is the server overloaded? Running 4837ms behind, skipping 96 tick(s)
[20:17:56] [Server thread/WARN]: Can't keep up! Did the system time change, or is the server overloaded? Running 11072ms behind, skipping 221 tick(s)
[20:18:13] [Server thread/WARN]: Can't keep up! Did the system time change, or is the server overloaded? Running 8392ms behind, skipping 167 tick(s)
[20:18:33] [Server thread/WARN]: Can't keep up! Did the system time change, or is the server overloaded? Running 9863ms behind, skipping 197 tick(s)
[20:18:49] [Server thread/WARN]: Can't keep up! Did the system time change, or is the server overloaded? Running 8206ms behind, skipping 164 tick(s)
[20:19:02] [Server thread/WARN]: Can't keep up! Did the system time change, or is the server overloaded? Running 6028ms behind, skipping 120 tick(s)
[20:19:23] [Server thread/WARN]: Can't keep up! Did the system time change, or is the server overloaded? Running 8315ms behind, skipping 166 tick(s)
[20:19:45] [Server thread/WARN]: Can't keep up! Did the system time change, or is the server overloaded? Running 9415ms behind, skipping 188 tick(s)
[20:20:01] [Server thread/WARN]: Can't keep up! Did the system time change, or is the server overloaded? Running 7666ms behind, skipping 153 tick(s)
[20:20:18] [Server thread/WARN]: Can't keep up! Did the system time change, or is the server overloaded? Running 9006ms behind, skipping 180 tick(s)
[20:20:36] [Server thread/WARN]: Can't keep up! Did the system time change, or is the server overloaded? Running 8796ms behind, skipping 175 tick(s)
[20:20:53] [Server thread/WARN]: Can't keep up! Did the system time change, or is the server overloaded? Running 8264ms behind, skipping 165 tick(s)
[20:21:11] [Server thread/WARN]: Can't keep up! Did the system time change, or is the server overloaded? Running 9344ms behind, skipping 186 tick(s)
[20:21:25] [Chunk Batcher 1/WARN]: Needed to grow BufferBuilder buffer: Old size 524288 bytes, new size 2621440 bytes.
[20:21:28] [Server thread/WARN]: Can't keep up! Did the system time change, or is the server overloaded? Running 8484ms behind, skipping 169 tick(s)
[20:21:46] [Server thread/WARN]: Can't keep up! Did the system time change, or is the server overloaded? Running 9188ms behind, skipping 183 tick(s)
[20:22:05] [Server thread/WARN]: Can't keep up! Did the system time change, or is the server overloaded? Running 9464ms behind, skipping 189 tick(s)
[20:22:27] [Server thread/WARN]: Can't keep up! Did the system time change, or is the server overloaded? Running 10813ms behind, skipping 216 tick(s)
[20:22:44] [Server thread/WARN]: Can't keep up! Did the system time change, or is the server overloaded? Running 8379ms behind, skipping 167 tick(s)
[20:23:02] [Server thread/WARN]: Can't keep up! Did the system time change, or is the server overloaded? Running 9008ms behind, skipping 180 tick(s)
[20:23:18] [Server thread/WARN]: Can't keep up! Did the system time change, or is the server overloaded? Running 7893ms behind, skipping 157 tick(s)
[20:23:34] [Server thread/WARN]: Can't keep up! Did the system time change, or is the server overloaded? Running 7646ms behind, skipping 152 tick(s)
[20:23:49] [Server thread/WARN]: Can't keep up! Did the system time change, or is the server overloaded? Running 7735ms behind, skipping 154 tick(s)
[20:24:06] [Server thread/WARN]: Can't keep up! Did the system time change, or is the server overloaded? Running 8276ms behind, skipping 165 tick(s)
[20:24:22] [Server thread/WARN]: Can't keep up! Did the system time change, or is the server overloaded? Running 7601ms behind, skipping 152 tick(s)
[20:24:37] [Server thread/WARN]: Can't keep up! Did the system time change, or is the server overloaded? Running 7434ms behind, skipping 148 tick(s)
[20:24:52] [Server thread/WARN]: Can't keep up! Did the system time change, or is the server overloaded? Running 7210ms behind, skipping 144 tick(s)
[20:25:08] [Server thread/WARN]: Can't keep up! Did the system time change, or is the server overloaded? Running 7799ms behind, skipping 155 tick(s)
[20:25:24] [Server thread/WARN]: Can't keep up! Did the system time change, or is the server overloaded? Running 7909ms behind, skipping 158 tick(s)
[20:25:39] [Server thread/WARN]: Can't keep up! Did the system time change, or is the server overloaded? Running 7385ms behind, skipping 147 tick(s)
[20:25:55] [Server thread/WARN]: Can't keep up! Did the system time change, or is the server overloaded? Running 7556ms behind, skipping 151 tick(s)
[20:26:18] [Server thread/WARN]: Can't keep up! Did the system time change, or is the server overloaded? Running 12733ms behind, skipping 254 tick(s)
[20:26:27] [Server thread/WARN]: Can't keep up! Did the system time change, or is the server overloaded? Running 4950ms behind, skipping 99 tick(s)
[20:26:34] [Client thread/WARN]: Unable to play unknown soundEvent: minecraft:none
[20:26:34] [Client thread/WARN]: Unable to play unknown soundEvent: minecraft:none
[20:26:57] [Server thread/WARN]: Can't keep up! Did the system time change, or is the server overloaded? Running 14736ms behind, skipping 294 tick(s)
[20:27:08] [Server thread/WARN]: Can't keep up! Did the system time change, or is the server overloaded? Running 6953ms behind, skipping 139 tick(s)
[20:27:32] [Server thread/WARN]: Can't keep up! Did the system time change, or is the server overloaded? Running 12938ms behind, skipping 258 tick(s)
[20:27:43] [Server thread/WARN]: Can't keep up! Did the system time change, or is the server overloaded? Running 7405ms behind, skipping 148 tick(s)
[20:28:06] [Server thread/WARN]: Can't keep up! Did the system time change, or is the server overloaded? Running 12168ms behind, skipping 243 tick(s)
[20:28:14] [Server thread/WARN]: Can't keep up! Did the system time change, or is the server overloaded? Running 4816ms behind, skipping 96 tick(s)
[20:28:30] [Client thread/WARN]: Unable to play unknown soundEvent: minecraft:none
[20:28:44] [Server thread/WARN]: Can't keep up! Did the system time change, or is the server overloaded? Running 13918ms behind, skipping 278 tick(s)
[20:28:53] [Server thread/WARN]: Can't keep up! Did the system time change, or is the server overloaded? Running 5915ms behind, skipping 118 tick(s)
[20:29:13] [Server thread/WARN]: Can't keep up! Did the system time change, or is the server overloaded? Running 10639ms behind, skipping 212 tick(s)
[20:29:33] [Server thread/WARN]: Can't keep up! Did the system time change, or is the server overloaded? Running 10852ms behind, skipping 217 tick(s)
[20:29:53] [Server thread/WARN]: Can't keep up! Did the system time change, or is the server overloaded? Running 10793ms behind, skipping 215 tick(s)
[20:30:12] [Server thread/WARN]: Can't keep up! Did the system time change, or is the server overloaded? Running 9327ms behind, skipping 186 tick(s)
[20:30:29] [Server thread/WARN]: Can't keep up! Did the system time change, or is the server overloaded? Running 8094ms behind, skipping 161 tick(s)
[20:30:43] [Server thread/WARN]: Can't keep up! Did the system time change, or is the server overloaded? Running 7207ms behind, skipping 144 tick(s)
[20:31:03] [Server thread/WARN]: Can't keep up! Did the system time change, or is the server overloaded? Running 10038ms behind, skipping 200 tick(s)
