[14:34:30] [Client thread/INFO]: Setting user: rcnerd
[14:34:30] [Client thread/INFO]: (Session ID is token:c857ccd86d884904b2c44a785d4196f6:2b14785b313c4c35ba883f2e95b9dcdd)
[14:34:31] [Client thread/INFO]: LWJGL Version: 2.9.4
[14:34:31] [Client thread/INFO]: Reloading ResourceManager: Default, Misa-converted-1389576244633, Misa Patch Les 1.8
[14:34:32] [Sound Library Loader/INFO]: Starting up SoundSystem...
[14:34:32] [Thread-6/INFO]: Initializing LWJGL OpenAL
[14:34:32] [Thread-6/INFO]: (The LWJGL binding of OpenAL.  For more information, see http://www.lwjgl.org)
[14:34:32] [Thread-6/INFO]: OpenAL initialized.
[14:34:33] [Sound Library Loader/INFO]: Sound engine started
[14:34:43] [Client thread/INFO]: Created: 2048x2048 textures-atlas
[14:39:17] [Server thread/INFO]: Starting integrated minecraft server version 1.8.7
[14:39:17] [Server thread/INFO]: Generating keypair
[14:39:17] [Server thread/INFO]: Preparing start region for level 0
[14:39:18] [Server thread/INFO]: Changing view distance to 16, from 10
[14:39:18] [Server thread/INFO]: rcnerd[local:E:dcfa4830] logged in with entity id 61 at (-12.89314002386579, 101.51511325463652, 6.085623068538733)
[14:39:18] [Server thread/INFO]: rcnerd joined the game
[14:39:20] [Client thread/WARN]: Needed to grow BufferBuilder buffer: Old size 524288 bytes, new size 2621440 bytes.
[14:39:20] [Chunk Batcher 1/WARN]: Needed to grow BufferBuilder buffer: Old size 524288 bytes, new size 2621440 bytes.
[14:39:20] [Chunk Batcher 0/WARN]: Needed to grow BufferBuilder buffer: Old size 524288 bytes, new size 2621440 bytes.
[14:39:20] [Chunk Batcher 1/WARN]: Needed to grow BufferBuilder buffer: Old size 524288 bytes, new size 2621440 bytes.
[14:39:21] [Chunk Batcher 0/WARN]: Needed to grow BufferBuilder buffer: Old size 524288 bytes, new size 2621440 bytes.
[14:39:27] [Client thread/INFO]: [CHAT] /gamemode, /give, /gamerule
[14:39:28] [Server thread/INFO]: [rcnerd: Set own game mode to Creative Mode]
[14:39:28] [Client thread/INFO]: [CHAT] Your game mode has been updated
[14:39:29] [Chunk Batcher 1/WARN]: Needed to grow BufferBuilder buffer: Old size 524288 bytes, new size 2621440 bytes.
[14:39:53] [pool-2-thread-1/WARN]: Couldn't look up profile properties for com.mojang.authlib.GameProfile@3ef6c628[id=2b14785b-313c-4c35-ba88-3f2e95b9dcdd,name=rcnerd,properties={},legacy=false]
com.mojang.authlib.exceptions.AuthenticationUnavailableException: Cannot contact authentication server
	at com.mojang.authlib.yggdrasil.YggdrasilAuthenticationService.makeRequest(YggdrasilAuthenticationService.java:71) ~[authlib-1.5.21.jar:?]
	at com.mojang.authlib.yggdrasil.YggdrasilMinecraftSessionService.fillGameProfile(YggdrasilMinecraftSessionService.java:175) [authlib-1.5.21.jar:?]
	at com.mojang.authlib.yggdrasil.YggdrasilMinecraftSessionService$1.load(YggdrasilMinecraftSessionService.java:59) [authlib-1.5.21.jar:?]
	at com.mojang.authlib.yggdrasil.YggdrasilMinecraftSessionService$1.load(YggdrasilMinecraftSessionService.java:56) [authlib-1.5.21.jar:?]
	at com.google.common.cache.LocalCache$LoadingValueReference.loadFuture(LocalCache.java:3524) [guava-17.0.jar:?]
	at com.google.common.cache.LocalCache$Segment.loadSync(LocalCache.java:2317) [guava-17.0.jar:?]
	at com.google.common.cache.LocalCache$Segment.lockedGetOrLoad(LocalCache.java:2280) [guava-17.0.jar:?]
	at com.google.common.cache.LocalCache$Segment.get(LocalCache.java:2195) [guava-17.0.jar:?]
	at com.google.common.cache.LocalCache.get(LocalCache.java:3934) [guava-17.0.jar:?]
	at com.google.common.cache.LocalCache.getOrLoad(LocalCache.java:3938) [guava-17.0.jar:?]
	at com.google.common.cache.LocalCache$LocalLoadingCache.get(LocalCache.java:4821) [guava-17.0.jar:?]
	at com.google.common.cache.LocalCache$LocalLoadingCache.getUnchecked(LocalCache.java:4827) [guava-17.0.jar:?]
	at com.mojang.authlib.yggdrasil.YggdrasilMinecraftSessionService.fillProfileProperties(YggdrasilMinecraftSessionService.java:165) [authlib-1.5.21.jar:?]
	at ave.N(SourceFile:2538) [1.8.7.jar:?]
	at bnp$3.run(SourceFile:106) [1.8.7.jar:?]
	at java.util.concurrent.Executors$RunnableAdapter.call(Executors.java:511) [?:1.8.0_25]
	at java.util.concurrent.FutureTask.run(FutureTask.java:266) [?:1.8.0_25]
	at java.util.concurrent.ThreadPoolExecutor.runWorker(ThreadPoolExecutor.java:1142) [?:1.8.0_25]
	at java.util.concurrent.ThreadPoolExecutor$Worker.run(ThreadPoolExecutor.java:617) [?:1.8.0_25]
	at java.lang.Thread.run(Thread.java:745) [?:1.8.0_25]
Caused by: java.net.SocketTimeoutException: Read timed out
	at java.net.SocketInputStream.socketRead0(Native Method) ~[?:1.8.0_25]
	at java.net.SocketInputStream.read(SocketInputStream.java:150) ~[?:1.8.0_25]
	at java.net.SocketInputStream.read(SocketInputStream.java:121) ~[?:1.8.0_25]
	at sun.security.ssl.InputRecord.readFully(InputRecord.java:465) ~[?:1.8.0_25]
	at sun.security.ssl.InputRecord.read(InputRecord.java:503) ~[?:1.8.0_25]
	at sun.security.ssl.SSLSocketImpl.readRecord(SSLSocketImpl.java:954) ~[?:1.8.0_25]
	at sun.security.ssl.SSLSocketImpl.performInitialHandshake(SSLSocketImpl.java:1343) ~[?:1.8.0_25]
	at sun.security.ssl.SSLSocketImpl.startHandshake(SSLSocketImpl.java:1371) ~[?:1.8.0_25]
	at sun.security.ssl.SSLSocketImpl.startHandshake(SSLSocketImpl.java:1355) ~[?:1.8.0_25]
	at sun.net.www.protocol.https.HttpsClient.afterConnect(HttpsClient.java:563) ~[?:1.8.0_25]
	at sun.net.www.protocol.https.AbstractDelegateHttpsURLConnection.connect(AbstractDelegateHttpsURLConnection.java:185) ~[?:1.8.0_25]
	at sun.net.www.protocol.http.HttpURLConnection.getInputStream0(HttpURLConnection.java:1511) ~[?:1.8.0_25]
	at sun.net.www.protocol.http.HttpURLConnection.getInputStream(HttpURLConnection.java:1439) ~[?:1.8.0_25]
	at sun.net.www.protocol.https.HttpsURLConnectionImpl.getInputStream(HttpsURLConnectionImpl.java:254) ~[?:1.8.0_25]
	at com.mojang.authlib.HttpAuthenticationService.performGetRequest(HttpAuthenticationService.java:126) ~[authlib-1.5.21.jar:?]
	at com.mojang.authlib.yggdrasil.YggdrasilAuthenticationService.makeRequest(YggdrasilAuthenticationService.java:54) ~[authlib-1.5.21.jar:?]
	... 19 more
[14:40:38] [Client thread/INFO]: [CHAT] /gamemode, /give, /gamerule
[14:40:40] [Server thread/INFO]: [rcnerd: Set own game mode to Spectator Mode]
[14:40:40] [Client thread/INFO]: [CHAT] Your game mode has been updated
[14:40:48] [Client thread/INFO]: [CHAT] /gamemode, /give, /gamerule
[14:40:49] [Server thread/INFO]: [rcnerd: Set own game mode to Creative Mode]
[14:40:49] [Client thread/INFO]: [CHAT] Your game mode has been updated
[14:40:52] [Server thread/INFO]: Saving and pausing game...
[14:40:52] [Server thread/INFO]: Saving chunks for level 'IronFarm'/Overworld
[14:40:52] [Server thread/INFO]: Saving chunks for level 'IronFarm'/Nether
[14:40:52] [Server thread/INFO]: Saving chunks for level 'IronFarm'/The End
[14:41:27] [Client thread/INFO]: [CHAT] /gamemode, /give, /gamerule
[14:41:28] [Server thread/INFO]: [rcnerd: Set own game mode to Spectator Mode]
[14:41:28] [Client thread/INFO]: [CHAT] Your game mode has been updated
[14:41:51] [Server thread/INFO]: Saving and pausing game...
[14:41:51] [Server thread/INFO]: Saving chunks for level 'IronFarm'/Overworld
[14:41:51] [Server thread/INFO]: Saving chunks for level 'IronFarm'/Nether
[14:41:51] [Server thread/INFO]: Saving chunks for level 'IronFarm'/The End
[14:48:10] [Server thread/INFO]: Saving and pausing game...
[14:48:10] [Server thread/INFO]: Saving chunks for level 'IronFarm'/Overworld
[14:48:10] [Server thread/INFO]: Saving chunks for level 'IronFarm'/Nether
[14:48:10] [Server thread/INFO]: Saving chunks for level 'IronFarm'/The End
[14:48:15] [Server thread/INFO]: Saving and pausing game...
[14:48:15] [Server thread/INFO]: Saving chunks for level 'IronFarm'/Overworld
[14:48:15] [Server thread/INFO]: Saving chunks for level 'IronFarm'/Nether
[14:48:15] [Server thread/INFO]: Saving chunks for level 'IronFarm'/The End
[14:48:32] [Server thread/INFO]: Saving and pausing game...
[14:48:32] [Server thread/INFO]: Saving chunks for level 'IronFarm'/Overworld
[14:48:32] [Server thread/INFO]: Saving chunks for level 'IronFarm'/Nether
[14:48:32] [Server thread/INFO]: Saving chunks for level 'IronFarm'/The End
[14:48:44] [Server thread/INFO]: Saving and pausing game...
[14:48:44] [Server thread/INFO]: Saving chunks for level 'IronFarm'/Overworld
[14:48:44] [Server thread/INFO]: Saving chunks for level 'IronFarm'/Nether
[14:48:44] [Server thread/INFO]: Saving chunks for level 'IronFarm'/The End
[14:48:57] [Client thread/INFO]: Reloading ResourceManager: Default, Misa-converted-1389576244633, Misa Patch Les 1.8
[14:48:57] [Server thread/INFO]: Stopping server
[14:48:57] [Server thread/INFO]: Saving players
[14:48:57] [Server thread/INFO]: Saving worlds
[14:48:57] [Server thread/INFO]: Saving chunks for level 'IronFarm'/Overworld
[14:48:57] [Server thread/INFO]: Saving chunks for level 'IronFarm'/Nether
[14:48:57] [Server thread/INFO]: Saving chunks for level 'IronFarm'/The End
[14:48:58] [Client thread/INFO]: SoundSystem shutting down...
[14:48:58] [Client thread/WARN]: Author: Paul Lamb, www.paulscode.com
[14:48:58] [Sound Library Loader/INFO]: Starting up SoundSystem...
[14:48:58] [Thread-10/INFO]: Initializing LWJGL OpenAL
[14:48:58] [Thread-10/INFO]: (The LWJGL binding of OpenAL.  For more information, see http://www.lwjgl.org)
[14:48:58] [Thread-10/INFO]: OpenAL initialized.
[14:48:58] [Sound Library Loader/INFO]: Sound engine started
[14:49:08] [Client thread/INFO]: Created: 2048x2048 textures-atlas
[14:49:41] [Client thread/INFO]: Stopping!
[14:49:41] [Client thread/INFO]: SoundSystem shutting down...
[14:49:41] [Client thread/WARN]: Author: Paul Lamb, www.paulscode.com
]: Can't keep up! Did the system time change, or is the server overloaded? Running 3155ms behind, skipping 63 tick(s)
[14:43:42] [Server thread/WARN]: Can't keep up! Did the system time change, or is the server overloaded? Running 4798ms behind, skipping 95 tick(s)
[14:44:01] [Server thread/WARN]: Can't keep up! Did the system time change, or is the server overloaded? Running 5378ms behind, skipping 107 tick(s)
[14:44:16] [Server thread/WARN]: Can't keep up! Did the system time change, or is the server overloaded? Running 3731ms behind, skipping 74 tick(s)
[14:44:34] [Server thread/WARN]: Can't keep up! Did the system time change, or is the server overloaded? Running 4876ms behind, skipping 97 tick(s)
[14:44:48] [Server thread/WARN]: Can't keep up! Did the system time change, or is the server overloaded? Running 3549ms behind, skipping 70 tick(s)
[14:45:06] [Server thread/WARN]: Can't keep up! Did the system time change, or is the server overloaded? Running 3608ms behind, skipping 72 tick(s)
[14:45:23] [Server thread/WARN]: Can't keep up! Did the system time change, or is the server overloaded? Running 4471ms behind, skipping 89 tick(s)
[14:45:38] [Server thread/WARN]: Can't keep up! Did the system time change, or is the server overloaded? Running 3281ms behind, skipping 65 tick(s)
[14:45:55] [Server thread/WARN]: Can't keep up! Did the system time change, or is the server overloaded? Running 2951ms behind, skipping 59 tick(s)
[14:46:13] [Server thread/WARN]: Can't keep up! Did the system time change, or is the server overloaded? Running 3742ms behind, skipping 74 tick(s)
[14:46:31] [Server thread/WARN]: Can't keep up! Did the system time change, or is the server overloaded? Running 4668ms behind, skipping 93 tick(s)
[14:46:46] [Server thread/WARN]: Can't keep up! Did the system time change, or is the server overloaded? Running 3371ms behind, skipping 67 tick(s)
[14:47:02] [Server thread/WARN]: Can't keep up! Did the system time change, or is the server overloaded? Running 3550ms behind, skipping 71 tick(s)
[14:47:18] [Server thread/WARN]: Can't keep up! Did the system time change, or is the server overloaded? Running 4257ms behind, skipping 85 tick(s)
[14:47:22] [Chunk Batcher 1/WARN]: Needed to grow BufferBuilder buffer: Old size 524288 bytes, new size 2621440 bytes.
[14:47:35] [Server thread/WARN]: Can't keep up! Did the system time change, or is the server overloaded? Running 3377ms behind, skipping 67 tick(s)
[14:47:52] [Server thread/WARN]: Can't keep up! Did the system time change, or is the server overloaded? Running 3779ms behind, skipping 75 tick(s)
[14:48:07] [Server thread/WARN]: Can't keep up! Did the system time change, or is the server overloaded? Running 2571ms behind, skipping 51 tick(s)
[14:48:27] [Server thread/INFO]: Saving and pausing game...
[14:48:27] [Server thread/INFO]: Saving chunks for level 'Let's play world(test)'/Overworld
[14:48:27] [Server thread/INFO]: Saving chunks for level 'Let's play world(test)'/Nether
[14:48:27] [Server thread/INFO]: Saving chunks for level 'Let's play world(test)'/The End
[14:48:27] [Server thread/WARN]: Can't keep up! Did the system time change, or is the server overloaded? Running 3319ms behind, skipping 66 tick(s)
[14:48:42] [Server thread/INFO]: Saving and pausing game...
[14:48:42] [Server thread/INFO]: Saving chunks for level 'Let's play world(test)'/Overworld
[14:48:42] [Server thread/INFO]: Saving chunks for level 'Let's play world(test)'/Nether
[14:48:42] [Server thread/INFO]: Saving chunks for level 'Let's play world(test)'/The End
[14:48:55] [Server thread/INFO]: Saving and pausing game...
[14:48:55] [Server thread/INFO]: Saving chunks for level 'Let's play world(test)'/Overworld
[14:48:56] [Server thread/INFO]: Saving chunks for level 'Let's play world(test)'/Nether
[14:48:56] [Server thread/INFO]: Saving chunks for level 'Let's play world(test)'/The End
[14:48:56] [Server thread/WARN]: Can't keep up! Did the system time change, or is the server overloaded? Running 2072ms behind, skipping 41 tick(s)
[14:50:52] [Server thread/WARN]: Can't keep up! Did the system time change, or is the server overloaded? Running 2106ms behind, skipping 42 tick(s)
[14:51:00] [Server thread/INFO]: Saving and pausing game...
[14:51:00] [Server thread/INFO]: Saving chunks for level 'Let's play world(test)'/Overworld
[14:51:00] [Server thread/INFO]: Saving chunks for level 'Let's play world(test)'/Nether
[14:51:00] [Server thread/INFO]: Saving chunks for level 'Let's play world(test)'/The End
[14:51:13] [Server thread/INFO]: Saving and pausing game...
[14:51:13] [Server thread/INFO]: Saving chunks for level 'Let's play world(test)'/Overworld
[14:51:13] [Server thread/INFO]: Saving chunks for level 'Let's play world(test)'/Nether
[14:51:13] [Server thread/INFO]: Saving chunks for level 'Let's play world(test)'/The End
[14:51:38] [Server thread/INFO]: Saving and pausing game...
[14:51:38] [Server thread/INFO]: Saving chunks for level 'Let's play world(test)'/Overworld
[14:51:38] [Server thread/INFO]: Saving chunks for level 'Let's play world(test)'/Nether
[14:51:38] [Server thread/INFO]: Saving chunks for level 'Let's play world(test)'/The End
[14:51:51] [Server thread/INFO]: Saving and pausing game...
[14:51:51] [Server thread/INFO]: Saving chunks for level 'Let's play world(test)'/Overworld
[14:51:52] [Server thread/INFO]: Saving chunks for level 'Let's play world(test)'/Nether
[14:51:52] [Server thread/INFO]: Saving chunks for level 'Let's play world(test)'/The End
[14:53:19] [Server thread/WARN]: Can't keep up! Did the system time change, or is the server overloaded? Running 2296ms behind, skipping 45 tick(s)
[14:53:40] [Server thread/WARN]: Can't keep up! Did the system time change, or is the server overloaded? Running 2026ms behind, skipping 40 tick(s)
[14:56:22] [Server thread/INFO]: Saving and pausing game...
[14:56:22] [Server thread/INFO]: Saving chunks for level 'Let's play world(test)'/Overworld
[14:56:22] [Server thread/INFO]: Saving chunks for level 'Let's play world(test)'/Nether
[14:56:22] [Server thread/INFO]: Saving chunks for level 'Let's play world(test)'/The End
[14:58:30] [Server thread/WARN]: Can't keep up! Did the system time change, or is the server overloaded? Running 2211ms behind, skipping 44 tick(s)
[14:58:46] [Server thread/WARN]: Can't keep up! Did the system time change, or is the server overloaded? Running 3095ms behind, skipping 61 tick(s)
[14:59:05] [Server thread/WARN]: Can't keep up! Did the system time change, or is the server overloaded? Running 4682ms behind, skipping 93 tick(s)
[14:59:23] [Server thread/WARN]: Can't keep up! Did the system time change, or is the server overloaded? Running 5450ms behind, skipping 109 tick(s)
[14:59:39] [Server thread/WARN]: Can't keep up! Did the system time change, or is the server overloaded? Running 3879ms behind, skipping 77 tick(s)
[14:59:55] [Server thread/WARN]: Can't keep up! Did the system time change, or is the server overloaded? Running 4461ms behind, skipping 89 tick(s)
[15:00:09] [Server thread/WARN]: Can't keep up! Did the system time change, or is the server overloaded? Running 3245ms behind, skipping 64 tick(s)
[15:00:27] [Server thread/WARN]: Can't keep up! Did the system time change, or is the server overloaded? Running 3526ms behind, skipping 70 tick(s)
[15:00:42] [Server thread/WARN]: Can't keep up! Did the system time change, or is the server overloaded? Running 2679ms behind, skipping 53 tick(s)
[15:00:59] [Server thread/WARN]: Can't keep up! Did the system time change, or is the server overloaded? Running 3158ms behind, skipping 63 tick(s)
[15:01:15] [Server thread/WARN]: Can't keep up! Did the system time change, or is the server overloaded? Running 3219ms behind, skipping 64 tick(s)
[15:01:32] [Server thread/WARN]: Can't keep up! Did the system time change, or is the server overloaded? Running 4337ms behind, skipping 86 tick(s)
[15:01:47] [Server thread/WARN]: Can't keep up! Did the system time change, or is the server overloaded? Running 4396ms behind, skipping 87 tick(s)
[15:02:03] [Server thread/WARN]: Can't keep up! Did the system time change, or is the server overloaded? Running 4290ms behind, skipping 85 ti[15:03:18] [Server thread/INFO]: Saving and pausing game...
[15:03:18] [Server thread/INFO]: Saving chunks for level 'IronFarm'/Overworld
[15:03:18] [Server thread/INFO]: Saving chunks for level 'IronFarm'/Nether
[15:03:18] [Server thread/INFO]: Saving chunks for level 'IronFarm'/The End
[15:06:45] [Client thread/INFO]: [CHAT] /gamemode, /give, /gamerule
[15:06:46] [Server thread/INFO]: [rcnerd: Set own game mode to Creative Mode]
[15:06:46] [Client thread/INFO]: [CHAT] Your game mode has been updated
[15:07:23] [Chunk Batcher 1/WARN]: Needed to grow BufferBuilder buffer: Old size 524288 bytes, new size 2621440 bytes.
[15:08:41] [Server thread/INFO]: Saving and pausing game...
[15:08:41] [Server thread/INFO]: Saving chunks for level 'IronFarm'/Overworld
[15:08:41] [Server thread/INFO]: Saving chunks for level 'IronFarm'/Nether
[15:08:41] [Server thread/INFO]: Saving chunks for level 'IronFarm'/The End
[15:10:17] [Client thread/INFO]: [CHAT] /gamemode, /give, /gamerule
[15:10:17] [Server thread/INFO]: [rcnerd: Set own game mode to Spectator Mode]
[15:10:17] [Client thread/INFO]: [CHAT] Your game mode has been updated
[15:11:23] [Server thread/INFO]: Saving and pausing game...
[15:11:23] [Server thread/INFO]: Saving chunks for level 'IronFarm'/Overworld
[15:11:23] [Server thread/INFO]: Saving chunks for level 'IronFarm'/Nether
[15:11:23] [Server thread/INFO]: Saving chunks for level 'IronFarm'/The End
[15:13:18] [Server thread/INFO]: Saving and pausing game...
[15:13:18] [Server thread/INFO]: Saving chunks for level 'IronFarm'/Overworld
[15:13:18] [Server thread/INFO]: Saving chunks for level 'IronFarm'/Nether
[15:13:18] [Server thread/INFO]: Saving chunks for level 'IronFarm'/The End
[15:13:19] [Client thread/INFO]: Reloading ResourceManager: Default, Misa-converted-1389576244633, Misa Patch Les 1.8
[15:13:19] [Server thread/INFO]: Stopping server
[15:13:19] [Server thread/INFO]: Saving players
[15:13:19] [Server thread/INFO]: Saving worlds
[15:13:19] [Server thread/INFO]: Saving chunks for level 'IronFarm'/Overworld
[15:13:19] [Server thread/INFO]: Saving chunks for level 'IronFarm'/Nether
[15:13:19] [Server thread/INFO]: Saving chunks for level 'IronFarm'/The End
[15:13:20] [Client thread/INFO]: SoundSystem shutting down...
[15:13:20] [Client thread/WARN]: Author: Paul Lamb, www.paulscode.com
[15:13:20] [Sound Library Loader/INFO]: Starting up SoundSystem...
[15:13:20] [Thread-9/INFO]: Initializing LWJGL OpenAL
[15:13:20] [Thread-9/INFO]: (The LWJGL binding of OpenAL.  For more information, see http://www.lwjgl.org)
[15:13:20] [Thread-9/INFO]: OpenAL initialized.
[15:13:21] [Sound Library Loader/INFO]: Sound engine started
[15:13:30] [Client thread/INFO]: Created: 2048x2048 textures-atlas
[15:13:58] [Server thread/INFO]: Starting integrated minecraft server version 1.8.7
[15:13:58] [Server thread/INFO]: Generating keypair
[15:13:58] [Server thread/INFO]: Preparing start region for level 0
[15:13:58] [Server thread/INFO]: Changing view distance to 16, from 10
[15:13:58] [Server thread/INFO]: rcnerd[local:E:60fc26f2] logged in with entity id 57708 at (1.067479413277507, 120.50615863393536, 26.274888491432506)
[15:13:58] [Server thread/INFO]: rcnerd joined the game
[15:14:50] [Server thread/INFO]: Saving and pausing game...
[15:14:50] [Server thread/INFO]: Saving chunks for level 'IronFarm'/Overworld
[15:14:50] [Server thread/INFO]: Saving chunks for level 'IronFarm'/Nether
[15:14:50] [Server thread/INFO]: Saving chunks for level 'IronFarm'/The End
[15:15:34] [Client thread/WARN]: Unable to play unknown soundEvent: minecraft:none
[15:15:34] [Client thread/INFO]: [CHAT] /gamemode, /give, /gamerule
[15:15:35] [Server thread/INFO]: [rcnerd: Set own game mode to Spectator Mode]
[15:15:35] [Client thread/INFO]: [CHAT] Your game mode has been updated
[15:15:38] [Client thread/WARN]: Unable to play unknown soundEvent: minecraft:none
[15:15:41] [Client thread/INFO]: [CHAT] /gamemode, /give, /gamerule
[15:15:42] [Server thread/INFO]: [rcnerd: Set own game mode to Creative Mode]
[15:15:42] [Client thread/INFO]: [CHAT] Your game mode has been updated
[15:15:54] [Client thread/WARN]: Unable to play unknown soundEvent: minecraft:none
[15:15:54] [Server thread/INFO]: Saving and pausing game...
[15:15:54] [Server thread/INFO]: Saving chunks for level 'IronFarm'/Overworld
[15:15:54] [Server thread/INFO]: Saving chunks for level 'IronFarm'/Nether
[15:15:54] [Server thread/INFO]: Saving chunks for level 'IronFarm'/The End
[15:20:08] [Client thread/INFO]: [CHAT] /gamemode, /give, /gamerule
[15:20:09] [Server thread/INFO]: [rcnerd: Set own game mode to Spectator Mode]
[15:20:09] [Client thread/INFO]: [CHAT] Your game mode has been updated
[15:20:20] [Server thread/INFO]: Saving and pausing game...
[15:20:20] [Server thread/INFO]: Saving chunks for level 'IronFarm'/Overworld
[15:20:20] [Server thread/INFO]: Saving chunks for level 'IronFarm'/Nether
[15:20:20] [Server thread/INFO]: Saving chunks for level 'IronFarm'/The End
[15:23:07] [Client thread/WARN]: Unable to play unknown soundEvent: minecraft:none
[15:23:10] [Server thread/INFO]: Saving and pausing game...
[15:23:10] [Server thread/INFO]: Saving chunks for level 'IronFarm'/Overworld
[15:23:10] [Server thread/INFO]: Saving chunks for level 'IronFarm'/Nether
[15:23:10] [Server thread/INFO]: Saving chunks for level 'IronFarm'/The End
[15:29:29] [Client thread/WARN]: Unable to play unknown soundEvent: minecraft:none
[15:30:00] [Server thread/INFO]: Saving and pausing game...
[15:30:00] [Server thread/INFO]: Saving chunks for level 'IronFarm'/Overworld
[15:30:00] [Server thread/INFO]: Saving chunks for level 'IronFarm'/Nether
[15:30:00] [Server thread/INFO]: Saving chunks for level 'IronFarm'/The End
[15:31:03] [Client thread/INFO]: [CHAT] /gamemode, /give, /gamerule
[15:31:04] [Server thread/INFO]: [rcnerd: Set own game mode to Creative Mode]
[15:31:04] [Client thread/INFO]: [CHAT] Your game mode has been updated
[15:31:27] [Server thread/INFO]: Saving and pausing game...
[15:31:27] [Server thread/INFO]: Saving chunks for level 'IronFarm'/Overworld
[15:31:27] [Server thread/INFO]: Saving chunks for level 'IronFarm'/Nether
[15:31:27] [Server thread/INFO]: Saving chunks for level 'IronFarm'/The End
[15:40:41] [Client thread/INFO]: Reloading ResourceManager: Default, Misa-converted-1389576244633, Misa Patch Les 1.8
[15:40:41] [Server thread/INFO]: Stopping server
[15:40:41] [Server thread/INFO]: Saving players
[15:40:41] [Server thread/INFO]: Saving worlds
[15:40:41] [Server thread/INFO]: Saving chunks for level 'IronFarm'/Overworld
[15:40:41] [Server thread/INFO]: Saving chunks for level 'IronFarm'/Nether
[15:40:41] [Server thread/INFO]: Saving chunks for level 'IronFarm'/The End
[15:40:42] [Client thread/INFO]: SoundSystem shutting down...
[15:40:42] [Client thread/WARN]: Author: Paul Lamb, www.paulscode.com
[15:40:42] [Sound Library Loader/INFO]: Starting up SoundSystem...
[15:40:42] [Thread-12/INFO]: Initializing LWJGL OpenAL
[15:40:42] [Thread-12/INFO]: (The LWJGL binding of OpenAL.  For more information, see http://www.lwjgl.org)
[15:40:42] [Thread-12/INFO]: OpenAL initialized.
[15:40:43] [Sound Library Loader/INFO]: Sound engine started
[15:40:52] [Client thread/INFO]: Created: 2048x2048 textures-atlas
[15:40:57] [Client thread/INFO]: Stopping!
[15:40:57] [Client thread/INFO]: SoundSystem shutting down...
[15:40:57] [Client thread/WARN]: Author: Paul Lamb, www.paulscode.com
2 tick(s)
[15:17:40] [Client thread/WARN]: Unable to play unknown soundEvent: minecraft:none
[15:17:40] [Server thread/WARN]: Can't keep up! Did the system time change, or is the server overloaded? Running 3156ms behind, skipping 63 tick(s)
[15:17:55] [Server thread/WARN]: Can't keep up! Did the system time change, or is the server overloaded? Running 3059ms behind, skipping 61 tick(s)
[15:18:11] [Server thread/WARN]: Can't keep up! Did the system time change, or is the server overloaded? Running 2960ms behind, skipping 59 tick(s)
[15:18:26] [Server thread/WARN]: Can't keep up! Did the system time change, or is the server overloaded? Running 2831ms behind, skipping 56 tick(s)
[15:18:36] [Client thread/WARN]: Unable to play unknown soundEvent: minecraft:none
[15:18:43] [Server thread/WARN]: Can't keep up! Did the system time change, or is the server overloaded? Running 2712ms behind, skipping 54 tick(s)
[15:19:00] [Server thread/WARN]: Can't keep up! Did the system time change, or is the server overloaded? Running 2827ms behind, skipping 56 tick(s)
[15:19:01] [Client thread/WARN]: Unable to play unknown soundEvent: minecraft:none
[15:19:09] [Client thread/WARN]: Unable to play unknown soundEvent: minecraft:none
[15:19:16] [Server thread/WARN]: Can't keep up! Did the system time change, or is the server overloaded? Running 2922ms behind, skipping 58 tick(s)
[15:19:18] [Client thread/WARN]: Unable to play unknown soundEvent: minecraft:none
[15:19:31] [Server thread/WARN]: Can't keep up! Did the system time change, or is the server overloaded? Running 2765ms behind, skipping 55 tick(s)
[15:19:49] [Server thread/WARN]: Can't keep up! Did the system time change, or is the server overloaded? Running 3609ms behind, skipping 72 tick(s)
[15:19:53] [Server thread/WARN]: rcnerd moved wrongly!
[15:20:04] [Server thread/INFO]: Saving and pausing game...
[15:20:04] [Server thread/INFO]: Saving chunks for level 'Let's play world(test)'/Overworld
[15:20:04] [Server thread/INFO]: Saving chunks for level 'Let's play world(test)'/Nether
[15:20:04] [Server thread/INFO]: Saving chunks for level 'Let's play world(test)'/The End
[15:20:35] [Server thread/WARN]: Can't keep up! Did the system time change, or is the server overloaded? Running 2060ms behind, skipping 41 tick(s)
[15:20:53] [Server thread/WARN]: Can't keep up! Did the system time change, or is the server overloaded? Running 4258ms behind, skipping 85 tick(s)
[15:21:08] [Server thread/WARN]: Can't keep up! Did the system time change, or is the server overloaded? Running 4118ms behind, skipping 82 tick(s)
[15:21:30] [Server thread/WARN]: Can't keep up! Did the system time change, or is the server overloaded? Running 6339ms behind, skipping 126 tick(s)
[15:21:47] [Server thread/WARN]: Can't keep up! Did the system time change, or is the server overloaded? Running 6361ms behind, skipping 127 tick(s)
[15:22:11] [Server thread/WARN]: Can't keep up! Did the system time change, or is the server overloaded? Running 9183ms behind, skipping 183 tick(s)
[15:22:24] [Server thread/WARN]: Can't keep up! Did the system time change, or is the server overloaded? Running 5674ms behind, skipping 113 tick(s)
[15:22:42] [Server thread/WARN]: Can't keep up! Did the system time change, or is the server overloaded? Running 6177ms behind, skipping 123 tick(s)
[15:22:58] [Server thread/WARN]: Can't keep up! Did the system time change, or is the server overloaded? Running 6234ms behind, skipping 124 tick(s)
[15:23:04] [Server thread/INFO]: Saving and pausing game...
[15:23:04] [Server thread/INFO]: Saving chunks for level 'Let's play world(test)'/Overworld
[15:23:04] [Server thread/INFO]: Saving chunks for level 'Let's play world(test)'/Nether
[15:23:04] [Server thread/INFO]: Saving chunks for level 'Let's play world(test)'/The End
[15:23:53] [Server thread/WARN]: Can't keep up! Did the system time change, or is the server overloaded? Running 2002ms behind, skipping 40 tick(s)
[15:24:12] [Server thread/WARN]: Can't keep up! Did the system time change, or is the server overloaded? Running 3361ms behind, skipping 67 tick(s)
[15:24:29] [Server thread/WARN]: Can't keep up! Did the system time change, or is the server overloaded? Running 3467ms behind, skipping 69 tick(s)
[15:24:48] [Server thread/WARN]: Can't keep up! Did the system time change, or is the server overloaded? Running 5391ms behind, skipping 107 tick(s)
[15:25:04] [Server thread/WARN]: Can't keep up! Did the system time change, or is the server overloaded? Running 6405ms behind, skipping 128 tick(s)
[15:25:21] [Server thread/WARN]: Can't keep up! Did the system time change, or is the server overloaded? Running 5888ms behind, skipping 117 tick(s)
[15:25:36] [Server thread/WARN]: Can't keep up! Did the system time change, or is the server overloaded? Running 5337ms behind, skipping 106 tick(s)
[15:25:52] [Server thread/WARN]: Can't keep up! Did the system time change, or is the server overloaded? Running 5592ms behind, skipping 111 tick(s)
[15:26:11] [Server thread/WARN]: Can't keep up! Did the system time change, or is the server overloaded? Running 5329ms behind, skipping 106 tick(s)
[15:26:26] [Server thread/WARN]: Can't keep up! Did the system time change, or is the server overloaded? Running 3631ms behind, skipping 72 tick(s)
[15:26:41] [Server thread/WARN]: Can't keep up! Did the system time change, or is the server overloaded? Running 3335ms behind, skipping 66 tick(s)
[15:27:00] [Server thread/WARN]: Can't keep up! Did the system time change, or is the server overloaded? Running 4352ms behind, skipping 87 tick(s)
[15:27:18] [Server thread/WARN]: Can't keep up! Did the system time change, or is the server overloaded? Running 4290ms behind, skipping 85 tick(s)
[15:27:38] [Server thread/WARN]: Can't keep up! Did the system time change, or is the server overloaded? Running 5290ms behind, skipping 105 tick(s)
[15:27:52] [Server thread/WARN]: Can't keep up! Did the system time change, or is the server overloaded? Running 3673ms behind, skipping 73 tick(s)
[15:28:09] [Server thread/WARN]: Can't keep up! Did the system time change, or is the server overloaded? Running 3565ms behind, skipping 71 tick(s)
[15:28:28] [Server thread/WARN]: Can't keep up! Did the system time change, or is the server overloaded? Running 4260ms behind, skipping 85 tick(s)
[15:28:46] [Server thread/WARN]: Can't keep up! Did the system time change, or is the server overloaded? Running 3980ms behind, skipping 79 tick(s)
[15:29:03] [Server thread/WARN]: Can't keep up! Did the system time change, or is the server overloaded? Running 3791ms behind, skipping 75 tick(s)
[15:29:19] [Server thread/WARN]: Can't keep up! Did the system time change, or is the server overloaded? Running 4103ms behind, skipping 82 tick(s)
[15:29:38] [Server thread/WARN]: Can't keep up! Did the system time change, or is the server overloaded? Running 5130ms behind, skipping 102 tick(s)
[15:29:55] [Server thread/WARN]: Can't keep up! Did the system time change, or is the server overloaded? Running 4242ms behind, skipping 84 tick(s)
[15:30:11] [Server thread/WARN]: Can't keep up! Did the system time change, or is the server overloaded? Running 4401ms behind, skipping 88 tick(s)
[15:30:29] [Server thread/WARN]: Can't keep up! Did the system time change, or is the server overloaded? Running 5121ms behind, skipping 102 tick(s)
[15:30:45] [Server thread/WARN]: Can't keep up! Did the system time change, or is the server overloaded? Running 4637ms behind, skipping 92 tick(s)
[15:31:01] [Server thread/WARN]: Can't keep up! Did the system time change, or is the server overloaded? Running 2971ms behind, skipping 59 tick(s)
[15:31:17] [Server thread/WARN]: Can't keep up! Did the system time change, or is the server overloaded? Running 2611ms behind, skipping 52 tick(s)
[15:31:34] [Server thread/WARN]: Can't keep up! Did the system time change, or is the server overloaded? Running 2369ms behind, skipping 47 tick(s)
[15:31:51] [Server thread/WARN]: Can't keep up! Did the system time change, or is the server overloaded? Running 3259ms behind, skipping 65 tick(s)
[15:32:11] [Server thread/WARN]: Can't keep up! Did the system time change, or is the server overloaded? Running 4158ms behind, skipping 83 tick(s)
[15:32:29] [Server thread/WARN]: Can't keep up! Did the system time change, or is the server overloaded? Running 5326ms behind, skipping 106 tick(s)
[15:32:47] [Server thread/WARN]: Can't keep up! Did the system time change, or is the server overloaded? Running 4724ms behind, skipping 94 tick(s)
[15:33:04] [Server thread/WARN]: Can't keep up! Did the system time change, or is the server overloaded? Running 4353ms behind, skipping 87 tick(s)
[15:33:22] [Server thread/WARN]: Can't keep up! Did the system time change, or is the server overloaded? Running 3926ms behind, skipping 78 tick(s)
[15:33:38] [Server thread/WARN]: Can't keep up! Did the system time change, or is the server overloaded? Running 4137ms behind, skipping 82 tick(s)
[15:33:55] [Server thread/WARN]: Can't keep up! Did the system time change, or is the server overloaded? Running 4011ms behind, skipping 80 tick(s)
[15:34:14] [Server thread/WARN]: Can't keep up! Did the system time change, or is the server overloaded? Running 4422ms behind, skipping 88 tick(s)
[15:34:32] [Server thread/WARN]: Can't keep up! Did the system time change, or is the server overloaded? Running 5190ms behind, skipping 103 tick(s)
[15:34:46] [Server thread/WARN]: Can't keep up! Did the system time change, or is the server overloaded? Running 4230ms behind, skipping 84 tick(s)
[15:35:01] [Server thread/WARN]: Can't keep up! Did the system time change, or is the server overloaded? Running 3766ms behind, skipping 75 tick(s)
[15:35:19] [Server thread/WARN]: Can't keep up! Did the system time change, or is the server overloaded? Running 4851ms behind, skipping 97 tick(s)
[15:35:33] [Server thread/WARN]: Can't keep up! Did the system time change, or is the server overloaded? Running 3979ms behind, skipping 79 tick(s)
[15:35:52] [Server thread/WARN]: Can't keep up! Did the system time change, or is the server overloaded? Running 4539ms behind, skipping 90 tick(s)
[15:36:09] [Server thread/WARN]: Can't keep up! Did the system time change, or is the server overloaded? Running 3486ms behind, skipping 69 tick(s)
[15:36:29] [Server thread/WARN]: Can't keep up! Did the system time change, or is the server overloaded? Running 4473ms behind, skipping 89 tick(s)
[15:36:44] [Server thread/WARN]: Can't keep up! Did the system time change, or is the server overloaded? Running 4456ms behind, skipping 89 tick(s)
[15:36:59] [Server thread/WARN]: Can't keep up! Did the system time change, or is the server overloaded? Running 3851ms behind, skipping 77 tick(s)
[15:37:16] [Server thread/WARN]: Can't keep up! Did the system time change, or is the server overloaded? Running 4303ms behind, skipping 86 tick(s)
[15:37:33] [Server thread/WARN]: Can't keep up! Did the system time change, or is the server overloaded? Running 3810ms behind, skipping 76 tick(s)
[15:37:49] [Server thread/WARN]: Can't keep up! Did the system time change, or is the server overloaded? Running 4152ms behind, skipping 83 tick(s)
[15:38:05] [Server thread/WARN]: Can't keep up! Did the system time change, or is the server overloaded? Running 4095ms behind, skipping 81 tick(s)
[15:38:20] [Server thread/WARN]: Can't keep up! Did the system time change, or is the server overloaded? Running 3752ms behind, skipping 75 tick(s)
[15:38:37] [Server thread/WARN]: Can't keep up! Did the system time change, or is the server overloaded? Running 3962ms behind, skipping 79 tick(s)
[15:38:57] [Server thread/WARN]: Can't keep up! Did the system time change, or is the server overloaded? Running 5802ms behind, skipping 116 tick(s)
[15:39:12] [Server thread/WARN]: Can't keep up! Did the system time change, or is the server overloaded? Running 3620ms behind, skipping 72 tick(s)
[15:39:30] [Server thread/WARN]: Can't keep up! Did the system time change, or is the server overloaded? Running 5089ms behind, skipping 101 tick(s)
[15:39:49] [Server thread/WARN]: Can't keep up! Did the system time change, or is the server overloaded? Running 5323ms behind, skipping 106 tick(s)
[15:40:05] [Server thread/WARN]: Can't keep up! Did the system time change, or is the server overloaded? Running 4286ms behind, skipping 85 tick(s)
[15:40:21] [Server thread/WARN]: Can't keep up! Did the system time change, or is the server overloaded? Running 4158ms behind, skipping 83 tick(s)
[15:40:38] [Server thread/WARN]: Can't keep up! Did the system time change, or is the server overloaded? Running 5592ms behind, skipping 111 tick(s)
[15:40:55] [Server thread/WARN]: Can't keep up! Did the system time change, or is the server overloaded? Running 2042ms behind, skipping 40 tick(s)
[15:42:33] [Client thread/WARN]: Unable to play unknown soundEvent: minecraft:none
[15:42:48] [Client thread/INFO]: [CHAT] You may not rest now, there are monsters nearby
[15:42:49] [Client thread/INFO]: [CHAT] You may not rest now, there are monsters nearby
[15:42:51] [Client thread/INFO]: [CHAT] You may not rest now, there are monsters nearby
[15:43:59] [Client thread/WARN]: Unable to play unknown soundEvent: minecraft:none
