[20:26:11] [Client thread/INFO]: Setting user: rcnerd
[20:26:11] [Client thread/INFO]: (Session ID is token:1a82c3a021fa4594b8265282804786c4:2b14785b313c4c35ba883f2e95b9dcdd)
[20:26:12] [Client thread/INFO]: LWJGL Version: 2.9.4
[20:26:13] [Client thread/INFO]: Reloading ResourceManager: Default, Misa-converted-1389576244633, Misa Patch Les 1.8
[20:26:13] [Sound Library Loader/INFO]: Starting up SoundSystem...
[20:26:13] [Thread-6/INFO]: Initializing LWJGL OpenAL
[20:26:13] [Thread-6/INFO]: (The LWJGL binding of OpenAL.  For more information, see http://www.lwjgl.org)
[20:26:13] [Thread-6/INFO]: OpenAL initialized.
[20:26:13] [Sound Library Loader/INFO]: Sound engine started
[20:26:21] [Client thread/INFO]: Created: 2048x2048 textures-atlas
[20:26:25] [Server thread/INFO]: Starting integrated minecraft server version 1.8.9
[20:26:25] [Server thread/INFO]: Generating keypair
[20:26:25] [Server thread/INFO]: Preparing start region for level 0
[20:26:26] [Server thread/INFO]: Changing view distance to 16, from 10
[20:26:26] [Server thread/INFO]: rcnerd[local:E:16139af4] logged in with entity id 1181 at (292.8988934990886, 150.875, 305.30000001192093)
[20:26:26] [Server thread/INFO]: rcnerd joined the game
[20:26:28] [Chunk Batcher 1/WARN]: Needed to grow BufferBuilder buffer: Old size 524288 bytes, new size 2621440 bytes.
[20:26:28] [Chunk Batcher 1/WARN]: Needed to grow BufferBuilder buffer: Old size 524288 bytes, new size 2621440 bytes.
[20:26:29] [Chunk Batcher 0/WARN]: Needed to grow BufferBuilder buffer: Old size 524288 bytes, new size 2621440 bytes.
[20:26:29] [Chunk Batcher 0/WARN]: Needed to grow BufferBuilder buffer: Old size 524288 bytes, new size 2621440 bytes.
[20:26:29] [Chunk Batcher 0/WARN]: Needed to grow BufferBuilder buffer: Old size 524288 bytes, new size 2621440 bytes.
[20:26:30] [Chunk Batcher 0/WARN]: Needed to grow BufferBuilder buffer: Old size 524288 bytes, new size 2621440 bytes.
[20:26:30] [Server thread/WARN]: Can't keep up! Did the system time change, or is the server overloaded? Running 2436ms behind, skipping 48 tick(s)
[20:26:38] [Chunk Batcher 0/WARN]: Needed to grow BufferBuilder buffer: Old size 524288 bytes, new size 2621440 bytes.
[20:26:38] [Chunk Batcher 0/WARN]: Needed to grow BufferBuilder buffer: Old size 524288 bytes, new size 2621440 bytes.
[20:26:47] [Client thread/WARN]: Needed to grow BufferBuilder buffer: Old size 524288 bytes, new size 2621440 bytes.
[20:26:48] [Server thread/WARN]: Can't keep up! Did the system time change, or is the server overloaded? Running 4420ms behind, skipping 88 tick(s)
[20:27:03] [Server thread/WARN]: Can't keep up! Did the system time change, or is the server overloaded? Running 3716ms behind, skipping 74 tick(s)
[20:27:14] [Chunk Batcher 1/WARN]: Needed to grow BufferBuilder buffer: Old size 524288 bytes, new size 2621440 bytes.
[20:27:28] [Chunk Batcher 0/WARN]: Needed to grow BufferBuilder buffer: Old size 524288 bytes, new size 2621440 bytes.
[20:27:30] [Server thread/INFO]: Saving and pausing game...
[20:27:30] [Server thread/INFO]: Saving chunks for level 'Let's play world(test)'/Overworld
[20:27:30] [Server thread/INFO]: Saving chunks for level 'Let's play world(test)'/Nether
[20:27:30] [Server thread/INFO]: Saving chunks for level 'Let's play world(test)'/The End
[20:27:31] [Server thread/INFO]: Stopping server
[20:27:31] [Server thread/INFO]: Saving players
[20:27:31] [Server thread/INFO]: Saving worlds
[20:27:31] [Server thread/INFO]: Saving chunks for level 'Let's play world(test)'/Overworld
[20:27:31] [Server thread/INFO]: Saving chunks for level 'Let's play world(test)'/Nether
[20:27:31] [Server thread/INFO]: Saving chunks for level 'Let's play world(test)'/The End
[20:27:33] [Server thread/INFO]: Starting integrated minecraft server version 1.8.9
[20:27:33] [Server thread/INFO]: Generating keypair
[20:27:33] [Server thread/INFO]: Preparing start region for level 0
[20:27:33] [Server thread/INFO]: Changing view distance to 16, from 10
[20:27:33] [Server thread/WARN]: Invalid statistic in C:\Users\Hunter Wells\AppData\Roaming\.minecraft\saves\Test Tesy\stats\2b14785b-313c-4c35-ba88-3f2e95b9dcdd.json: Don't know what stat.drop.minecraft.redstone_torch is
[20:27:33] [Server thread/WARN]: Invalid statistic in C:\Users\Hunter Wells\AppData\Roaming\.minecraft\saves\Test Tesy\stats\2b14785b-313c-4c35-ba88-3f2e95b9dcdd.json: Don't know what stat.drop.minecraft.stone_slab is
[20:27:33] [Server thread/WARN]: Invalid statistic in C:\Users\Hunter Wells\AppData\Roaming\.minecraft\saves\Test Tesy\stats\2b14785b-313c-4c35-ba88-3f2e95b9dcdd.json: Don't know what stat.pickup.minecraft.diamond_sword is
[20:27:33] [Server thread/WARN]: Invalid statistic in C:\Users\Hunter Wells\AppData\Roaming\.minecraft\saves\Test Tesy\stats\2b14785b-313c-4c35-ba88-3f2e95b9dcdd.json: Don't know what stat.drop.minecraft.diamond_sword is
[20:27:33] [Server thread/WARN]: Invalid statistic in C:\Users\Hunter Wells\AppData\Roaming\.minecraft\saves\Test Tesy\stats\2b14785b-313c-4c35-ba88-3f2e95b9dcdd.json: Don't know what stat.drop.minecraft.glass is
[20:27:33] [Server thread/WARN]: Invalid statistic in C:\Users\Hunter Wells\AppData\Roaming\.minecraft\saves\Test Tesy\stats\2b14785b-313c-4c35-ba88-3f2e95b9dcdd.json: Don't know what stat.sneakTime is
[20:27:33] [Server thread/WARN]: Ignoring unknown attribute 'generic.armor'
[20:27:33] [Server thread/WARN]: Ignoring unknown attribute 'generic.attackSpeed'
[20:27:33] [Server thread/WARN]: Ignoring unknown attribute 'generic.luck'
[20:27:33] [Server thread/INFO]: rcnerd[local:E:d241a10f] logged in with entity id 110730 at (-386.2919787958509, 72.88402770901256, -10119.019579032289)
[20:27:33] [Server thread/INFO]: rcnerd joined the game
[20:27:33] [Server thread/WARN]: Ignoring unknown attribute 'generic.armor'
[20:27:33] [Server thread/WARN]: Ignoring unknown attribute 'generic.armor'
[20:27:34] [Server thread/WARN]: Ignoring unknown attribute 'generic.armor'
[20:27:34] [Server thread/WARN]: Ignoring unknown attribute 'generic.armor'
[20:27:34] [Server thread/WARN]: Ignoring unknown attribute 'generic.armor'
[20:27:34] [Server thread/WARN]: Ignoring unknown attribute 'generic.armor'
[20:27:34] [Server thread/WARN]: Ignoring unknown attribute 'generic.armor'
[20:27:34] [Server thread/WARN]: Ignoring unknown attribute 'generic.armor'
[20:27:34] [Server thread/WARN]: Ignoring unknown attribute 'generic.armor'
[20:27:34] [Server thread/WARN]: Ignoring unknown attribute 'generic.armor'
[20:27:34] [Server thread/WARN]: Ignoring unknown attribute 'generic.armor'
[20:27:34] [Server thread/WARN]: Ignoring unknown attribute 'generic.armor'
[20:27:34] [Server thread/WARN]: Ignoring unknown attribute 'generic.armor'
[20:27:34] [Server thread/WARN]: Ignoring unknown attribute 'generic.armor'
[20:27:34] [Server thread/WARN]: Ignoring unknown attribute 'generic.armor'
[20:27:34] [Server thread/WARN]: Ignoring unknown attribute 'generic.armor'
[20:27:34] [Server thread/WARN]: Ignoring unknown attribute 'generic.armor'
[20:27:34] [Server thread/WARN]: Ignoring unknown attribute 'generic.armor'
[20:27:34] [Server thread/WARN]: Ignoring unknown attribute 'generic.armor'
[20:27:34] [Server thread/WARN]: Ignoring unknown attribute 'generic.armor'
[20:27:34] [Server thread/WARN]: Ignoring unknown attribute 'generic.armor'
[20:27:34] [Server thread/WARN]: Ignoring unknown attribute 'generic.armor'
[20:27:34] [Server thread/WARN]: Ignoring unknown attribute 'generic.armor'
[20:27:34] [Server thread/WARN]: Ignoring unknown attribute 'generic.armor'
[20:27:34] [Server thread/INFO]: [@: Replaced slot 0 with 1 * [Stick]]
[20:27:34] [Server thread/INFO]: [@: Replaced slot 0 with 1 * [Stick]]
[20:27:34] [Server thread/INFO]: [@: Replaced slot 0 with 1 * [Stick]]
[20:27:34] [Server thread/INFO]: [@: Replaced slot 0 with 1 * [Stick]]
[20:27:34] [Server thread/INFO]: [@: Replaced slot 0 with 1 * [Iron Ingot]]
[20:27:34] [Server thread/INFO]: [@: Replaced slot 0 with 1 * [Stick]]
[20:27:34] [Server thread/INFO]: [@: Replaced slot 0 with 1 * [Stick]]
[20:27:35] [Server thread/INFO]: [@: Replaced slot 0 with 1 * [Stick]]
[20:27:35] [Server thread/INFO]: [@: Replaced slot 0 with 1 * [Iron Ingot]]
[20:27:35] [Server thread/INFO]: [@: Replaced slot 0 with 1 * [Stick]]
[20:27:35] [Server thread/INFO]: [@: Replaced slot 0 with 1 * [Stick]]
[20:27:35] [Chunk Batcher 0/WARN]: Needed to grow BufferBuilder buffer: Old size 2621440 bytes, new size 4718592 bytes.
[20:27:35] [Chunk Batcher 0/WARN]: Needed to grow BufferBuilder buffer: Old size 2621440 bytes, new size 4718592 bytes.
[20:27:35] [Server thread/INFO]: [@: Replaced slot 0 with 1 * [Stick]]
[20:27:35] [Server thread/INFO]: [@: Replaced slot 0 with 1 * [Iron Ingot]]
[20:27:35] [Server thread/INFO]: [@: Set the time to 5990]
[20:27:35] [Server thread/INFO]: [@: Replaced slot 0 with 1 * [Stick]]
[20:27:36] [Server thread/INFO]: [@: Replaced slot 0 with 1 * [Stick]]
[20:27:36] [Server thread/INFO]: [@: Replaced slot 0 with 1 * [Stick]]
[20:27:36] [Server thread/INFO]: [@: Replaced slot 0 with 1 * [Iron Ingot]]
[20:27:36] [Server thread/INFO]: [@: Replaced slot 0 with 1 * [Stick]]
[20:27:36] [Server thread/INFO]: [@: Replaced slot 0 with 1 * [Stick]]
[20:27:36] [Server thread/INFO]: [@: Replaced slot 0 with 1 * [Stick]]
[20:27:37] [Server thread/INFO]: [@: Replaced slot 0 with 1 * [Iron Ingot]]
[20:27:37] [Server thread/INFO]: [@: Replaced slot 0 with 1 * [Stick]]
[20:27:37] [Server thread/INFO]: [@: Replaced slot 0 with 1 * [Stick]]
[20:27:37] [Server thread/INFO]: [@: Replaced slot 0 with 1 * [Stick]]
[20:27:37] [Server thread/INFO]: [@: Replaced slot 0 with 1 * [Iron Ingot]]
[20:27:37] [Server thread/INFO]: [@: Replaced slot 0 with 1 * [Stick]]
[20:27:37] [Server thread/INFO]: [@: Replaced slot 0 with 1 * [Stick]]
[20:27:38] [Server thread/INFO]: [@: Replaced slot 0 with 1 * [Stick]]
[20:27:38] [Server thread/INFO]: [@: Replaced slot 0 with 1 * [Iron Ingot]]
[20:27:38] [Server thread/INFO]: [@: Replaced slot 0 with 1 * [Stick]]
[20:27:38] [Server thread/INFO]: [@: Replaced slot 0 with 1 * [Stick]]
[20:27:38] [Server thread/INFO]: [@: Replaced slot 0 with 1 * [Stick]]
[20:27:38] [Server thread/INFO]: [@: Replaced slot 0 with 1 * [Iron Ingot]]
[20:27:38] [Server thread/INFO]: [@: Replaced slot 0 with 1 * [Stick]]
[20:27:39] [Server thread/INFO]: [@: Replaced slot 0 with 1 * [Stick]]
[20:27:39] [Server thread/INFO]: [@: Replaced slot 0 with 1 * [Stick]]
[20:27:39] [Server thread/INFO]: [@: Replaced slot 0 with 1 * [Iron Ingot]]
[20:27:39] [Server thread/INFO]: [@: Replaced slot 0 with 1 * [Stick]]
[20:27:39] [Server thread/INFO]: [@: Replaced slot 0 with 1 * [Stick]]
[20:27:39] [Server thread/INFO]: [@: Replaced slot 0 with 1 * [Stick]]
[20:27:40] [Server thread/INFO]: [@: Replaced slot 0 with 1 * [Iron Ingot]]
[20:27:40] [Server thread/INFO]: [@: Set the time to 5990]
[20:27:40] [Server thread/INFO]: [@: Replaced slot 0 with 1 * [Stick]]
[20:27:40] [Server thread/INFO]: [@: Replaced slot 0 with 1 * [Stick]]
[20:27:40] [Server thread/INFO]: [@: Replaced slot 0 with 1 * [Stick]]
[20:27:40] [Server thread/INFO]: [@: Replaced slot 0 with 1 * [Iron Ingot]]
[20:27:40] [Server thread/INFO]: [@: Replaced slot 0 with 1 * [Stick]]
[20:27:40] [Server thread/INFO]: [@: Replaced slot 0 with 1 * [Stick]]
[20:27:41] [Server thread/INFO]: [@: Replaced slot 0 with 1 * [Stick]]
[20:27:41] [Server thread/INFO]: [@: Replaced slot 0 with 1 * [Iron Ingot]]
[20:27:41] [Server thread/INFO]: [@: Replaced slot 0 with 1 * [Stick]]
[20:27:41] [Server thread/INFO]: [@: Replaced slot 0 with 1 * [Stick]]
[20:27:41] [Server thread/INFO]: [@: Replaced slot 0 with 1 * [Stick]]
[20:27:41] [Server thread/INFO]: [@: Replaced slot 0 with 1 * [Iron Ingot]]
[20:27:41] [Server thread/INFO]: [@: Replaced slot 0 with 1 * [Stick]]
[20:27:42] [Server thread/INFO]: [@: Replaced slot 0 with 1 * [Stick]]
[20:27:42] [Server thread/INFO]: [@: Replaced slot 0 with 1 * [Stick]]
[20:27:42] [Server thread/INFO]: rcnerd fell out of the world
[20:27:42] [Server thread/INFO]: [@: Killed rcnerd]
[20:27:42] [Client thread/INFO]: [CHAT] rcnerd fell out of the world
[20:27:42] [Server thread/INFO]: [@: Replaced slot 0 with 1 * [Iron Ingot]]
[20:27:42] [Server thread/INFO]: [@: Replaced slot 0 with 1 * [Stick]]
[20:27:42] [Server thread/INFO]: [@: Replaced slot 0 with 1 * [Stick]]
[20:27:42] [Server thread/INFO]: [@: Replaced slot 0 with 1 * [Stick]]
[20:27:43] [Server thread/INFO]: [@: Replaced slot 0 with 1 * [Iron Ingot]]
[20:27:43] [Server thread/INFO]: [@: Replaced slot 0 with 1 * [Stick]]
[20:27:43] [Server thread/INFO]: [@: Replaced slot 0 with 1 * [Stick]]
[20:27:43] [pool-2-thread-2/ERROR]: Signature is missing from textures payload
[20:27:43] [Server thread/INFO]: [@: Replaced slot 0 with 1 * [Stick]]
[20:27:43] [Server thread/INFO]: [@: Replaced slot 0 with 1 * [Iron Ingot]]
[20:27:44] [Server thread/INFO]: [@: Set the time to 5990]
[20:27:48] [Server thread/INFO]: [@: Set the time to 5990]
[20:27:49] [Server thread/INFO]: [@: Teleported rcnerd to -9385.5, 92.5, -83.5]
[20:27:52] [Server thread/INFO]: [@: Set the time to 5990]
[20:27:56] [Server thread/INFO]: [@: Set the time to 5990]
[20:28:01] [Server thread/INFO]: [@: Set the time to 5990]
[20:28:05] [Server thread/INFO]: [@: Set the time to 5990]
[20:28:09] [Server thread/INFO]: [@: Set the time to 5990]
[20:28:13] [Server thread/INFO]: [@: Set the time to 5990]
[20:28:18] [Server thread/INFO]: [@: Set the time to 5990]
[20:28:22] [Server thread/INFO]: [@: Set the time to 5990]
[20:28:26] [Server thread/INFO]: [@: Set the time to 5990]
[20:28:30] [Server thread/INFO]: [@: Set the time to 5990]
[20:28:34] [Server thread/INFO]: [@: Set the time to 5990]
[20:28:39] [Server thread/INFO]: [@: Set the time to 5990]
[20:28:43] [Server thread/INFO]: [@: Set the time to 5990]
[20:28:47] [Server thread/INFO]: [@: Set the time to 5990]
[20:28:51] [Server thread/INFO]: [@: Set the time to 5990]
[20:28:55] [Server thread/INFO]: [@: Set the time to 5990]
[20:28:59] [Server thread/INFO]: [@: Set the time to 5990]
[20:29:04] [Server thread/INFO]: [@: Set the time to 5990]
[20:29:08] [Server thread/INFO]: [@: Set the time to 5990]
[20:29:12] [Server thread/INFO]: [@: Set the time to 5990]
[20:29:16] [Server thread/INFO]: [@: Set the time to 5990]
[20:29:20] [Server thread/INFO]: [@: Set the time to 5990]
[20:29:25] [Server thread/INFO]: [@: Set the time to 5990]
[20:29:29] [Server thread/INFO]: [@: Set the time to 5990]
[20:29:33] [Server thread/INFO]: [@: Set the time to 5990]
[20:29:37] [Server thread/INFO]: [@: Set the time to 5990]
[20:29:41] [Server thread/INFO]: [@: Set the time to 5990]
[20:29:46] [Server thread/INFO]: [@: Set the time to 5990]
[20:29:50] [Server thread/INFO]: [@: Set the time to 5990]
[20:29:54] [Server thread/INFO]: [@: Set the time to 5990]
[20:29:58] [Server thread/INFO]: [@: Set the time to 5990]
[20:30:02] [Server thread/INFO]: [@: Set the time to 5990]
[20:30:07] [Server thread/INFO]: [@: Set the time to 5990]
[20:30:11] [Server thread/INFO]: [@: Set the time to 5990]
[20:30:15] [Server thread/INFO]: [@: Set the time to 5990]
[20:30:19] [Server thread/INFO]: [@: Set the time to 5990]
[20:30:23] [Server thread/INFO]: [@: Set the time to 5990]
[20:30:28] [Server thread/INFO]: [@: Set the time to 5990]
[20:30:32] [Server thread/INFO]: [@: Set the time to 5990]
[20:30:36] [Server thread/INFO]: [@: Set the time to 5990]
[20:30:40] [Server thread/INFO]: [@: Set the time to 5990]
[20:30:44] [Server thread/INFO]: [@: Set the time to 5990]
[20:30:49] [Server thread/INFO]: [@: Set the time to 5990]
[20:30:53] [Server thread/INFO]: [@: Set the time to 5990]
[20:30:57] [Server thread/INFO]: [@: Set the time to 5990]
[20:31:01] [Server thread/INFO]: [@: Set the time to 5990]
[20:31:05] [Server thread/INFO]: [@: Set the time to 5990]
[20:31:10] [Server thread/INFO]: [@: Set the time to 5990]
[20:31:14] [Server thread/INFO]: [@: Set the time to 5990]
[20:31:18] [Server thread/INFO]: [@: Set the time to 5990]
[20:31:22] [Server thread/INFO]: [@: Set the time to 5990]
[20:31:26] [Server thread/INFO]: [@: Set the time to 5990]
[20:31:31] [Server thread/INFO]: [@: Set the time to 5990]
[20:31:35] [Server thread/INFO]: [@: Set the time to 5990]
[20:31:39] [Server thread/INFO]: [@: Set the time to 5990]
[20:31:43] [Server thread/INFO]: [@: Set the time to 5990]
[20:31:47] [Server thread/INFO]: [@: Set the time to 5990]
[20:31:52] [Server thread/INFO]: [@: Set the time to 5990]
[20:31:56] [Server thread/INFO]: [@: Set the time to 5990]
[20:32:00] [Server thread/INFO]: [@: Set the time to 5990]
[20:32:04] [Server thread/INFO]: [@: Set the time to 5990]
[20:32:08] [Server thread/INFO]: [@: Set the time to 5990]
[20:32:13] [Server thread/INFO]: [@: Set the time to 5990]
[20:32:17] [Server thread/INFO]: [@: Set the time to 5990]
[20:32:21] [Server thread/INFO]: [@: Set the time to 5990]
[20:32:25] [Server thread/INFO]: [@: Set the time to 5990]
[20:32:29] [Server thread/INFO]: [@: Set the time to 5990]
[20:32:34] [Server thread/INFO]: [@: Set the time to 5990]
[20:32:38] [Server thread/INFO]: [@: Set the time to 5990]
[20:32:42] [Server thread/INFO]: [@: Set the time to 5990]
[20:32:46] [Server thread/INFO]: [@: Set the time to 5990]
[20:32:50] [Server thread/INFO]: [@: Set the time to 5990]
[20:32:55] [Server thread/INFO]: [@: Set the time to 5990]
[20:32:59] [Server thread/INFO]: [@: Set the time to 5990]
[20:33:03] [Server thread/INFO]: [@: Set the time to 5990]
[20:33:07] [Server thread/INFO]: [@: Set the time to 5990]
[20:33:11] [Server thread/INFO]: [@: Set the time to 5990]
[20:33:16] [Server thread/INFO]: [@: Set the time to 5990]
[20:33:20] [Server thread/INFO]: [@: Set the time to 5990]
[20:33:24] [Server thread/INFO]: [@: Set the time to 5990]
[20:33:28] [Server thread/INFO]: [@: Set the time to 5990]
[20:33:32] [Server thread/INFO]: [@: Set the time to 5990]
[20:33:37] [Server thread/INFO]: [@: Set the time to 5990]
[20:33:41] [Server thread/INFO]: [@: Set the time to 5990]
[20:33:45] [Server thread/INFO]: [@: Set the time to 5990]
[20:33:49] [Server thread/INFO]: [@: Set the time to 5990]
[20:33:53] [Server thread/INFO]: [@: Set the time to 5990]
[20:33:58] [Server thread/INFO]: [@: Set the time to 5990]
[20:34:02] [Server thread/INFO]: [@: Set the time to 5990]
[20:34:06] [Server thread/INFO]: [@: Set the time to 5990]
[20:34:10] [Server thread/INFO]: [@: Set the time to 5990]
[20:34:14] [Server thread/INFO]: [@: Set the time to 5990]
[20:34:19] [Server thread/INFO]: [@: Set the time to 5990]
[20:34:23] [Server thread/INFO]: [@: Set the time to 5990]
[20:34:27] [Server thread/INFO]: [@: Set the time to 5990]
[20:34:31] [Server thread/INFO]: [@: Set the time to 5990]
[20:34:35] [Server thread/INFO]: [@: Set the time to 5990]
[20:34:40] [Server thread/INFO]: [@: Set the time to 5990]
[20:34:44] [Server thread/INFO]: [@: Set the time to 5990]
[20:34:48] [Server thread/INFO]: [@: Set the time to 5990]
[20:34:52] [Server thread/INFO]: [@: Set the time to 5990]
[20:34:56] [Server thread/INFO]: [@: Set the time to 5990]
[20:35:01] [Server thread/INFO]: [@: Set the time to 5990]
[20:35:05] [Server thread/INFO]: [@: Set the time to 5990]
[20:35:09] [Server thread/INFO]: [@: Set the time to 5990]
[20:35:13] [Server thread/INFO]: [@: Set the time to 5990]
[20:35:17] [Server thread/INFO]: [@: Set the time to 5990]
[20:35:22] [Server thread/INFO]: [@: Set the time to 5990]
[20:35:26] [Server thread/INFO]: [@: Set the time to 5990]
[20:35:30] [Server thread/INFO]: [@: Set the time to 5990]
[20:35:34] [Server thread/INFO]: [@: Set the time to 5990]
[20:35:38] [Server thread/INFO]: [@: Set the time to 5990]
[20:35:43] [Server thread/INFO]: [@: Set the time to 5990]
[20:35:47] [Server thread/INFO]: [@: Set the time to 5990]
[20:35:51] [Server thread/INFO]: [@: Set the time to 5990]
[20:35:55] [Server thread/INFO]: [@: Set the time to 5990]
[20:35:59] [Server thread/INFO]: [@: Set the time to 5990]
[20:36:04] [Server thread/INFO]: [@: Set the time to 5990]
[20:36:08] [Server thread/INFO]: [@: Set the time to 5990]
[20:36:08] [Server thread/INFO]: rcnerd fell out of the world
[20:36:08] [Server thread/INFO]: [@: Killed rcnerd]
[20:36:08] [Client thread/INFO]: [CHAT] rcnerd fell out of the world
[20:36:12] [Server thread/INFO]: [@: Set the time to 5990]
[20:36:14] [Server thread/INFO]: Saving and pausing game...
[20:36:14] [Server thread/INFO]: Saving chunks for level 'Test Tesy'/Overworld
[20:36:14] [Server thread/INFO]: Saving chunks for level 'Test Tesy'/Nether
[20:36:14] [Server thread/INFO]: Saving chunks for level 'Test Tesy'/The End
[20:36:15] [Server thread/INFO]: Stopping server
[20:36:15] [Server thread/INFO]: Saving players
[20:36:15] [Server thread/INFO]: Saving worlds
[20:36:15] [Server thread/INFO]: Saving chunks for level 'Test Tesy'/Overworld
[20:36:15] [Server thread/INFO]: Saving chunks for level 'Test Tesy'/Nether
[20:36:15] [Server thread/INFO]: Saving chunks for level 'Test Tesy'/The End
[20:38:44] [Server thread/INFO]: Starting integrated minecraft server version 1.8.9
[20:38:44] [Server thread/INFO]: Generating keypair
[20:38:44] [Server thread/INFO]: Preparing start region for level 0
[20:38:44] [Server thread/INFO]: rcnerd[local:E:3cc1b0f6] logged in with entity id 935030 at (283.82265912307923, 204.0, 352.1166211778338)
[20:38:44] [Server thread/INFO]: rcnerd joined the game
[20:38:45] [Server thread/INFO]: Changing view distance to 16, from 10
[20:41:15] [Server thread/WARN]: Can't keep up! Did the system time change, or is the server overloaded? Running 2103ms behind, skipping 42 tick(s)
[20:41:32] [Server thread/WARN]: Can't keep up! Did the system time change, or is the server overloaded? Running 2548ms behind, skipping 50 tick(s)
[20:41:47] [Server thread/WARN]: Can't keep up! Did the system time change, or is the server overloaded? Running 2143ms behind, skipping 42 tick(s)
[20:42:04] [Server thread/WARN]: Can't keep up! Did the system time change, or is the server overloaded? Running 2716ms behind, skipping 54 tick(s)
[20:42:21] [Server thread/WARN]: Can't keep up! Did the system time change, or is the server overloaded? Running 2343ms behind, skipping 46 tick(s)
[20:43:19] [Server thread/WARN]: Can't keep up! Did the system time change, or is the server overloaded? Running 2019ms behind, skipping 40 tick(s)
[20:43:36] [Server thread/WARN]: Can't keep up! Did the system time change, or is the server overloaded? Running 3288ms behind, skipping 65 tick(s)
[20:43:50] [Server thread/INFO]: Saving and pausing game...
[20:43:50] [Server thread/INFO]: Saving chunks for level 'Let's play world(test)'/Overworld
[20:43:50] [Server thread/INFO]: Saving chunks for level 'Let's play world(test)'/Nether
[20:43:50] [Server thread/INFO]: Saving chunks for level 'Let's play world(test)'/The End
[20:45:25] [Server thread/WARN]: Can't keep up! Did the system time change, or is the server overloaded? Running 2102ms behind, skipping 42 tick(s)
[20:45:38] [Server thread/INFO]: Saving and pausing game...
[20:45:38] [Server thread/INFO]: Saving chunks for level 'Let's play world(test)'/Overworld
[20:45:38] [Server thread/INFO]: Saving chunks for level 'Let's play world(test)'/Nether
[20:45:38] [Server thread/INFO]: Saving chunks for level 'Let's play world(test)'/The End
[20:48:21] [Server thread/WARN]: Can't keep up! Did the system time change, or is the server overloaded? Running 2046ms behind, skipping 40 tick(s)
[20:48:39] [Server thread/WARN]: Can't keep up! Did the system time change, or is the server overloaded? Running 2914ms behind, skipping 58 tick(s)
[20:48:55] [Server thread/WARN]: Can't keep up! Did the system time change, or is the server overloaded? Running 3116ms behind, skipping 62 tick(s)
[20:49:12] [Server thread/WARN]: Can't keep up! Did the system time change, or is the server overloaded? Running 3462ms behind, skipping 69 tick(s)
[20:49:27] [Server thread/WARN]: Can't keep up! Did the system time change, or is the server overloaded? Running 3031ms behind, skipping 60 tick(s)
[20:49:33] [Server thread/INFO]: Saving and pausing game...
[20:49:33] [Server thread/INFO]: Saving chunks for level 'Let's play world(test)'/Overworld
[20:49:33] [Server thread/INFO]: Saving chunks for level 'Let's play world(test)'/Nether
[20:49:33] [Server thread/INFO]: Saving chunks for level 'Let's play world(test)'/The End
[20:50:58] [Server thread/INFO]: Saving and pausing game...
[20:50:58] [Server thread/INFO]: Saving chunks for level 'Let's play world(test)'/Overworld
[20:50:58] [Server thread/INFO]: Saving chunks for level 'Let's play world(test)'/Nether
[20:50:58] [Server thread/INFO]: Saving chunks for level 'Let's play world(test)'/The End
[20:56:06] [Server thread/WARN]: Can't keep up! Did the system time change, or is the server overloaded? Running 2025ms behind, skipping 40 tick(s)
[20:56:22] [Server thread/WARN]: Can't keep up! Did the system time change, or is the server overloaded? Running 3109ms behind, skipping 62 tick(s)
[20:57:04] [Server thread/WARN]: Can't keep up! Did the system time change, or is the server overloaded? Running 2024ms behind, skipping 40 tick(s)
[20:57:18] [Server thread/INFO]: Saving and pausing game...
[20:57:18] [Server thread/INFO]: Saving chunks for level 'Let's play world(test)'/Overworld
[20:57:18] [Server thread/INFO]: Saving chunks for level 'Let's play world(test)'/Nether
[20:57:18] [Server thread/INFO]: Saving chunks for level 'Let's play world(test)'/The End
[20:58:39] [Server thread/WARN]: Can't keep up! Did the system time change, or is the server overloaded? Running 2036ms behind, skipping 40 tick(s)
[20:58:44] [Server thread/INFO]: Saving and pausing game...
[20:58:44] [Server thread/INFO]: Saving chunks for level 'Let's play world(test)'/Overworld
[20:58:45] [Server thread/INFO]: Saving chunks for level 'Let's play world(test)'/Nether
[20:58:45] [Server thread/INFO]: Saving chunks for level 'Let's play world(test)'/The End
[20:59:23] [Server thread/WARN]: Can't keep up! Did the system time change, or is the server overloaded? Running 2080ms behind, skipping 41 tick(s)
[20:59:40] [Server thread/WARN]: Can't keep up! Did the system time change, or is the server overloaded? Running 2404ms behind, skipping 48 tick(s)
[21:00:10] [Server thread/WARN]: Can't keep up! Did the system time change, or is the server overloaded? Running 2284ms behind, skipping 45 tick(s)
[21:00:30] [Server thread/WARN]: Can't keep up! Did the system time change, or is the server overloaded? Running 2036ms behind, skipping 40 tick(s)
[21:00:47] [Server thread/WARN]: Can't keep up! Did the system time change, or is the server overloaded? Running 3461ms behind, skipping 69 tick(s)
[21:01:03] [Server thread/WARN]: Can't keep up! Did the system time change, or is the server overloaded? Running 2670ms behind, skipping 53 tick(s)
[21:01:20] [Server thread/WARN]: Can't keep up! Did the system time change, or is the server overloaded? Running 2464ms behind, skipping 49 tick(s)
[21:01:37] [Server thread/WARN]: Can't keep up! Did the system time change, or is the server overloaded? Running 3710ms behind, skipping 74 tick(s)
[21:02:11] [Client thread/ERROR]: Null returned as 'hitResult', this shouldn't happen!
[21:02:11] [Client thread/ERROR]: Null returned as 'hitResult', this shouldn't happen!
[21:02:11] [Client thread/ERROR]: Null returned as 'hitResult', this shouldn't happen!
[21:02:11] [Client thread/ERROR]: Null returned as 'hitResult', this shouldn't happen!
[21:02:31] [Server thread/WARN]: Can't keep up! Did the system time change, or is the server overloaded? Running 2016ms behind, skipping 40 tick(s)
[21:02:46] [Server thread/WARN]: Can't keep up! Did the system time change, or is the server overloaded? Running 2363ms behind, skipping 47 tick(s)
[21:03:05] [Server thread/WARN]: Can't keep up! Did the system time change, or is the server overloaded? Running 3651ms behind, skipping 73 tick(s)
[21:03:24] [Server thread/WARN]: Can't keep up! Did the system time change, or is the server overloaded? Running 3535ms behind, skipping 70 tick(s)
[21:04:04] [Server thread/WARN]: Can't keep up! Did the system time change, or is the server overloaded? Running 2146ms behind, skipping 42 tick(s)
[21:04:05] [Server thread/INFO]: Saving and pausing game...
[21:04:05] [Server thread/INFO]: Saving chunks for level 'Let's play world(test)'/Overworld
[21:04:05] [Server thread/INFO]: Saving chunks for level 'Let's play world(test)'/Nether
[21:04:05] [Server thread/INFO]: Saving chunks for level 'Let's play world(test)'/The End
[21:04:25] [Server thread/WARN]: Can't keep up! Did the system time change, or is the server overloaded? Running 2204ms behind, skipping 44 tick(s)
[21:04:45] [Server thread/WARN]: Can't keep up! Did the system time change, or is the server overloaded? Running 4740ms behind, skipping 94 tick(s)
[21:05:02] [Server thread/WARN]: Can't keep up! Did the system time change, or is the server overloaded? Running 4271ms behind, skipping 85 tick(s)
[21:05:17] [Server thread/WARN]: Can't keep up! Did the system time change, or is the server overloaded? Running 2916ms behind, skipping 58 tick(s)
[21:05:33] [Server thread/WARN]: Can't keep up! Did the system time change, or is the server overloaded? Running 2562ms behind, skipping 51 tick(s)
[21:05:50] [Server thread/WARN]: Can't keep up! Did the system time change, or is the server overloaded? Running 3770ms behind, skipping 75 tick(s)
[21:06:05] [Server thread/WARN]: Can't keep up! Did the system time change, or is the server overloaded? Running 3950ms behind, skipping 79 tick(s)
[21:06:20] [Server thread/WARN]: Can't keep up! Did the system time change, or is the server overloaded? Running 4091ms behind, skipping 81 tick(s)
[21:06:38] [Server thread/WARN]: Can't keep up! Did the system time change, or is the server overloaded? Running 3590ms behind, skipping 71 tick(s)
[21:06:54] [Server thread/WARN]: Can't keep up! Did the system time change, or is the server overloaded? Running 3497ms behind, skipping 69 tick(s)
[21:07:13] [Server thread/WARN]: Can't keep up! Did the system time change, or is the server overloaded? Running 3601ms behind, skipping 72 tick(s)
[21:07:29] [Server thread/WARN]: Can't keep up! Did the system time change, or is the server overloaded? Running 2506ms behind, skipping 50 tick(s)
[21:07:45] [Server thread/WARN]: Can't keep up! Did the system time change, or is the server overloaded? Running 3557ms behind, skipping 71 tick(s)
[21:07:59] [Server thread/INFO]: Saving and pausing game...
[21:07:59] [Server thread/INFO]: Saving chunks for level 'Let's play world(test)'/Overworld
[21:07:59] [Server thread/INFO]: Saving chunks for level 'Let's play world(test)'/Nether
[21:07:59] [Server thread/INFO]: Saving chunks for level 'Let's play world(test)'/The End
[21:08:27] [Server thread/INFO]: Saving and pausing game...
[21:08:27] [Server thread/INFO]: Saving chunks for level 'Let's play world(test)'/Overworld
[21:08:27] [Server thread/INFO]: Saving chunks for level 'Let's play world(test)'/Nether
[21:08:27] [Server thread/INFO]: Saving chunks for level 'Let's play world(test)'/The End
[21:08:28] [Server thread/INFO]: Stopping server
[21:08:28] [Server thread/INFO]: Saving players
[21:08:28] [Server thread/INFO]: Saving worlds
[21:08:28] [Server thread/INFO]: Saving chunks for level 'Let's play world(test)'/Overworld
[21:08:28] [Server thread/INFO]: Saving chunks for level 'Let's play world(test)'/Nether
[21:08:28] [Server thread/INFO]: Saving chunks for level 'Let's play world(test)'/The End
[21:08:43] [Server thread/INFO]: Starting integrated minecraft server version 1.8.9
[21:08:43] [Server thread/INFO]: Generating keypair
[21:08:43] [Server thread/INFO]: Preparing start region for level 0
[21:08:43] [Server thread/INFO]: rcnerd[local:E:e3dd6a89] logged in with entity id 6677247 at (281.77808061967875, 156.39148411650882, 342.9625931046116)
[21:08:43] [Server thread/INFO]: rcnerd joined the game
[21:08:43] [Server thread/INFO]: Changing view distance to 16, from 10
[21:09:10] [Server thread/WARN]: Can't keep up! Did the system time change, or is the server overloaded? Running 2256ms behind, skipping 45 tick(s)
[21:09:27] [Server thread/WARN]: Can't keep up! Did the system time change, or is the server overloaded? Running 3569ms behind, skipping 71 tick(s)
[21:09:45] [Server thread/WARN]: Can't keep up! Did the system time change, or is the server overloaded? Running 4072ms behind, skipping 81 tick(s)
[21:10:01] [Server thread/WARN]: Can't keep up! Did the system time change, or is the server overloaded? Running 4442ms behind, skipping 88 tick(s)
[21:10:19] [Server thread/WARN]: Can't keep up! Did the system time change, or is the server overloaded? Running 3925ms behind, skipping 78 tick(s)
[21:10:36] [Server thread/WARN]: Can't keep up! Did the system time change, or is the server overloaded? Running 3019ms behind, skipping 60 tick(s)
[21:11:09] [Server thread/WARN]: Can't keep up! Did the system time change, or is the server overloaded? Running 2084ms behind, skipping 41 tick(s)
[21:11:27] [Server thread/WARN]: Can't keep up! Did the system time change, or is the server overloaded? Running 3719ms behind, skipping 74 tick(s)
[21:11:41] [Server thread/WARN]: Can't keep up! Did the system time change, or is the server overloaded? Running 2341ms behind, skipping 46 tick(s)
[21:11:58] [Server thread/WARN]: Can't keep up! Did the system time change, or is the server overloaded? Running 2150ms behind, skipping 43 tick(s)
[21:12:14] [Server thread/WARN]: Can't keep up! Did the system time change, or is the server overloaded? Running 2391ms behind, skipping 47 tick(s)
[21:12:31] [Server thread/WARN]: Can't keep up! Did the system time change, or is the server overloaded? Running 3748ms behind, skipping 74 tick(s)
[21:12:33] [Server thread/INFO]: Saving and pausing game...
[21:12:33] [Server thread/INFO]: Saving chunks for level 'Let's play world(test)'/Overworld
[21:12:33] [Server thread/INFO]: Saving chunks for level 'Let's play world(test)'/Nether
[21:12:33] [Server thread/INFO]: Saving chunks for level 'Let's play world(test)'/The End
[21:12:34] [Server thread/INFO]: Stopping server
[21:12:34] [Server thread/INFO]: Saving players
[21:12:34] [Server thread/INFO]: Saving worlds
[21:12:34] [Server thread/INFO]: Saving chunks for level 'Let's play world(test)'/Overworld
[21:12:34] [Server thread/INFO]: Saving chunks for level 'Let's play world(test)'/Nether
[21:12:34] [Server thread/INFO]: Saving chunks for level 'Let's play world(test)'/The End
[21:12:39] [Client thread/INFO]: Stopping!
[21:12:39] [Client thread/INFO]: SoundSystem shutting down...
[21:12:39] [Client thread/WARN]: Author: Paul Lamb, www.paulscode.com
