[21:46:01] [Client thread/INFO]: Setting user: rcnerd
[21:46:01] [Client thread/INFO]: (Session ID is token:fc49ffcb67b3490b97dae319be0543a6:2b14785b313c4c35ba883f2e95b9dcdd)
[21:46:02] [Client thread/INFO]: LWJGL Version: 2.9.4
[21:46:03] [Client thread/INFO]: Reloading ResourceManager: Default, Misa-converted-1389576244633, Misa Patch Les 1.8
[21:46:03] [Sound Library Loader/INFO]: Starting up SoundSystem...
[21:46:03] [Thread-6/INFO]: Initializing LWJGL OpenAL
[21:46:03] [Thread-6/INFO]: (The LWJGL binding of OpenAL.  For more information, see http://www.lwjgl.org)
[21:46:03] [Thread-6/INFO]: OpenAL initialized.
[21:46:04] [Sound Library Loader/INFO]: Sound engine started
[21:46:12] [Client thread/INFO]: Created: 2048x2048 textures-atlas
[21:47:41] [Server thread/INFO]: Starting integrated minecraft server version 1.8.9
[21:47:41] [Server thread/INFO]: Generating keypair
[21:47:41] [Server thread/INFO]: Preparing start region for level 0
[21:47:42] [Server thread/INFO]: rcnerd[local:E:73d4f881] logged in with entity id 1150 at (280.8770957522993, 150.0, 318.30000001192093)
[21:47:42] [Server thread/INFO]: rcnerd joined the game
[21:47:42] [Server thread/INFO]: Changing view distance to 16, from 10
[21:47:45] [Chunk Batcher 0/WARN]: Needed to grow BufferBuilder buffer: Old size 524288 bytes, new size 2621440 bytes.
[21:47:45] [Chunk Batcher 1/WARN]: Needed to grow BufferBuilder buffer: Old size 524288 bytes, new size 2621440 bytes.
[21:47:45] [Server thread/WARN]: Can't keep up! Did the system time change, or is the server overloaded? Running 2101ms behind, skipping 42 tick(s)
[21:47:47] [Chunk Batcher 1/WARN]: Needed to grow BufferBuilder buffer: Old size 524288 bytes, new size 2621440 bytes.
[21:47:47] [Chunk Batcher 1/WARN]: Needed to grow BufferBuilder buffer: Old size 524288 bytes, new size 2621440 bytes.
[21:47:47] [Chunk Batcher 1/WARN]: Needed to grow BufferBuilder buffer: Old size 524288 bytes, new size 2621440 bytes.
[21:47:58] [Client thread/WARN]: Needed to grow BufferBuilder buffer: Old size 524288 bytes, new size 2621440 bytes.
[21:48:03] [Chunk Batcher 1/WARN]: Needed to grow BufferBuilder buffer: Old size 524288 bytes, new size 2621440 bytes.
[21:48:03] [Chunk Batcher 1/WARN]: Needed to grow BufferBuilder buffer: Old size 524288 bytes, new size 2621440 bytes.
[21:48:07] [Server thread/WARN]: Can't keep up! Did the system time change, or is the server overloaded? Running 4917ms behind, skipping 98 tick(s)
[21:48:15] [Chunk Batcher 1/WARN]: Needed to grow BufferBuilder buffer: Old size 524288 bytes, new size 2621440 bytes.
[21:48:16] [Chunk Batcher 0/WARN]: Needed to grow BufferBuilder buffer: Old size 524288 bytes, new size 2621440 bytes.
[21:48:28] [Chunk Batcher 1/WARN]: Needed to grow BufferBuilder buffer: Old size 524288 bytes, new size 2621440 bytes.
[21:49:49] [Server thread/WARN]: Can't keep up! Did the system time change, or is the server overloaded? Running 2073ms behind, skipping 41 tick(s)
[21:50:06] [Server thread/WARN]: Can't keep up! Did the system time change, or is the server overloaded? Running 2120ms behind, skipping 42 tick(s)
[21:50:20] [Server thread/INFO]: Saving and pausing game...
[21:50:20] [Server thread/INFO]: Saving chunks for level 'Let's play world(test)'/Overworld
[21:50:20] [Server thread/INFO]: Saving chunks for level 'Let's play world(test)'/Nether
[21:50:20] [Server thread/INFO]: Saving chunks for level 'Let's play world(test)'/The End
[21:50:21] [Server thread/INFO]: Stopping server
[21:50:21] [Server thread/INFO]: Saving players
[21:50:21] [Server thread/INFO]: Saving worlds
[21:50:21] [Server thread/INFO]: Saving chunks for level 'Let's play world(test)'/Overworld
[21:50:21] [Server thread/INFO]: Saving chunks for level 'Let's play world(test)'/Nether
[21:50:21] [Server thread/INFO]: Saving chunks for level 'Let's play world(test)'/The End
[21:50:23] [Server thread/INFO]: Starting integrated minecraft server version 1.8.9
[21:50:23] [Server thread/INFO]: Generating keypair
[21:50:23] [Server thread/INFO]: Preparing start region for level 0
[21:50:23] [Server thread/INFO]: rcnerd[local:E:f1e929f0] logged in with entity id 494384 at (304.1766604552282, 161.37889828139564, 347.5448128054347)
[21:50:23] [Server thread/INFO]: rcnerd joined the game
[21:50:23] [Server thread/INFO]: Changing view distance to 16, from 10
[21:50:51] [Client thread/WARN]: Unable to play unknown soundEvent: minecraft:none
[21:50:53] [Client thread/WARN]: Unable to play unknown soundEvent: minecraft:none
[21:50:53] [Server thread/WARN]: Can't keep up! Did the system time change, or is the server overloaded? Running 2108ms behind, skipping 42 tick(s)
[21:50:54] [Client thread/WARN]: Unable to play unknown soundEvent: minecraft:none
[21:51:09] [Server thread/WARN]: Can't keep up! Did the system time change, or is the server overloaded? Running 2536ms behind, skipping 50 tick(s)
[21:51:26] [Server thread/WARN]: Can't keep up! Did the system time change, or is the server overloaded? Running 2644ms behind, skipping 52 tick(s)
[21:51:41] [Server thread/WARN]: Can't keep up! Did the system time change, or is the server overloaded? Running 2382ms behind, skipping 47 tick(s)
[21:51:57] [Server thread/WARN]: Can't keep up! Did the system time change, or is the server overloaded? Running 2904ms behind, skipping 58 tick(s)
[21:52:13] [Server thread/WARN]: Can't keep up! Did the system time change, or is the server overloaded? Running 2410ms behind, skipping 48 tick(s)
[21:52:30] [Server thread/WARN]: Can't keep up! Did the system time change, or is the server overloaded? Running 2099ms behind, skipping 41 tick(s)
[21:52:44] [Server thread/INFO]: Saving and pausing game...
[21:52:44] [Server thread/INFO]: Saving chunks for level 'Let's play world(test)'/Overworld
[21:52:44] [Server thread/INFO]: Saving chunks for level 'Let's play world(test)'/Nether
[21:52:44] [Server thread/INFO]: Saving chunks for level 'Let's play world(test)'/The End
[21:52:45] [Server thread/INFO]: Stopping server
[21:52:45] [Server thread/INFO]: Saving players
[21:52:45] [Server thread/INFO]: Saving worlds
[21:52:45] [Server thread/INFO]: Saving chunks for level 'Let's play world(test)'/Overworld
[21:52:45] [Server thread/INFO]: Saving chunks for level 'Let's play world(test)'/Nether
[21:52:45] [Server thread/INFO]: Saving chunks for level 'Let's play world(test)'/The End
[21:52:53] [Client thread/INFO]: Stopping!
[21:52:53] [Client thread/INFO]: SoundSystem shutting down...
[21:52:53] [Client thread/WARN]: Author: Paul Lamb, www.paulscode.com
